<?xml version="1.0" encoding="UTF-8"?>
<coverage generated="1763068326198" clover="3.2.0">
  <project timestamp="1763068326198" name="All files">
    <metrics statements="1712" coveredstatements="1640" conditionals="1268" coveredconditionals="1060" methods="672" coveredmethods="635" elements="3652" coveredelements="3335" complexity="0" loc="1712" ncloc="1712" packages="24" files="64" classes="64"/>
    <package name="src">
      <metrics statements="85" coveredstatements="76" conditionals="29" coveredconditionals="20" methods="40" coveredmethods="36"/>
      <file name="seed.ts" path="D:\WORK\python_proj\skills_tracking\src\seed.ts">
        <metrics statements="17" coveredstatements="17" conditionals="0" coveredconditionals="0" methods="16" coveredmethods="16"/>
        <line num="3" count="1" type="stmt"/>
        <line num="16" count="6" type="stmt"/>
        <line num="20" count="30" type="stmt"/>
        <line num="32" count="5" type="stmt"/>
        <line num="36" count="25" type="stmt"/>
        <line num="45" count="2" type="stmt"/>
        <line num="49" count="10" type="stmt"/>
        <line num="62" count="6" type="stmt"/>
        <line num="66" count="30" type="stmt"/>
        <line num="83" count="10" type="stmt"/>
        <line num="87" count="50" type="stmt"/>
        <line num="103" count="9" type="stmt"/>
        <line num="107" count="45" type="stmt"/>
        <line num="120" count="6" type="stmt"/>
        <line num="124" count="30" type="stmt"/>
        <line num="134" count="3" type="stmt"/>
        <line num="138" count="15" type="stmt"/>
      </file>
      <file name="state.ts" path="D:\WORK\python_proj\skills_tracking\src\state.ts">
        <metrics statements="40" coveredstatements="35" conditionals="12" coveredconditionals="6" methods="16" coveredmethods="12"/>
        <line num="9" count="39" type="stmt"/>
        <line num="10" count="39" type="stmt"/>
        <line num="33" count="39" type="stmt"/>
        <line num="35" count="39" type="stmt"/>
        <line num="50" count="39" type="stmt"/>
        <line num="54" count="1" type="stmt"/>
        <line num="68" count="39" type="stmt"/>
        <line num="70" count="39" type="stmt"/>
        <line num="71" count="4" type="stmt"/>
        <line num="72" count="1" type="stmt"/>
        <line num="74" count="0" type="stmt"/>
        <line num="78" count="4" type="stmt"/>
        <line num="79" count="0" type="stmt"/>
        <line num="84" count="4" type="stmt"/>
        <line num="85" count="4" type="cond" truecount="1" falsecount="1"/>
        <line num="87" count="4" type="cond" truecount="4" falsecount="0"/>
        <line num="89" count="1" type="stmt"/>
        <line num="90" count="1" type="stmt"/>
        <line num="91" count="1" type="stmt"/>
        <line num="92" count="1" type="stmt"/>
        <line num="93" count="1" type="cond" truecount="1" falsecount="1"/>
        <line num="94" count="0" type="stmt"/>
        <line num="96" count="1" type="stmt"/>
        <line num="99" count="1" type="stmt"/>
        <line num="100" count="1" type="stmt"/>
        <line num="101" count="1" type="stmt"/>
        <line num="104" count="1" type="stmt"/>
        <line num="105" count="1" type="stmt"/>
        <line num="106" count="1" type="stmt"/>
        <line num="107" count="1" type="stmt"/>
        <line num="108" count="1" type="stmt"/>
        <line num="109" count="0" type="cond" truecount="0" falsecount="4"/>
        <line num="110" count="0" type="stmt"/>
        <line num="113" count="1" type="stmt"/>
        <line num="115" count="1" type="stmt"/>
        <line num="118" count="1" type="stmt"/>
        <line num="119" count="1" type="stmt"/>
        <line num="120" count="1" type="stmt"/>
        <line num="124" count="4" type="stmt"/>
        <line num="127" count="39" type="stmt"/>
      </file>
      <file name="storage.ts" path="D:\WORK\python_proj\skills_tracking\src\storage.ts">
        <metrics statements="27" coveredstatements="23" conditionals="17" coveredconditionals="14" methods="8" coveredmethods="8"/>
        <line num="4" count="1" type="stmt"/>
        <line num="5" count="1" type="stmt"/>
        <line num="8" count="8" type="stmt"/>
        <line num="9" count="8" type="cond" truecount="2" falsecount="0"/>
        <line num="13" count="1" type="stmt"/>
        <line num="17" count="24" type="stmt"/>
        <line num="18" count="24" type="stmt"/>
        <line num="19" count="24" type="cond" truecount="2" falsecount="0"/>
        <line num="20" count="24" type="cond" truecount="2" falsecount="0"/>
        <line num="22" count="0" type="stmt"/>
        <line num="27" count="19" type="stmt"/>
        <line num="28" count="19" type="cond" truecount="2" falsecount="0"/>
        <line num="29" count="1" type="stmt"/>
        <line num="30" count="1" type="stmt"/>
        <line num="35" count="19" type="cond" truecount="2" falsecount="0"/>
        <line num="39" count="5" type="stmt"/>
        <line num="40" count="5" type="stmt"/>
        <line num="41" count="5" type="stmt"/>
        <line num="42" count="5" type="cond" truecount="1" falsecount="1"/>
        <line num="43" count="0" type="stmt"/>
        <line num="45" count="0" type="cond" truecount="0" falsecount="2"/>
        <line num="47" count="0" type="stmt"/>
        <line num="52" count="13" type="stmt"/>
        <line num="53" count="13" type="stmt"/>
        <line num="57" count="1" type="stmt"/>
        <line num="58" count="1" type="stmt"/>
        <line num="59" count="1" type="stmt"/>
      </file>
      <file name="types.ts" path="D:\WORK\python_proj\skills_tracking\src\types.ts">
        <metrics statements="1" coveredstatements="1" conditionals="0" coveredconditionals="0" methods="0" coveredmethods="0"/>
        <line num="38" count="1" type="stmt"/>
      </file>
    </package>
    <package name="src.components">
      <metrics statements="79" coveredstatements="76" conditionals="90" coveredconditionals="85" methods="39" coveredmethods="36"/>
      <file name="EmptyState.tsx" path="D:\WORK\python_proj\skills_tracking\src\components\EmptyState.tsx">
        <metrics statements="1" coveredstatements="1" conditionals="5" coveredconditionals="5" methods="1" coveredmethods="1"/>
        <line num="12" count="99" type="stmt"/>
      </file>
      <file name="Modal.tsx" path="D:\WORK\python_proj\skills_tracking\src\components\Modal.tsx">
        <metrics statements="8" coveredstatements="8" conditionals="11" coveredconditionals="9" methods="5" coveredmethods="5"/>
        <line num="13" count="736" type="stmt"/>
        <line num="15" count="352" type="cond" truecount="1" falsecount="1"/>
        <line num="17" count="579" type="cond" truecount="2" falsecount="0"/>
        <line num="18" count="579" type="stmt"/>
        <line num="21" count="736" type="cond" truecount="2" falsecount="0"/>
        <line num="23" count="484" type="cond" truecount="1" falsecount="1"/>
        <line num="25" count="736" type="stmt"/>
        <line num="27" count="89" type="stmt"/>
      </file>
      <file name="ModalActions.tsx" path="D:\WORK\python_proj\skills_tracking\src\components\ModalActions.tsx">
        <metrics statements="6" coveredstatements="6" conditionals="11" coveredconditionals="10" methods="2" coveredmethods="2"/>
        <line num="4" count="6" type="stmt"/>
        <line num="32" count="6" type="stmt"/>
        <line num="33" count="478" type="cond" truecount="4" falsecount="0"/>
        <line num="34" count="478" type="stmt"/>
        <line num="38" count="478" type="stmt"/>
        <line num="43" count="732" type="stmt"/>
      </file>
      <file name="SegmentedLevelInput.tsx" path="D:\WORK\python_proj\skills_tracking\src\components\SegmentedLevelInput.tsx">
        <metrics statements="11" coveredstatements="11" conditionals="12" coveredconditionals="11" methods="6" coveredmethods="6"/>
        <line num="18" count="2" type="stmt"/>
        <line num="28" count="163" type="stmt"/>
        <line num="30" count="163" type="stmt"/>
        <line num="31" count="3" type="cond" truecount="1" falsecount="1"/>
        <line num="32" count="3" type="cond" truecount="2" falsecount="0"/>
        <line num="33" count="3" type="stmt"/>
        <line num="36" count="163" type="stmt"/>
        <line num="43" count="1630" type="stmt"/>
        <line num="44" count="1630" type="cond" truecount="2" falsecount="0"/>
        <line num="45" count="1630" type="stmt"/>
        <line num="50" count="3" type="stmt"/>
      </file>
      <file name="SkillProgress.tsx" path="D:\WORK\python_proj\skills_tracking\src\components\SkillProgress.tsx">
        <metrics statements="23" coveredstatements="23" conditionals="40" coveredconditionals="39" methods="4" coveredmethods="4"/>
        <line num="14" count="3" type="stmt"/>
        <line num="30" count="14" type="cond" truecount="1" falsecount="1"/>
        <line num="31" count="14" type="stmt"/>
        <line num="32" count="14" type="stmt"/>
        <line num="33" count="14" type="cond" truecount="2" falsecount="0"/>
        <line num="34" count="14" type="stmt"/>
        <line num="36" count="14" type="stmt"/>
        <line num="37" count="14" type="stmt"/>
        <line num="38" count="14" type="cond" truecount="2" falsecount="0"/>
        <line num="39" count="14" type="stmt"/>
        <line num="40" count="14" type="cond" truecount="2" falsecount="0"/>
        <line num="41" count="14" type="stmt"/>
        <line num="42" count="14" type="stmt"/>
        <line num="43" count="140" type="stmt"/>
        <line num="44" count="14" type="stmt"/>
        <line num="45" count="140" type="cond" truecount="2" falsecount="0"/>
        <line num="46" count="60" type="cond" truecount="2" falsecount="0"/>
        <line num="47" count="43" type="cond" truecount="2" falsecount="0"/>
        <line num="48" count="6" type="cond" truecount="2" falsecount="0"/>
        <line num="49" count="5" type="stmt"/>
        <line num="52" count="14" type="stmt"/>
        <line num="82" count="140" type="stmt"/>
        <line num="83" count="140" type="stmt"/>
      </file>
      <file name="Toast.tsx" path="D:\WORK\python_proj\skills_tracking\src\components\Toast.tsx">
        <metrics statements="30" coveredstatements="27" conditionals="11" coveredconditionals="11" methods="21" coveredmethods="18"/>
        <line num="22" count="6" type="stmt"/>
        <line num="34" count="4" type="stmt"/>
        <line num="41" count="8" type="stmt"/>
        <line num="43" count="8" type="stmt"/>
        <line num="44" count="4" type="cond" truecount="2" falsecount="0"/>
        <line num="45" count="4" type="cond" truecount="2" falsecount="0"/>
        <line num="46" count="3" type="stmt"/>
        <line num="47" count="2" type="stmt"/>
        <line num="48" count="2" type="stmt"/>
        <line num="50" count="3" type="stmt"/>
        <line num="51" count="3" type="stmt"/>
        <line num="54" count="1" type="stmt"/>
        <line num="57" count="8" type="stmt"/>
        <line num="64" count="8" type="stmt"/>
        <line num="71" count="8" type="stmt"/>
        <line num="92" count="1" type="stmt"/>
        <line num="93" count="1" type="stmt"/>
        <line num="111" count="2" type="stmt"/>
        <line num="112" count="2" type="stmt"/>
        <line num="136" count="3" type="stmt"/>
        <line num="138" count="3" type="cond" truecount="1" falsecount="0"/>
        <line num="142" count="1" type="stmt"/>
        <line num="143" count="1" type="stmt"/>
        <line num="146" count="3" type="stmt"/>
        <line num="147" count="1" type="stmt"/>
        <line num="150" count="3" type="stmt"/>
        <line num="154" count="1" type="stmt"/>
        <line num="155" count="0" type="stmt"/>
        <line num="156" count="0" type="stmt"/>
        <line num="157" count="0" type="stmt"/>
      </file>
    </package>
    <package name="src.components.LevelEditor">
      <metrics statements="51" coveredstatements="50" conditionals="32" coveredconditionals="27" methods="24" coveredmethods="23"/>
      <file name="LevelEditor.tsx" path="D:\WORK\python_proj\skills_tracking\src\components\LevelEditor\LevelEditor.tsx">
        <metrics statements="38" coveredstatements="38" conditionals="18" coveredconditionals="13" methods="14" coveredmethods="14"/>
        <line num="13" count="1" type="stmt"/>
        <line num="14" count="11" type="stmt"/>
        <line num="15" count="11" type="stmt"/>
        <line num="17" count="11" type="stmt"/>
        <line num="18" count="2" type="stmt"/>
        <line num="20" count="3" type="cond" truecount="2" falsecount="0"/>
        <line num="22" count="2" type="stmt"/>
        <line num="25" count="11" type="stmt"/>
        <line num="26" count="1" type="stmt"/>
        <line num="27" count="1" type="cond" truecount="1" falsecount="1"/>
        <line num="28" count="1" type="stmt"/>
        <line num="31" count="11" type="stmt"/>
        <line num="32" count="1" type="stmt"/>
        <line num="33" count="1" type="cond" truecount="1" falsecount="1"/>
        <line num="34" count="1" type="cond" truecount="1" falsecount="1"/>
        <line num="35" count="1" type="stmt"/>
        <line num="36" count="1" type="cond" truecount="3" falsecount="1"/>
        <line num="38" count="1" type="stmt"/>
        <line num="39" count="1" type="stmt"/>
        <line num="40" count="1" type="stmt"/>
        <line num="41" count="1" type="stmt"/>
        <line num="44" count="11" type="stmt"/>
        <line num="45" count="2" type="stmt"/>
        <line num="48" count="11" type="stmt"/>
        <line num="49" count="1" type="stmt"/>
        <line num="50" count="1" type="stmt"/>
        <line num="53" count="11" type="stmt"/>
        <line num="54" count="1" type="stmt"/>
        <line num="55" count="1" type="stmt"/>
        <line num="58" count="11" type="stmt"/>
        <line num="59" count="2" type="cond" truecount="2" falsecount="0"/>
        <line num="60" count="1" type="stmt"/>
        <line num="62" count="1" type="cond" truecount="1" falsecount="1"/>
        <line num="65" count="1" type="stmt"/>
        <line num="69" count="11" type="stmt"/>
        <line num="88" count="2" type="stmt"/>
        <line num="91" count="2" type="stmt"/>
        <line num="92" count="2" type="stmt"/>
      </file>
      <file name="LevelHeader.tsx" path="D:\WORK\python_proj\skills_tracking\src\components\LevelEditor\LevelHeader.tsx">
        <metrics statements="2" coveredstatements="2" conditionals="2" coveredconditionals="2" methods="1" coveredmethods="1"/>
        <line num="10" count="1" type="stmt"/>
        <line num="11" count="11" type="stmt"/>
      </file>
      <file name="TaskList.tsx" path="D:\WORK\python_proj\skills_tracking\src\components\LevelEditor\TaskList.tsx">
        <metrics statements="8" coveredstatements="7" conditionals="0" coveredconditionals="0" methods="7" coveredmethods="6"/>
        <line num="14" count="1" type="stmt"/>
        <line num="15" count="11" type="stmt"/>
        <line num="17" count="14" type="stmt"/>
        <line num="23" count="2" type="stmt"/>
        <line num="24" count="1" type="stmt"/>
        <line num="25" count="1" type="stmt"/>
        <line num="26" count="0" type="stmt"/>
        <line num="27" count="1" type="stmt"/>
      </file>
      <file name="TaskListItem.tsx" path="D:\WORK\python_proj\skills_tracking\src\components\LevelEditor\TaskListItem.tsx">
        <metrics statements="3" coveredstatements="3" conditionals="12" coveredconditionals="12" methods="2" coveredmethods="2"/>
        <line num="16" count="2" type="stmt"/>
        <line num="27" count="21" type="stmt"/>
        <line num="31" count="2" type="cond" truecount="2" falsecount="0"/>
      </file>
    </package>
    <package name="src.components.MultiAssignTaskModal">
      <metrics statements="42" coveredstatements="42" conditionals="30" coveredconditionals="28" methods="23" coveredmethods="23"/>
      <file name="AssigneeSelector.tsx" path="D:\WORK\python_proj\skills_tracking\src\components\MultiAssignTaskModal\AssigneeSelector.tsx">
        <metrics statements="5" coveredstatements="5" conditionals="5" coveredconditionals="5" methods="4" coveredmethods="4"/>
        <line num="13" count="4" type="stmt"/>
        <line num="20" count="56" type="stmt"/>
        <line num="26" count="6" type="stmt"/>
        <line num="36" count="57" type="stmt"/>
        <line num="45" count="4" type="stmt"/>
      </file>
      <file name="FormControls.tsx" path="D:\WORK\python_proj\skills_tracking\src\components\MultiAssignTaskModal\FormControls.tsx">
        <metrics statements="8" coveredstatements="8" conditionals="2" coveredconditionals="2" methods="6" coveredmethods="6"/>
        <line num="3" count="4" type="stmt"/>
        <line num="17" count="4" type="stmt"/>
        <line num="28" count="50" type="stmt"/>
        <line num="35" count="34" type="stmt"/>
        <line num="45" count="2" type="stmt"/>
        <line num="49" count="250" type="stmt"/>
        <line num="56" count="3" type="stmt"/>
        <line num="65" count="2" type="stmt"/>
      </file>
      <file name="MultiAssignTaskModal.tsx" path="D:\WORK\python_proj\skills_tracking\src\components\MultiAssignTaskModal\MultiAssignTaskModal.tsx">
        <metrics statements="19" coveredstatements="19" conditionals="5" coveredconditionals="5" methods="7" coveredmethods="7"/>
        <line num="28" count="2" type="stmt"/>
        <line num="30" count="45" type="stmt"/>
        <line num="32" count="2" type="stmt"/>
        <line num="33" count="46" type="stmt"/>
        <line num="58" count="45" type="stmt"/>
        <line num="66" count="45" type="stmt"/>
        <line num="67" count="3" type="stmt"/>
        <line num="68" count="3" type="stmt"/>
        <line num="71" count="45" type="stmt"/>
        <line num="72" count="5" type="stmt"/>
        <line num="73" count="5" type="cond" truecount="2" falsecount="0"/>
        <line num="74" count="2" type="stmt"/>
        <line num="75" count="2" type="stmt"/>
        <line num="76" count="2" type="stmt"/>
        <line num="79" count="45" type="stmt"/>
        <line num="80" count="45" type="stmt"/>
        <line num="82" count="45" type="stmt"/>
        <line num="105" count="32" type="stmt"/>
        <line num="106" count="32" type="cond" truecount="2" falsecount="0"/>
      </file>
      <file name="SkillBoard.tsx" path="D:\WORK\python_proj\skills_tracking\src\components\MultiAssignTaskModal\SkillBoard.tsx">
        <metrics statements="10" coveredstatements="10" conditionals="18" coveredconditionals="16" methods="6" coveredmethods="6"/>
        <line num="21" count="2" type="stmt"/>
        <line num="33" count="42" type="stmt"/>
        <line num="37" count="5" type="stmt"/>
        <line num="43" count="5" type="stmt"/>
        <line num="47" count="10" type="cond" truecount="2" falsecount="0"/>
        <line num="48" count="10" type="stmt"/>
        <line num="49" count="10" type="stmt"/>
        <line num="56" count="10" type="stmt"/>
        <line num="63" count="3" type="stmt"/>
        <line num="72" count="1" type="stmt"/>
      </file>
    </package>
    <package name="src.components.PageHeader">
      <metrics statements="10" coveredstatements="8" conditionals="6" coveredconditionals="4" methods="3" coveredmethods="3"/>
      <file name="PageHeader.tsx" path="D:\WORK\python_proj\skills_tracking\src\components\PageHeader\PageHeader.tsx">
        <metrics statements="10" coveredstatements="8" conditionals="6" coveredconditionals="4" methods="3" coveredmethods="3"/>
        <line num="9" count="2" type="stmt"/>
        <line num="10" count="23" type="cond" truecount="1" falsecount="1"/>
        <line num="11" count="23" type="stmt"/>
        <line num="13" count="0" type="stmt"/>
        <line num="16" count="2" type="stmt"/>
        <line num="17" count="23" type="cond" truecount="1" falsecount="1"/>
        <line num="18" count="23" type="stmt"/>
        <line num="20" count="0" type="stmt"/>
        <line num="23" count="2" type="stmt"/>
        <line num="24" count="23" type="stmt"/>
      </file>
    </package>
    <package name="src.components.SectionCard">
      <metrics statements="13" coveredstatements="13" conditionals="11" coveredconditionals="11" methods="3" coveredmethods="3"/>
      <file name="SectionCard.tsx" path="D:\WORK\python_proj\skills_tracking\src\components\SectionCard\SectionCard.tsx">
        <metrics statements="13" coveredstatements="13" conditionals="11" coveredconditionals="11" methods="3" coveredmethods="3"/>
        <line num="11" count="4" type="stmt"/>
        <line num="12" count="75" type="cond" truecount="2" falsecount="0"/>
        <line num="13" count="74" type="stmt"/>
        <line num="15" count="1" type="stmt"/>
        <line num="18" count="4" type="stmt"/>
        <line num="19" count="73" type="cond" truecount="2" falsecount="0"/>
        <line num="20" count="72" type="stmt"/>
        <line num="22" count="1" type="stmt"/>
        <line num="25" count="4" type="stmt"/>
        <line num="32" count="75" type="stmt"/>
        <line num="33" count="75" type="cond" truecount="2" falsecount="0"/>
        <line num="34" count="75" type="cond" truecount="2" falsecount="0"/>
        <line num="36" count="75" type="stmt"/>
      </file>
    </package>
    <package name="src.components.TaskBoard">
      <metrics statements="97" coveredstatements="97" conditionals="94" coveredconditionals="82" methods="30" coveredmethods="30"/>
      <file name="TaskCard.tsx" path="D:\WORK\python_proj\skills_tracking\src\components\TaskBoard\TaskCard.tsx">
        <metrics statements="10" coveredstatements="10" conditionals="17" coveredconditionals="15" methods="4" coveredmethods="4"/>
        <line num="16" count="1" type="stmt"/>
        <line num="26" count="208" type="stmt"/>
        <line num="62" count="1" type="stmt"/>
        <line num="63" count="1" type="stmt"/>
        <line num="73" count="1" type="stmt"/>
        <line num="74" count="1" type="stmt"/>
        <line num="88" count="52" type="stmt"/>
        <line num="89" count="52" type="cond" truecount="1" falsecount="1"/>
        <line num="90" count="52" type="cond" truecount="2" falsecount="0"/>
        <line num="91" count="52" type="stmt"/>
      </file>
      <file name="TaskColumn.tsx" path="D:\WORK\python_proj\skills_tracking\src\components\TaskBoard\TaskColumn.tsx">
        <metrics statements="10" coveredstatements="10" conditionals="6" coveredconditionals="5" methods="5" coveredmethods="5"/>
        <line num="19" count="2" type="stmt"/>
        <line num="32" count="816" type="cond" truecount="2" falsecount="0"/>
        <line num="33" count="816" type="stmt"/>
        <line num="35" count="816" type="stmt"/>
        <line num="39" count="4" type="stmt"/>
        <line num="40" count="4" type="stmt"/>
        <line num="44" count="4" type="stmt"/>
        <line num="45" count="4" type="stmt"/>
        <line num="54" count="213" type="stmt"/>
        <line num="59" count="1" type="stmt"/>
      </file>
      <file name="TaskViewModal.tsx" path="D:\WORK\python_proj\skills_tracking\src\components\TaskBoard\TaskViewModal.tsx">
        <metrics statements="69" coveredstatements="69" conditionals="61" coveredconditionals="52" methods="17" coveredmethods="17"/>
        <line num="38" count="2" type="stmt"/>
        <line num="62" count="292" type="stmt"/>
        <line num="63" count="292" type="stmt"/>
        <line num="64" count="292" type="stmt"/>
        <line num="65" count="292" type="stmt"/>
        <line num="67" count="292" type="stmt"/>
        <line num="68" count="190" type="stmt"/>
        <line num="71" count="292" type="stmt"/>
        <line num="72" count="57" type="cond" truecount="2" falsecount="0"/>
        <line num="73" count="29" type="stmt"/>
        <line num="74" count="29" type="cond" truecount="2" falsecount="0"/>
        <line num="75" count="57" type="stmt"/>
        <line num="76" count="57" type="cond" truecount="2" falsecount="0"/>
        <line num="77" count="57" type="stmt"/>
        <line num="78" count="57" type="stmt"/>
        <line num="79" count="57" type="stmt"/>
        <line num="80" count="57" type="stmt"/>
        <line num="81" count="18" type="stmt"/>
        <line num="82" count="18" type="stmt"/>
        <line num="83" count="16" type="cond" truecount="2" falsecount="0"/>
        <line num="86" count="29" type="stmt"/>
        <line num="89" count="292" type="stmt"/>
        <line num="90" count="57" type="stmt"/>
        <line num="93" count="292" type="stmt"/>
        <line num="94" count="50" type="cond" truecount="2" falsecount="0"/>
        <line num="95" count="6" type="stmt"/>
        <line num="96" count="6" type="cond" truecount="2" falsecount="0"/>
        <line num="97" count="1" type="stmt"/>
        <line num="100" count="6" type="stmt"/>
        <line num="101" count="6" type="stmt"/>
        <line num="104" count="292" type="stmt"/>
        <line num="105" count="292" type="stmt"/>
        <line num="106" count="292" type="stmt"/>
        <line num="108" count="292" type="stmt"/>
        <line num="109" count="181" type="cond" truecount="2" falsecount="0"/>
        <line num="110" count="150" type="stmt"/>
        <line num="119" count="292" type="stmt"/>
        <line num="121" count="292" type="stmt"/>
        <line num="122" count="6" type="stmt"/>
        <line num="123" count="6" type="stmt"/>
        <line num="126" count="292" type="stmt"/>
        <line num="127" count="5" type="stmt"/>
        <line num="128" count="5" type="stmt"/>
        <line num="129" count="5" type="stmt"/>
        <line num="132" count="292" type="stmt"/>
        <line num="133" count="8" type="cond" truecount="3" falsecount="1"/>
        <line num="134" count="8" type="stmt"/>
        <line num="135" count="8" type="cond" truecount="2" falsecount="0"/>
        <line num="136" count="8" type="cond" truecount="4" falsecount="0"/>
        <line num="137" count="8" type="cond" truecount="3" falsecount="1"/>
        <line num="138" count="8" type="cond" truecount="2" falsecount="0"/>
        <line num="139" count="8" type="stmt"/>
        <line num="146" count="8" type="cond" truecount="2" falsecount="0"/>
        <line num="147" count="4" type="stmt"/>
        <line num="151" count="292" type="stmt"/>
        <line num="152" count="3" type="cond" truecount="1" falsecount="1"/>
        <line num="153" count="3" type="cond" truecount="2" falsecount="0"/>
        <line num="154" count="2" type="stmt"/>
        <line num="157" count="292" type="stmt"/>
        <line num="158" count="3" type="cond" truecount="1" falsecount="1"/>
        <line num="159" count="3" type="stmt"/>
        <line num="160" count="3" type="cond" truecount="1" falsecount="1"/>
        <line num="161" count="3" type="stmt"/>
        <line num="162" count="3" type="stmt"/>
        <line num="165" count="292" type="stmt"/>
        <line num="166" count="2" type="cond" truecount="3" falsecount="1"/>
        <line num="167" count="2" type="stmt"/>
        <line num="170" count="292" type="cond" truecount="2" falsecount="0"/>
        <line num="172" count="210" type="stmt"/>
      </file>
      <file name="taskActivity.ts" path="D:\WORK\python_proj\skills_tracking\src\components\TaskBoard\taskActivity.ts">
        <metrics statements="8" coveredstatements="8" conditionals="10" coveredconditionals="10" methods="4" coveredmethods="4"/>
        <line num="7" count="3" type="stmt"/>
        <line num="8" count="60" type="cond" truecount="2" falsecount="0"/>
        <line num="10" count="31" type="cond" truecount="2" falsecount="0"/>
        <line num="11" count="60" type="cond" truecount="2" falsecount="0"/>
        <line num="13" count="60" type="stmt"/>
        <line num="14" count="9" type="cond" truecount="2" falsecount="0"/>
        <line num="15" count="9" type="cond" truecount="2" falsecount="0"/>
        <line num="16" count="9" type="stmt"/>
      </file>
    </package>
    <package name="src.components.TaskBoard.TaskViewModal">
      <metrics statements="26" coveredstatements="26" conditionals="18" coveredconditionals="18" methods="14" coveredmethods="14"/>
      <file name="Footer.tsx" path="D:\WORK\python_proj\skills_tracking\src\components\TaskBoard\TaskViewModal\Footer.tsx">
        <metrics statements="2" coveredstatements="2" conditionals="2" coveredconditionals="2" methods="1" coveredmethods="1"/>
        <line num="12" count="2" type="stmt"/>
        <line num="13" count="210" type="stmt"/>
      </file>
      <file name="Header.tsx" path="D:\WORK\python_proj\skills_tracking\src\components\TaskBoard\TaskViewModal\Header.tsx">
        <metrics statements="5" coveredstatements="5" conditionals="10" coveredconditionals="10" methods="4" coveredmethods="4"/>
        <line num="18" count="2" type="stmt"/>
        <line num="31" count="210" type="stmt"/>
        <line num="36" count="43" type="stmt"/>
        <line num="54" count="30" type="stmt"/>
        <line num="59" count="5" type="stmt"/>
      </file>
      <file name="Sections.tsx" path="D:\WORK\python_proj\skills_tracking\src\components\TaskBoard\TaskViewModal\Sections.tsx">
        <metrics statements="19" coveredstatements="19" conditionals="6" coveredconditionals="6" methods="9" coveredmethods="9"/>
        <line num="5" count="4" type="stmt"/>
        <line num="16" count="4" type="stmt"/>
        <line num="24" count="222" type="stmt"/>
        <line num="30" count="3" type="stmt"/>
        <line num="34" count="1110" type="stmt"/>
        <line num="42" count="59" type="stmt"/>
        <line num="52" count="3" type="stmt"/>
        <line num="65" count="4" type="stmt"/>
        <line num="66" count="215" type="stmt"/>
        <line num="70" count="17" type="cond" truecount="2" falsecount="0"/>
        <line num="71" count="7" type="stmt"/>
        <line num="72" count="7" type="cond" truecount="2" falsecount="0"/>
        <line num="73" count="7" type="stmt"/>
        <line num="74" count="7" type="stmt"/>
        <line num="83" count="10" type="stmt"/>
        <line num="84" count="10" type="stmt"/>
        <line num="105" count="4" type="stmt"/>
        <line num="106" count="230" type="stmt"/>
        <line num="110" count="59" type="stmt"/>
      </file>
    </package>
    <package name="src.components.TaskModal">
      <metrics statements="37" coveredstatements="33" conditionals="22" coveredconditionals="19" methods="14" coveredmethods="12"/>
      <file name="FormFields.tsx" path="D:\WORK\python_proj\skills_tracking\src\components\TaskModal\FormFields.tsx">
        <metrics statements="9" coveredstatements="8" conditionals="6" coveredconditionals="4" methods="6" coveredmethods="5"/>
        <line num="3" count="2" type="stmt"/>
        <line num="19" count="2" type="stmt"/>
        <line num="32" count="67" type="stmt"/>
        <line num="44" count="44" type="stmt"/>
        <line num="45" count="44" type="cond" truecount="1" falsecount="1"/>
        <line num="55" count="18" type="stmt"/>
        <line num="65" count="1" type="stmt"/>
        <line num="69" count="335" type="stmt"/>
        <line num="79" count="0" type="stmt"/>
      </file>
      <file name="TaskModal.tsx" path="D:\WORK\python_proj\skills_tracking\src\components\TaskModal\TaskModal.tsx">
        <metrics statements="28" coveredstatements="25" conditionals="16" coveredconditionals="15" methods="8" coveredmethods="7"/>
        <line num="14" count="2" type="stmt"/>
        <line num="16" count="3" type="cond" truecount="2" falsecount="0"/>
        <line num="18" count="3" type="cond" truecount="2" falsecount="0"/>
        <line num="20" count="81" type="stmt"/>
        <line num="22" count="2" type="stmt"/>
        <line num="23" count="78" type="stmt"/>
        <line num="24" count="78" type="stmt"/>
        <line num="25" count="78" type="stmt"/>
        <line num="26" count="78" type="stmt"/>
        <line num="27" count="78" type="stmt"/>
        <line num="29" count="78" type="stmt"/>
        <line num="31" count="78" type="stmt"/>
        <line num="32" count="12" type="cond" truecount="2" falsecount="0"/>
        <line num="33" count="3" type="cond" truecount="2" falsecount="0"/>
        <line num="34" count="12" type="cond" truecount="2" falsecount="0"/>
        <line num="35" count="12" type="stmt"/>
        <line num="36" count="12" type="cond" truecount="2" falsecount="0"/>
        <line num="37" count="12" type="stmt"/>
        <line num="40" count="78" type="stmt"/>
        <line num="41" count="3" type="cond" truecount="1" falsecount="1"/>
        <line num="42" count="0" type="stmt"/>
        <line num="43" count="0" type="stmt"/>
        <line num="46" count="3" type="stmt"/>
        <line num="47" count="3" type="stmt"/>
        <line num="55" count="3" type="stmt"/>
        <line num="56" count="3" type="stmt"/>
        <line num="59" count="78" type="stmt"/>
        <line num="84" count="0" type="stmt"/>
      </file>
    </package>
    <package name="src.hooks">
      <metrics statements="85" coveredstatements="80" conditionals="41" coveredconditionals="36" methods="25" coveredmethods="25"/>
      <file name="useFormState.ts" path="D:\WORK\python_proj\skills_tracking\src\hooks\useFormState.ts">
        <metrics statements="71" coveredstatements="66" conditionals="34" coveredconditionals="29" methods="17" coveredmethods="17"/>
        <line num="16" count="102" type="cond" truecount="3" falsecount="0"/>
        <line num="20" count="467" type="stmt"/>
        <line num="21" count="467" type="stmt"/>
        <line num="23" count="467" type="stmt"/>
        <line num="25" count="112" type="stmt"/>
        <line num="26" count="112" type="stmt"/>
        <line num="27" count="112" type="stmt"/>
        <line num="28" count="112" type="cond" truecount="2" falsecount="0"/>
        <line num="29" count="111" type="stmt"/>
        <line num="30" count="111" type="stmt"/>
        <line num="31" count="111" type="cond" truecount="2" falsecount="0"/>
        <line num="32" count="91" type="cond" truecount="2" falsecount="0"/>
        <line num="33" count="9" type="stmt"/>
        <line num="34" count="9" type="stmt"/>
        <line num="35" count="9" type="stmt"/>
        <line num="37" count="20" type="stmt"/>
        <line num="40" count="1" type="stmt"/>
        <line num="41" count="1" type="cond" truecount="1" falsecount="1"/>
        <line num="42" count="1" type="stmt"/>
        <line num="43" count="1" type="stmt"/>
        <line num="44" count="1" type="stmt"/>
        <line num="47" count="112" type="stmt"/>
        <line num="53" count="467" type="stmt"/>
        <line num="54" count="8" type="stmt"/>
        <line num="55" count="8" type="stmt"/>
        <line num="56" count="8" type="stmt"/>
        <line num="58" count="8" type="stmt"/>
        <line num="59" count="8" type="cond" truecount="2" falsecount="0"/>
        <line num="60" count="1" type="stmt"/>
        <line num="61" count="1" type="stmt"/>
        <line num="62" count="1" type="stmt"/>
        <line num="63" count="2" type="stmt"/>
        <line num="64" count="2" type="cond" truecount="1" falsecount="1"/>
        <line num="65" count="0" type="stmt"/>
        <line num="66" count="0" type="stmt"/>
        <line num="68" count="2" type="stmt"/>
        <line num="69" count="2" type="cond" truecount="2" falsecount="0"/>
        <line num="70" count="1" type="stmt"/>
        <line num="72" count="1" type="stmt"/>
        <line num="76" count="467" type="stmt"/>
        <line num="77" count="12" type="stmt"/>
        <line num="78" count="12" type="stmt"/>
        <line num="81" count="467" type="stmt"/>
        <line num="82" count="7" type="cond" truecount="4" falsecount="0"/>
        <line num="83" count="1" type="stmt"/>
        <line num="85" count="6" type="stmt"/>
        <line num="86" count="6" type="stmt"/>
        <line num="87" count="15" type="stmt"/>
        <line num="88" count="15" type="cond" truecount="1" falsecount="1"/>
        <line num="89" count="15" type="stmt"/>
        <line num="90" count="15" type="cond" truecount="2" falsecount="0"/>
        <line num="91" count="6" type="stmt"/>
        <line num="94" count="6" type="stmt"/>
        <line num="95" count="6" type="stmt"/>
        <line num="98" count="467" type="stmt"/>
        <line num="99" count="865" type="stmt"/>
        <line num="102" count="102" type="cond" truecount="2" falsecount="0"/>
        <line num="105" count="102" type="stmt"/>
        <line num="108" count="10" type="stmt"/>
        <line num="109" count="10" type="cond" truecount="1" falsecount="1"/>
        <line num="110" count="10" type="stmt"/>
        <line num="111" count="10" type="stmt"/>
        <line num="112" count="10" type="cond" truecount="2" falsecount="0"/>
        <line num="113" count="8" type="cond" truecount="1" falsecount="1"/>
        <line num="114" count="0" type="stmt"/>
        <line num="115" count="0" type="stmt"/>
        <line num="116" count="0" type="stmt"/>
        <line num="118" count="2" type="stmt"/>
        <line num="125" count="467" type="stmt"/>
        <line num="127" count="467" type="stmt"/>
        <line num="129" count="467" type="stmt"/>
      </file>
      <file name="useModalState.ts" path="D:\WORK\python_proj\skills_tracking\src\hooks\useModalState.ts">
        <metrics statements="14" coveredstatements="14" conditionals="7" coveredconditionals="7" methods="8" coveredmethods="8"/>
        <line num="21" count="243" type="stmt"/>
        <line num="26" count="243" type="stmt"/>
        <line num="27" count="7" type="stmt"/>
        <line num="30" count="243" type="stmt"/>
        <line num="31" count="4" type="stmt"/>
        <line num="34" count="243" type="stmt"/>
        <line num="35" count="5" type="stmt"/>
        <line num="36" count="5" type="cond" truecount="2" falsecount="0"/>
        <line num="37" count="5" type="stmt"/>
        <line num="44" count="243" type="stmt"/>
        <line num="45" count="6" type="stmt"/>
        <line num="46" count="6" type="cond" truecount="2" falsecount="0"/>
        <line num="47" count="6" type="stmt"/>
        <line num="51" count="243" type="stmt"/>
      </file>
    </package>
    <package name="src.hooks.fighters">
      <metrics statements="124" coveredstatements="105" conditionals="55" coveredconditionals="35" methods="34" coveredmethods="30"/>
      <file name="useFighterState.ts" path="D:\WORK\python_proj\skills_tracking\src\hooks\fighters\useFighterState.ts">
        <metrics statements="124" coveredstatements="105" conditionals="55" coveredconditionals="35" methods="34" coveredmethods="30"/>
        <line num="39" count="53" type="stmt"/>
        <line num="40" count="0" type="stmt"/>
        <line num="42" count="53" type="stmt"/>
        <line num="43" count="53" type="stmt"/>
        <line num="44" count="0" type="stmt"/>
        <line num="46" count="53" type="stmt"/>
        <line num="47" count="0" type="stmt"/>
        <line num="49" count="53" type="stmt"/>
        <line num="50" count="0" type="stmt"/>
        <line num="53" count="53" type="stmt"/>
        <line num="54" count="15" type="stmt"/>
        <line num="55" count="15" type="stmt"/>
        <line num="56" count="110" type="stmt"/>
        <line num="57" count="617" type="stmt"/>
        <line num="60" count="15" type="stmt"/>
        <line num="63" count="53" type="stmt"/>
        <line num="64" count="14" type="stmt"/>
        <line num="67" count="53" type="stmt"/>
        <line num="68" count="18" type="stmt"/>
        <line num="71" count="53" type="stmt"/>
        <line num="72" count="18" type="stmt"/>
        <line num="75" count="53" type="stmt"/>
        <line num="76" count="9" type="stmt"/>
        <line num="79" count="53" type="stmt"/>
        <line num="80" count="15" type="cond" truecount="1" falsecount="1"/>
        <line num="81" count="15" type="stmt"/>
        <line num="82" count="15" type="stmt"/>
        <line num="83" count="15" type="stmt"/>
        <line num="84" count="15" type="stmt"/>
        <line num="85" count="0" type="stmt"/>
        <line num="86" count="0" type="stmt"/>
        <line num="87" count="0" type="cond" truecount="0" falsecount="2"/>
        <line num="89" count="0" type="cond" truecount="0" falsecount="2"/>
        <line num="90" count="0" type="cond" truecount="0" falsecount="4"/>
        <line num="91" count="0" type="stmt"/>
        <line num="93" count="0" type="stmt"/>
        <line num="94" count="0" type="cond" truecount="0" falsecount="2"/>
        <line num="95" count="0" type="stmt"/>
        <line num="96" count="0" type="stmt"/>
        <line num="101" count="0" type="stmt"/>
        <line num="103" count="15" type="cond" truecount="1" falsecount="1"/>
        <line num="107" count="53" type="stmt"/>
        <line num="108" count="18" type="stmt"/>
        <line num="109" count="18" type="stmt"/>
        <line num="110" count="18" type="stmt"/>
        <line num="111" count="18" type="stmt"/>
        <line num="112" count="10" type="cond" truecount="1" falsecount="1"/>
        <line num="113" count="10" type="stmt"/>
        <line num="114" count="10" type="stmt"/>
        <line num="115" count="245" type="cond" truecount="2" falsecount="0"/>
        <line num="116" count="245" type="cond" truecount="2" falsecount="0"/>
        <line num="117" count="5" type="stmt"/>
        <line num="118" count="5" type="stmt"/>
        <line num="121" count="10" type="stmt"/>
        <line num="123" count="18" type="cond" truecount="2" falsecount="0"/>
        <line num="127" count="53" type="stmt"/>
        <line num="128" count="18" type="stmt"/>
        <line num="129" count="18" type="stmt"/>
        <line num="130" count="18" type="stmt"/>
        <line num="131" count="18" type="stmt"/>
        <line num="132" count="10" type="cond" truecount="1" falsecount="1"/>
        <line num="133" count="10" type="stmt"/>
        <line num="134" count="10" type="stmt"/>
        <line num="135" count="245" type="stmt"/>
        <line num="136" count="245" type="cond" truecount="2" falsecount="0"/>
        <line num="137" count="9" type="stmt"/>
        <line num="138" count="9" type="cond" truecount="1" falsecount="1"/>
        <line num="139" count="9" type="cond" truecount="4" falsecount="0"/>
        <line num="140" count="4" type="stmt"/>
        <line num="141" count="4" type="stmt"/>
        <line num="145" count="10" type="cond" truecount="4" falsecount="0"/>
        <line num="146" count="3" type="stmt"/>
        <line num="147" count="3" type="stmt"/>
        <line num="150" count="18" type="cond" truecount="2" falsecount="0"/>
        <line num="154" count="53" type="stmt"/>
        <line num="155" count="14" type="cond" truecount="2" falsecount="0"/>
        <line num="156" count="6" type="stmt"/>
        <line num="157" count="6" type="stmt"/>
        <line num="158" count="6" type="stmt"/>
        <line num="159" count="6" type="stmt"/>
        <line num="160" count="6" type="cond" truecount="1" falsecount="1"/>
        <line num="161" count="0" type="stmt"/>
        <line num="162" count="0" type="stmt"/>
        <line num="165" count="6" type="cond" truecount="1" falsecount="1"/>
        <line num="167" count="6" type="stmt"/>
        <line num="168" count="6" type="stmt"/>
        <line num="169" count="6" type="stmt"/>
        <line num="170" count="6" type="stmt"/>
        <line num="171" count="6" type="cond" truecount="1" falsecount="1"/>
        <line num="172" count="0" type="stmt"/>
        <line num="173" count="0" type="stmt"/>
        <line num="176" count="6" type="cond" truecount="1" falsecount="1"/>
        <line num="181" count="5" type="stmt"/>
        <line num="182" count="5" type="stmt"/>
        <line num="183" count="5" type="stmt"/>
        <line num="184" count="5" type="stmt"/>
        <line num="185" count="26" type="stmt"/>
        <line num="186" count="145" type="cond" truecount="2" falsecount="0"/>
        <line num="187" count="145" type="stmt"/>
        <line num="188" count="145" type="stmt"/>
        <line num="191" count="5" type="stmt"/>
        <line num="192" count="5" type="stmt"/>
        <line num="193" count="5" type="stmt"/>
        <line num="197" count="2" type="stmt"/>
        <line num="198" count="2" type="stmt"/>
        <line num="199" count="2" type="stmt"/>
        <line num="200" count="2" type="stmt"/>
        <line num="202" count="2" type="stmt"/>
        <line num="203" count="2" type="stmt"/>
        <line num="204" count="2" type="stmt"/>
        <line num="205" count="2" type="stmt"/>
        <line num="206" count="2" type="stmt"/>
        <line num="208" count="2" type="stmt"/>
        <line num="209" count="2" type="stmt"/>
        <line num="210" count="2" type="stmt"/>
        <line num="211" count="2" type="stmt"/>
        <line num="213" count="2" type="stmt"/>
        <line num="214" count="2" type="stmt"/>
        <line num="215" count="2" type="stmt"/>
        <line num="216" count="2" type="stmt"/>
        <line num="219" count="2" type="stmt"/>
        <line num="221" count="2" type="cond" truecount="1" falsecount="1"/>
        <line num="222" count="2" type="stmt"/>
        <line num="232" count="53" type="stmt"/>
      </file>
    </package>
    <package name="src.hooks.skills">
      <metrics statements="97" coveredstatements="97" conditionals="44" coveredconditionals="36" methods="48" coveredmethods="48"/>
      <file name="useSkillTreeState.ts" path="D:\WORK\python_proj\skills_tracking\src\hooks\skills\useSkillTreeState.ts">
        <metrics statements="97" coveredstatements="97" conditionals="44" coveredconditionals="36" methods="48" coveredmethods="48"/>
        <line num="44" count="78" type="stmt"/>
        <line num="45" count="78" type="stmt"/>
        <line num="46" count="78" type="cond" truecount="2" falsecount="0"/>
        <line num="47" count="78" type="stmt"/>
        <line num="49" count="78" type="stmt"/>
        <line num="50" count="45" type="stmt"/>
        <line num="53" count="78" type="stmt"/>
        <line num="54" count="48" type="stmt"/>
        <line num="58" count="78" type="stmt"/>
        <line num="59" count="52" type="cond" truecount="2" falsecount="0"/>
        <line num="60" count="50" type="cond" truecount="2" falsecount="0"/>
        <line num="61" count="3" type="stmt"/>
        <line num="64" count="78" type="stmt"/>
        <line num="67" count="3" type="stmt"/>
        <line num="68" count="3" type="stmt"/>
        <line num="69" count="3" type="stmt"/>
        <line num="70" count="3" type="cond" truecount="2" falsecount="0"/>
        <line num="71" count="2" type="stmt"/>
        <line num="78" count="10" type="stmt"/>
        <line num="84" count="2" type="stmt"/>
        <line num="85" count="2" type="stmt"/>
        <line num="90" count="1" type="stmt"/>
        <line num="91" count="1" type="stmt"/>
        <line num="92" count="1" type="stmt"/>
        <line num="93" count="1" type="stmt"/>
        <line num="94" count="1" type="cond" truecount="1" falsecount="1"/>
        <line num="95" count="1" type="stmt"/>
        <line num="96" count="1" type="stmt"/>
        <line num="99" count="1" type="stmt"/>
        <line num="104" count="10" type="stmt"/>
        <line num="105" count="8" type="stmt"/>
        <line num="107" count="3" type="stmt"/>
        <line num="108" count="3" type="stmt"/>
        <line num="109" count="3" type="stmt"/>
        <line num="110" count="3" type="stmt"/>
        <line num="111" count="8" type="stmt"/>
        <line num="112" count="3" type="cond" truecount="2" falsecount="0"/>
        <line num="114" count="3" type="stmt"/>
        <line num="117" count="3" type="cond" truecount="4" falsecount="0"/>
        <line num="118" count="2" type="stmt"/>
        <line num="127" count="3" type="cond" truecount="2" falsecount="0"/>
        <line num="131" count="2" type="stmt"/>
        <line num="132" count="2" type="stmt"/>
        <line num="133" count="2" type="stmt"/>
        <line num="138" count="2" type="stmt"/>
        <line num="139" count="2" type="stmt"/>
        <line num="144" count="1" type="stmt"/>
        <line num="145" count="1" type="stmt"/>
        <line num="146" count="1" type="stmt"/>
        <line num="147" count="1" type="cond" truecount="1" falsecount="1"/>
        <line num="148" count="1" type="stmt"/>
        <line num="153" count="11" type="stmt"/>
        <line num="155" count="2" type="stmt"/>
        <line num="156" count="2" type="stmt"/>
        <line num="157" count="11" type="stmt"/>
        <line num="158" count="2" type="stmt"/>
        <line num="161" count="2" type="cond" truecount="1" falsecount="1"/>
        <line num="162" count="2" type="stmt"/>
        <line num="171" count="2" type="cond" truecount="2" falsecount="0"/>
        <line num="172" count="1" type="cond" truecount="2" falsecount="2"/>
        <line num="173" count="1" type="stmt"/>
        <line num="178" count="3" type="stmt"/>
        <line num="179" count="3" type="stmt"/>
        <line num="180" count="3" type="stmt"/>
        <line num="181" count="3" type="stmt"/>
        <line num="182" count="4" type="stmt"/>
        <line num="183" count="4" type="cond" truecount="2" falsecount="0"/>
        <line num="184" count="2" type="stmt"/>
        <line num="185" count="2" type="stmt"/>
        <line num="188" count="3" type="cond" truecount="2" falsecount="0"/>
        <line num="189" count="3" type="stmt"/>
        <line num="190" count="2" type="cond" truecount="2" falsecount="0"/>
        <line num="192" count="3" type="stmt"/>
        <line num="197" count="2" type="stmt"/>
        <line num="198" count="2" type="stmt"/>
        <line num="199" count="2" type="cond" truecount="1" falsecount="1"/>
        <line num="200" count="2" type="stmt"/>
        <line num="204" count="2" type="stmt"/>
        <line num="205" count="2" type="stmt"/>
        <line num="206" count="2" type="stmt"/>
        <line num="207" count="2" type="stmt"/>
        <line num="208" count="2" type="stmt"/>
        <line num="209" count="2" type="cond" truecount="1" falsecount="1"/>
        <line num="210" count="2" type="stmt"/>
        <line num="214" count="3" type="stmt"/>
        <line num="215" count="3" type="stmt"/>
        <line num="216" count="3" type="stmt"/>
        <line num="217" count="3" type="cond" truecount="1" falsecount="1"/>
        <line num="218" count="7" type="stmt"/>
        <line num="219" count="3" type="cond" truecount="2" falsecount="0"/>
        <line num="221" count="3" type="stmt"/>
        <line num="226" count="3" type="stmt"/>
        <line num="227" count="3" type="stmt"/>
        <line num="228" count="11" type="stmt"/>
        <line num="229" count="3" type="cond" truecount="2" falsecount="0"/>
        <line num="230" count="3" type="stmt"/>
        <line num="234" count="78" type="stmt"/>
      </file>
    </package>
    <package name="src.hooks.tasks">
      <metrics statements="239" coveredstatements="238" conditionals="156" coveredconditionals="136" methods="91" coveredmethods="90"/>
      <file name="useMultiAssignForm.ts" path="D:\WORK\python_proj\skills_tracking\src\hooks\tasks\useMultiAssignForm.ts">
        <metrics statements="109" coveredstatements="109" conditionals="59" coveredconditionals="53" methods="36" coveredmethods="36"/>
        <line num="74" count="17" type="stmt"/>
        <line num="95" count="90" type="stmt"/>
        <line num="97" count="90" type="stmt"/>
        <line num="98" count="15" type="stmt"/>
        <line num="99" count="15" type="stmt"/>
        <line num="100" count="15" type="stmt"/>
        <line num="101" count="18" type="stmt"/>
        <line num="104" count="15" type="stmt"/>
        <line num="107" count="90" type="stmt"/>
        <line num="108" count="18" type="stmt"/>
        <line num="109" count="18" type="cond" truecount="2" falsecount="0"/>
        <line num="110" count="2" type="stmt"/>
        <line num="111" count="4" type="cond" truecount="3" falsecount="1"/>
        <line num="112" count="4" type="stmt"/>
        <line num="116" count="90" type="stmt"/>
        <line num="117" count="33" type="stmt"/>
        <line num="121" count="90" type="stmt"/>
        <line num="123" count="17" type="cond" truecount="2" falsecount="0"/>
        <line num="124" count="17" type="cond" truecount="2" falsecount="0"/>
        <line num="125" count="17" type="cond" truecount="2" falsecount="0"/>
        <line num="126" count="17" type="stmt"/>
        <line num="132" count="17" type="stmt"/>
        <line num="133" count="17" type="stmt"/>
        <line num="138" count="17" type="stmt"/>
        <line num="143" count="90" type="stmt"/>
        <line num="149" count="42" type="cond" truecount="2" falsecount="0"/>
        <line num="150" count="3" type="stmt"/>
        <line num="151" count="3" type="stmt"/>
        <line num="152" count="3" type="stmt"/>
        <line num="153" count="3" type="stmt"/>
        <line num="154" count="3" type="stmt"/>
        <line num="155" count="3" type="stmt"/>
        <line num="159" count="3" type="stmt"/>
        <line num="160" count="3" type="cond" truecount="4" falsecount="0"/>
        <line num="162" count="3" type="stmt"/>
        <line num="164" count="3" type="cond" truecount="2" falsecount="0"/>
        <line num="169" count="90" type="stmt"/>
        <line num="171" count="41" type="stmt"/>
        <line num="172" count="41" type="cond" truecount="2" falsecount="0"/>
        <line num="173" count="40" type="stmt"/>
        <line num="174" count="40" type="stmt"/>
        <line num="185" count="90" type="stmt"/>
        <line num="186" count="5" type="stmt"/>
        <line num="189" count="90" type="stmt"/>
        <line num="191" count="3" type="stmt"/>
        <line num="192" count="3" type="cond" truecount="2" falsecount="0"/>
        <line num="193" count="2" type="stmt"/>
        <line num="194" count="2" type="stmt"/>
        <line num="205" count="90" type="stmt"/>
        <line num="206" count="4" type="stmt"/>
        <line num="209" count="90" type="stmt"/>
        <line num="210" count="3" type="stmt"/>
        <line num="213" count="90" type="stmt"/>
        <line num="214" count="14" type="stmt"/>
        <line num="215" count="14" type="stmt"/>
        <line num="216" count="14" type="stmt"/>
        <line num="218" count="14" type="cond" truecount="2" falsecount="0"/>
        <line num="219" count="13" type="stmt"/>
        <line num="221" count="1" type="stmt"/>
        <line num="222" count="1" type="cond" truecount="1" falsecount="1"/>
        <line num="223" count="1" type="stmt"/>
        <line num="224" count="1" type="stmt"/>
        <line num="228" count="14" type="stmt"/>
        <line num="237" count="90" type="stmt"/>
        <line num="239" count="16" type="stmt"/>
        <line num="240" count="16" type="stmt"/>
        <line num="241" count="16" type="cond" truecount="2" falsecount="0"/>
        <line num="243" count="16" type="cond" truecount="2" falsecount="0"/>
        <line num="244" count="14" type="stmt"/>
        <line num="245" count="14" type="stmt"/>
        <line num="247" count="2" type="stmt"/>
        <line num="248" count="2" type="cond" truecount="2" falsecount="0"/>
        <line num="249" count="1" type="stmt"/>
        <line num="251" count="1" type="stmt"/>
        <line num="255" count="16" type="stmt"/>
        <line num="265" count="90" type="stmt"/>
        <line num="266" count="4" type="stmt"/>
        <line num="267" count="4" type="stmt"/>
        <line num="268" count="4" type="cond" truecount="1" falsecount="1"/>
        <line num="269" count="4" type="cond" truecount="2" falsecount="0"/>
        <line num="270" count="4" type="stmt"/>
        <line num="271" count="4" type="stmt"/>
        <line num="279" count="90" type="stmt"/>
        <line num="280" count="3" type="cond" truecount="2" falsecount="0"/>
        <line num="283" count="90" type="stmt"/>
        <line num="284" count="8" type="stmt"/>
        <line num="285" count="8" type="stmt"/>
        <line num="286" count="6" type="cond" truecount="1" falsecount="1"/>
        <line num="287" count="6" type="cond" truecount="1" falsecount="1"/>
        <line num="288" count="6" type="stmt"/>
        <line num="289" count="6" type="stmt"/>
        <line num="294" count="6" type="stmt"/>
        <line num="295" count="6" type="cond" truecount="2" falsecount="0"/>
        <line num="296" count="5" type="stmt"/>
        <line num="299" count="8" type="stmt"/>
        <line num="302" count="90" type="stmt"/>
        <line num="303" count="10" type="stmt"/>
        <line num="304" count="10" type="cond" truecount="2" falsecount="0"/>
        <line num="305" count="2" type="stmt"/>
        <line num="306" count="2" type="stmt"/>
        <line num="309" count="8" type="stmt"/>
        <line num="310" count="8" type="cond" truecount="2" falsecount="0"/>
        <line num="311" count="3" type="stmt"/>
        <line num="312" count="3" type="stmt"/>
        <line num="315" count="5" type="stmt"/>
        <line num="317" count="5" type="stmt"/>
        <line num="326" count="90" type="stmt"/>
        <line num="327" count="2" type="stmt"/>
        <line num="330" count="90" type="stmt"/>
      </file>
      <file name="useTaskBoard.ts" path="D:\WORK\python_proj\skills_tracking\src\hooks\tasks\useTaskBoard.ts">
        <metrics statements="62" coveredstatements="62" conditionals="34" coveredconditionals="28" methods="23" coveredmethods="23"/>
        <line num="14" count="2" type="stmt"/>
        <line num="26" count="242" type="stmt"/>
        <line num="27" count="242" type="stmt"/>
        <line num="28" count="242" type="stmt"/>
        <line num="29" count="242" type="stmt"/>
        <line num="30" count="242" type="stmt"/>
        <line num="31" count="242" type="stmt"/>
        <line num="32" count="242" type="stmt"/>
        <line num="33" count="242" type="stmt"/>
        <line num="34" count="242" type="stmt"/>
        <line num="36" count="242" type="stmt"/>
        <line num="37" count="40" type="cond" truecount="2" falsecount="0"/>
        <line num="38" count="9" type="stmt"/>
        <line num="41" count="242" type="stmt"/>
        <line num="42" count="79" type="stmt"/>
        <line num="43" count="79" type="stmt"/>
        <line num="44" count="79" type="stmt"/>
        <line num="45" count="79" type="stmt"/>
        <line num="47" count="79" type="stmt"/>
        <line num="48" count="9" type="cond" truecount="3" falsecount="3"/>
        <line num="51" count="242" type="stmt"/>
        <line num="52" count="46" type="stmt"/>
        <line num="53" count="46" type="cond" truecount="2" falsecount="0"/>
        <line num="54" count="8" type="stmt"/>
        <line num="55" count="8" type="stmt"/>
        <line num="57" count="16" type="cond" truecount="1" falsecount="1"/>
        <line num="58" count="16" type="cond" truecount="4" falsecount="0"/>
        <line num="59" count="16" type="cond" truecount="2" falsecount="0"/>
        <line num="64" count="242" type="stmt"/>
        <line num="65" count="59" type="cond" truecount="2" falsecount="0"/>
        <line num="66" count="20" type="cond" truecount="1" falsecount="1"/>
        <line num="69" count="242" type="stmt"/>
        <line num="70" count="1" type="stmt"/>
        <line num="73" count="242" type="stmt"/>
        <line num="74" count="16" type="stmt"/>
        <line num="75" count="16" type="stmt"/>
        <line num="76" count="16" type="stmt"/>
        <line num="79" count="242" type="stmt"/>
        <line num="80" count="3" type="stmt"/>
        <line num="81" count="3" type="cond" truecount="2" falsecount="0"/>
        <line num="82" count="3" type="stmt"/>
        <line num="85" count="242" type="stmt"/>
        <line num="86" count="4" type="stmt"/>
        <line num="87" count="4" type="stmt"/>
        <line num="88" count="4" type="stmt"/>
        <line num="91" count="242" type="stmt"/>
        <line num="92" count="12" type="stmt"/>
        <line num="93" count="12" type="stmt"/>
        <line num="96" count="242" type="stmt"/>
        <line num="100" count="9" type="cond" truecount="1" falsecount="1"/>
        <line num="101" count="18" type="stmt"/>
        <line num="102" count="9" type="cond" truecount="2" falsecount="0"/>
        <line num="103" count="1" type="stmt"/>
        <line num="104" count="1" type="stmt"/>
        <line num="107" count="8" type="cond" truecount="2" falsecount="0"/>
        <line num="108" count="4" type="cond" truecount="2" falsecount="0"/>
        <line num="109" count="2" type="stmt"/>
        <line num="111" count="4" type="stmt"/>
        <line num="112" count="4" type="cond" truecount="2" falsecount="0"/>
        <line num="113" count="2" type="stmt"/>
        <line num="116" count="8" type="stmt"/>
        <line num="119" count="242" type="stmt"/>
      </file>
      <file name="useTaskState.ts" path="D:\WORK\python_proj\skills_tracking\src\hooks\tasks\useTaskState.ts">
        <metrics statements="68" coveredstatements="67" conditionals="63" coveredconditionals="55" methods="32" coveredmethods="31"/>
        <line num="34" count="94" type="stmt"/>
        <line num="35" count="0" type="stmt"/>
        <line num="38" count="94" type="stmt"/>
        <line num="39" count="65" type="stmt"/>
        <line num="45" count="19" type="stmt"/>
        <line num="46" count="19" type="stmt"/>
        <line num="47" count="19" type="cond" truecount="1" falsecount="1"/>
        <line num="48" count="19" type="stmt"/>
        <line num="59" count="19" type="stmt"/>
        <line num="64" count="4" type="stmt"/>
        <line num="65" count="4" type="stmt"/>
        <line num="66" count="5" type="cond" truecount="2" falsecount="0"/>
        <line num="67" count="4" type="cond" truecount="2" falsecount="0"/>
        <line num="68" count="3" type="stmt"/>
        <line num="69" count="3" type="cond" truecount="1" falsecount="1"/>
        <line num="70" count="5" type="stmt"/>
        <line num="82" count="3" type="stmt"/>
        <line num="83" count="3" type="stmt"/>
        <line num="84" count="5" type="cond" truecount="2" falsecount="0"/>
        <line num="85" count="3" type="stmt"/>
        <line num="86" count="3" type="cond" truecount="2" falsecount="0"/>
        <line num="87" count="1" type="stmt"/>
        <line num="89" count="3" type="cond" truecount="2" falsecount="0"/>
        <line num="90" count="1" type="stmt"/>
        <line num="92" count="3" type="cond" truecount="2" falsecount="0"/>
        <line num="93" count="1" type="stmt"/>
        <line num="95" count="3" type="cond" truecount="4" falsecount="0"/>
        <line num="96" count="1" type="stmt"/>
        <line num="98" count="3" type="stmt"/>
        <line num="104" count="6" type="stmt"/>
        <line num="105" count="6" type="cond" truecount="2" falsecount="0"/>
        <line num="107" count="5" type="stmt"/>
        <line num="108" count="5" type="stmt"/>
        <line num="109" count="5" type="stmt"/>
        <line num="110" count="5" type="cond" truecount="1" falsecount="1"/>
        <line num="111" count="5" type="stmt"/>
        <line num="116" count="5" type="stmt"/>
        <line num="118" count="5" type="stmt"/>
        <line num="127" count="5" type="stmt"/>
        <line num="128" count="5" type="stmt"/>
        <line num="129" count="5" type="stmt"/>
        <line num="130" count="5" type="cond" truecount="2" falsecount="0"/>
        <line num="131" count="5" type="stmt"/>
        <line num="132" count="5" type="cond" truecount="2" falsecount="0"/>
        <line num="133" count="5" type="cond" truecount="2" falsecount="0"/>
        <line num="134" count="5" type="cond" truecount="2" falsecount="0"/>
        <line num="135" count="5" type="stmt"/>
        <line num="137" count="5" type="stmt"/>
        <line num="139" count="5" type="stmt"/>
        <line num="144" count="4" type="stmt"/>
        <line num="146" count="4" type="stmt"/>
        <line num="148" count="4" type="cond" truecount="2" falsecount="0"/>
        <line num="149" count="3" type="stmt"/>
        <line num="160" count="3" type="stmt"/>
        <line num="161" count="3" type="cond" truecount="2" falsecount="0"/>
        <line num="162" count="2" type="stmt"/>
        <line num="168" count="2" type="stmt"/>
        <line num="169" count="2" type="cond" truecount="1" falsecount="1"/>
        <line num="180" count="7" type="stmt"/>
        <line num="181" count="7" type="stmt"/>
        <line num="182" count="8" type="cond" truecount="2" falsecount="0"/>
        <line num="183" count="7" type="cond" truecount="2" falsecount="0"/>
        <line num="184" count="8" type="cond" truecount="2" falsecount="0"/>
        <line num="185" count="8" type="cond" truecount="3" falsecount="1"/>
        <line num="186" count="5" type="stmt"/>
        <line num="187" count="5" type="cond" truecount="2" falsecount="0"/>
        <line num="188" count="5" type="stmt"/>
        <line num="197" count="94" type="stmt"/>
      </file>
    </package>
    <package name="src.lib">
      <metrics statements="120" coveredstatements="119" conditionals="115" coveredconditionals="99" methods="40" coveredmethods="40"/>
      <file name="export.ts" path="D:\WORK\python_proj\skills_tracking\src\lib\export.ts">
        <metrics statements="88" coveredstatements="88" conditionals="103" coveredconditionals="88" methods="31" coveredmethods="31"/>
        <line num="33" count="21" type="cond" truecount="2" falsecount="0"/>
        <line num="35" count="1" type="stmt"/>
        <line num="36" count="1" type="cond" truecount="1" falsecount="1"/>
        <line num="37" count="1" type="stmt"/>
        <line num="46" count="1" type="stmt"/>
        <line num="47" count="1" type="cond" truecount="1" falsecount="1"/>
        <line num="48" count="1" type="stmt"/>
        <line num="56" count="1" type="stmt"/>
        <line num="57" count="1" type="cond" truecount="1" falsecount="1"/>
        <line num="58" count="1" type="stmt"/>
        <line num="66" count="1" type="stmt"/>
        <line num="67" count="1" type="cond" truecount="1" falsecount="1"/>
        <line num="68" count="1" type="stmt"/>
        <line num="76" count="1" type="stmt"/>
        <line num="77" count="3" type="cond" truecount="1" falsecount="1"/>
        <line num="78" count="3" type="cond" truecount="2" falsecount="0"/>
        <line num="81" count="1" type="stmt"/>
        <line num="82" count="1" type="cond" truecount="1" falsecount="1"/>
        <line num="83" count="1" type="cond" truecount="2" falsecount="0"/>
        <line num="86" count="1" type="stmt"/>
        <line num="87" count="2" type="cond" truecount="1" falsecount="1"/>
        <line num="88" count="2" type="stmt"/>
        <line num="89" count="1" type="cond" truecount="1" falsecount="1"/>
        <line num="90" count="1" type="stmt"/>
        <line num="94" count="1" type="stmt"/>
        <line num="95" count="2" type="cond" truecount="1" falsecount="1"/>
        <line num="96" count="2" type="stmt"/>
        <line num="97" count="1" type="cond" truecount="1" falsecount="1"/>
        <line num="98" count="1" type="stmt"/>
        <line num="102" count="1" type="stmt"/>
        <line num="103" count="1" type="cond" truecount="1" falsecount="1"/>
        <line num="104" count="1" type="stmt"/>
        <line num="112" count="1" type="stmt"/>
        <line num="113" count="1" type="cond" truecount="1" falsecount="1"/>
        <line num="114" count="1" type="stmt"/>
        <line num="121" count="1" type="stmt"/>
        <line num="122" count="1" type="cond" truecount="1" falsecount="1"/>
        <line num="123" count="1" type="stmt"/>
        <line num="134" count="1" type="stmt"/>
        <line num="135" count="4" type="cond" truecount="1" falsecount="1"/>
        <line num="136" count="4" type="stmt"/>
        <line num="147" count="1" type="stmt"/>
        <line num="148" count="35" type="stmt"/>
        <line num="150" count="35" type="cond" truecount="5" falsecount="0"/>
        <line num="155" count="35" type="cond" truecount="2" falsecount="0"/>
        <line num="158" count="1" type="stmt"/>
        <line num="159" count="4" type="stmt"/>
        <line num="162" count="3" type="stmt"/>
        <line num="167" count="3" type="stmt"/>
        <line num="171" count="1" type="stmt"/>
        <line num="172" count="1" type="stmt"/>
        <line num="173" count="1" type="stmt"/>
        <line num="174" count="1" type="stmt"/>
        <line num="175" count="1" type="stmt"/>
        <line num="176" count="1" type="stmt"/>
        <line num="177" count="1" type="stmt"/>
        <line num="178" count="1" type="stmt"/>
        <line num="182" count="5" type="stmt"/>
        <line num="183" count="5" type="stmt"/>
        <line num="184" count="5" type="cond" truecount="2" falsecount="0"/>
        <line num="185" count="2" type="stmt"/>
        <line num="186" count="2" type="stmt"/>
        <line num="188" count="2" type="stmt"/>
        <line num="190" count="1" type="stmt"/>
        <line num="191" count="1" type="stmt"/>
        <line num="201" count="3" type="cond" truecount="2" falsecount="0"/>
        <line num="202" count="3" type="stmt"/>
        <line num="203" count="3" type="stmt"/>
        <line num="206" count="3" type="stmt"/>
        <line num="208" count="3" type="stmt"/>
        <line num="209" count="3" type="stmt"/>
        <line num="210" count="15" type="stmt"/>
        <line num="213" count="3" type="stmt"/>
        <line num="214" count="4" type="stmt"/>
        <line num="220" count="4" type="stmt"/>
        <line num="221" count="4" type="cond" truecount="2" falsecount="0"/>
        <line num="222" count="4" type="stmt"/>
        <line num="224" count="4" type="stmt"/>
        <line num="226" count="20" type="stmt"/>
        <line num="230" count="3" type="stmt"/>
        <line num="240" count="1" type="stmt"/>
        <line num="241" count="1" type="stmt"/>
        <line num="242" count="1" type="stmt"/>
        <line num="243" count="1" type="stmt"/>
        <line num="244" count="1" type="stmt"/>
        <line num="245" count="1" type="stmt"/>
        <line num="246" count="1" type="stmt"/>
        <line num="247" count="1" type="stmt"/>
      </file>
      <file name="storage.ts" path="D:\WORK\python_proj\skills_tracking\src\lib\storage.ts">
        <metrics statements="23" coveredstatements="22" conditionals="10" coveredconditionals="9" methods="4" coveredmethods="4"/>
        <line num="6" count="102" type="stmt"/>
        <line num="7" count="102" type="stmt"/>
        <line num="8" count="102" type="stmt"/>
        <line num="9" count="102" type="stmt"/>
        <line num="11" count="1" type="cond" truecount="3" falsecount="1"/>
        <line num="12" count="1" type="stmt"/>
        <line num="15" count="0" type="stmt"/>
        <line num="17" count="1" type="stmt"/>
        <line num="22" count="40" type="stmt"/>
        <line num="23" count="40" type="stmt"/>
        <line num="24" count="40" type="cond" truecount="2" falsecount="0"/>
        <line num="26" count="4" type="stmt"/>
        <line num="28" count="4" type="cond" truecount="2" falsecount="0"/>
        <line num="29" count="2" type="stmt"/>
        <line num="32" count="1" type="stmt"/>
        <line num="34" count="1" type="stmt"/>
        <line num="35" count="1" type="stmt"/>
        <line num="40" count="2" type="stmt"/>
        <line num="41" count="2" type="stmt"/>
        <line num="43" count="1" type="stmt"/>
        <line num="51" count="39" type="stmt"/>
        <line num="52" count="39" type="stmt"/>
        <line num="53" count="39" type="cond" truecount="2" falsecount="0"/>
      </file>
      <file name="undo.ts" path="D:\WORK\python_proj\skills_tracking\src\lib\undo.ts">
        <metrics statements="9" coveredstatements="9" conditionals="2" coveredconditionals="2" methods="5" coveredmethods="5"/>
        <line num="14" count="39" type="stmt"/>
        <line num="15" count="39" type="stmt"/>
        <line num="18" count="23" type="stmt"/>
        <line num="19" count="23" type="cond" truecount="2" falsecount="0"/>
        <line num="20" count="1" type="stmt"/>
        <line num="25" count="12" type="stmt"/>
        <line num="29" count="3" type="stmt"/>
        <line num="33" count="1" type="stmt"/>
        <line num="37" count="46" type="stmt"/>
      </file>
    </package>
    <package name="src.pages.Fighters">
      <metrics statements="112" coveredstatements="105" conditionals="108" coveredconditionals="76" methods="47" coveredmethods="36"/>
      <file name="Fighters.tsx" path="D:\WORK\python_proj\skills_tracking\src\pages\Fighters\Fighters.tsx">
        <metrics statements="112" coveredstatements="105" conditionals="108" coveredconditionals="76" methods="47" coveredmethods="36"/>
        <line num="12" count="1" type="stmt"/>
        <line num="20" count="1" type="cond" truecount="0" falsecount="2"/>
        <line num="22" count="1" type="stmt"/>
        <line num="42" count="174" type="stmt"/>
        <line num="43" count="174" type="stmt"/>
        <line num="44" count="174" type="stmt"/>
        <line num="45" count="174" type="stmt"/>
        <line num="46" count="174" type="stmt"/>
        <line num="47" count="174" type="stmt"/>
        <line num="48" count="174" type="stmt"/>
        <line num="58" count="174" type="stmt"/>
        <line num="66" count="31" type="cond" truecount="4" falsecount="0"/>
        <line num="67" count="9" type="cond" truecount="4" falsecount="0"/>
        <line num="68" count="13" type="cond" truecount="4" falsecount="0"/>
        <line num="69" count="22" type="cond" truecount="4" falsecount="0"/>
        <line num="70" count="9" type="cond" truecount="4" falsecount="0"/>
        <line num="73" count="174" type="stmt"/>
        <line num="74" count="174" type="stmt"/>
        <line num="75" count="174" type="stmt"/>
        <line num="77" count="174" type="cond" truecount="2" falsecount="0"/>
        <line num="79" count="174" type="stmt"/>
        <line num="80" count="8" type="stmt"/>
        <line num="81" count="8" type="stmt"/>
        <line num="82" count="2" type="stmt"/>
        <line num="83" count="2" type="cond" truecount="2" falsecount="0"/>
        <line num="84" count="2" type="cond" truecount="2" falsecount="0"/>
        <line num="85" count="2" type="cond" truecount="2" falsecount="0"/>
        <line num="86" count="2" type="stmt"/>
        <line num="89" count="8" type="stmt"/>
        <line num="92" count="174" type="stmt"/>
        <line num="93" count="16" type="stmt"/>
        <line num="94" count="24" type="cond" truecount="3" falsecount="0"/>
        <line num="99" count="16" type="cond" truecount="2" falsecount="2"/>
        <line num="100" count="16" type="cond" truecount="2" falsecount="0"/>
        <line num="101" count="1" type="stmt"/>
        <line num="102" count="1" type="stmt"/>
        <line num="103" count="2" type="cond" truecount="1" falsecount="1"/>
        <line num="104" count="2" type="cond" truecount="1" falsecount="1"/>
        <line num="105" count="2" type="stmt"/>
        <line num="107" count="1" type="stmt"/>
        <line num="108" count="1" type="cond" truecount="2" falsecount="2"/>
        <line num="109" count="2" type="stmt"/>
        <line num="112" count="174" type="stmt"/>
        <line num="113" count="10" type="cond" truecount="2" falsecount="0"/>
        <line num="114" count="2" type="stmt"/>
        <line num="117" count="174" type="stmt"/>
        <line num="118" count="10" type="stmt"/>
        <line num="119" count="10" type="stmt"/>
        <line num="120" count="0" type="cond" truecount="0" falsecount="2"/>
        <line num="122" count="10" type="stmt"/>
        <line num="125" count="174" type="stmt"/>
        <line num="126" count="10" type="stmt"/>
        <line num="128" count="0" type="cond" truecount="0" falsecount="4"/>
        <line num="129" count="0" type="cond" truecount="0" falsecount="4"/>
        <line num="130" count="0" type="stmt"/>
        <line num="135" count="174" type="stmt"/>
        <line num="136" count="10" type="cond" truecount="2" falsecount="0"/>
        <line num="137" count="2" type="cond" truecount="2" falsecount="0"/>
        <line num="138" count="10" type="cond" truecount="0" falsecount="2"/>
        <line num="141" count="174" type="stmt"/>
        <line num="142" count="10" type="cond" truecount="2" falsecount="0"/>
        <line num="143" count="2" type="cond" truecount="1" falsecount="1"/>
        <line num="144" count="10" type="cond" truecount="0" falsecount="2"/>
        <line num="147" count="174" type="stmt"/>
        <line num="148" count="6" type="stmt"/>
        <line num="149" count="6" type="stmt"/>
        <line num="150" count="6" type="stmt"/>
        <line num="151" count="12" type="stmt"/>
        <line num="154" count="6" type="stmt"/>
        <line num="155" count="6" type="stmt"/>
        <line num="156" count="6" type="stmt"/>
        <line num="157" count="6" type="stmt"/>
        <line num="158" count="6" type="stmt"/>
        <line num="159" count="6" type="stmt"/>
        <line num="162" count="174" type="stmt"/>
        <line num="163" count="4" type="stmt"/>
        <line num="164" count="4" type="stmt"/>
        <line num="167" count="174" type="stmt"/>
        <line num="168" count="1" type="stmt"/>
        <line num="169" count="1" type="stmt"/>
        <line num="172" count="174" type="stmt"/>
        <line num="173" count="2" type="cond" truecount="2" falsecount="0"/>
        <line num="174" count="1" type="stmt"/>
        <line num="175" count="1" type="cond" truecount="1" falsecount="1"/>
        <line num="176" count="2" type="stmt"/>
        <line num="184" count="2" type="stmt"/>
        <line num="185" count="2" type="stmt"/>
        <line num="188" count="174" type="stmt"/>
        <line num="189" count="1" type="stmt"/>
        <line num="190" count="1" type="stmt"/>
        <line num="193" count="174" type="stmt"/>
        <line num="194" count="1" type="stmt"/>
        <line num="197" count="174" type="stmt"/>
        <line num="198" count="0" type="cond" truecount="0" falsecount="2"/>
        <line num="201" count="174" type="stmt"/>
        <line num="213" count="174" type="cond" truecount="2" falsecount="0"/>
        <line num="223" count="14" type="cond" truecount="2" falsecount="0"/>
        <line num="227" count="21" type="stmt"/>
        <line num="235" count="1" type="stmt"/>
        <line num="236" count="1" type="stmt"/>
        <line num="253" count="2" type="stmt"/>
        <line num="254" count="1" type="stmt"/>
        <line num="258" count="0" type="stmt"/>
        <line num="283" count="0" type="stmt"/>
        <line num="285" count="1" type="cond" truecount="4" falsecount="2"/>
        <line num="286" count="1" type="stmt"/>
        <line num="287" count="1" type="stmt"/>
        <line num="291" count="1" type="cond" truecount="1" falsecount="1"/>
        <line num="292" count="1" type="stmt"/>
        <line num="293" count="1" type="cond" truecount="1" falsecount="1"/>
        <line num="294" count="1" type="cond" truecount="1" falsecount="1"/>
        <line num="297" count="1" type="cond" truecount="1" falsecount="1"/>
      </file>
    </package>
    <package name="src.pages.Fighters.components">
      <metrics statements="77" coveredstatements="76" conditionals="105" coveredconditionals="91" methods="38" coveredmethods="37"/>
[...]
        <line num="116" count="3" type="stmt"/>
        <line num="119" count="38" type="stmt"/>
        <line num="120" count="1" type="cond" truecount="1" falsecount="1"/>
        <line num="121" count="0" type="stmt"/>
        <line num="122" count="0" type="stmt"/>
        <line num="124" count="1" type="cond" truecount="1" falsecount="1"/>
        <line num="125" count="1" type="stmt"/>
        <line num="126" count="1" type="stmt"/>
        <line num="127" count="1" type="stmt"/>
        <line num="131" count="38" type="stmt"/>
        <line num="133" count="38" type="stmt"/>
        <line num="150" count="38" type="stmt"/>
      </file>
    </package>
    <package name="src.pages.Settings.components">
      <metrics statements="9" coveredstatements="8" conditionals="6" coveredconditionals="6" methods="5" coveredmethods="4"/>
      <file name="DangerZoneSection.tsx" path="D:\WORK\python_proj\skills_tracking\src\pages\Settings\components\DangerZoneSection.tsx">
        <metrics statements="2" coveredstatements="2" conditionals="6" coveredconditionals="6" methods="1" coveredmethods="1"/>
        <line num="19" count="2" type="stmt"/>
        <line num="27" count="23" type="stmt"/>
      </file>
      <file name="ExportImportSection.tsx" path="D:\WORK\python_proj\skills_tracking\src\pages\Settings\components\ExportImportSection.tsx">
        <metrics statements="3" coveredstatements="2" conditionals="0" coveredconditionals="0" methods="2" coveredmethods="1"/>
        <line num="11" count="3" type="stmt"/>
        <line num="17" count="25" type="stmt"/>
        <line num="37" count="0" type="stmt"/>
      </file>
      <file name="StatsSection.tsx" path="D:\WORK\python_proj\skills_tracking\src\pages\Settings\components\StatsSection.tsx">
        <metrics statements="4" coveredstatements="4" conditionals="0" coveredconditionals="0" methods="2" coveredmethods="2"/>
        <line num="17" count="2" type="stmt"/>
        <line num="18" count="92" type="stmt"/>
        <line num="29" count="2" type="stmt"/>
        <line num="30" count="23" type="stmt"/>
      </file>
    </package>
    <package name="src.pages.Skills">
      <metrics statements="122" coveredstatements="111" conditionals="103" coveredconditionals="76" methods="53" coveredmethods="47"/>
      <file name="CategoryModal.tsx" path="D:\WORK\python_proj\skills_tracking\src\pages\Skills\CategoryModal.tsx">
        <metrics statements="3" coveredstatements="3" conditionals="4" coveredconditionals="4" methods="2" coveredmethods="2"/>
        <line num="16" count="1" type="stmt"/>
        <line num="25" count="90" type="stmt"/>
        <line num="47" count="20" type="stmt"/>
      </file>
      <file name="CategorySidebar.tsx" path="D:\WORK\python_proj\skills_tracking\src\pages\Skills\CategorySidebar.tsx">
        <metrics statements="9" coveredstatements="9" conditionals="2" coveredconditionals="1" methods="6" coveredmethods="6"/>
        <line num="17" count="1" type="stmt"/>
        <line num="28" count="90" type="stmt"/>
        <line num="37" count="101" type="stmt"/>
        <line num="39" count="1" type="stmt"/>
        <line num="41" count="2" type="stmt"/>
        <line num="42" count="2" type="stmt"/>
        <line num="46" count="1" type="stmt"/>
        <line num="47" count="1" type="stmt"/>
        <line num="58" count="2" type="stmt"/>
      </file>
      <file name="SkillEditModal.tsx" path="D:\WORK\python_proj\skills_tracking\src\pages\Skills\SkillEditModal.tsx">
        <metrics statements="2" coveredstatements="2" conditionals="4" coveredconditionals="2" methods="1" coveredmethods="1"/>
        <line num="16" count="1" type="stmt"/>
        <line num="24" count="90" type="stmt"/>
      </file>
      <file name="SkillGrid.tsx" path="D:\WORK\python_proj\skills_tracking\src\pages\Skills\SkillGrid.tsx">
        <metrics statements="9" coveredstatements="9" conditionals="12" coveredconditionals="10" methods="5" coveredmethods="5"/>
        <line num="16" count="2" type="stmt"/>
        <line num="25" count="94" type="stmt"/>
        <line num="37" count="53" type="cond" truecount="2" falsecount="0"/>
        <line num="38" count="53" type="stmt"/>
        <line num="42" count="4" type="stmt"/>
        <line num="45" count="5" type="stmt"/>
        <line num="49" count="1" type="cond" truecount="2" falsecount="2"/>
        <line num="50" count="1" type="stmt"/>
        <line num="51" count="1" type="stmt"/>
      </file>
      <file name="SkillViewModal.tsx" path="D:\WORK\python_proj\skills_tracking\src\pages\Skills\SkillViewModal.tsx">
        <metrics statements="4" coveredstatements="4" conditionals="19" coveredconditionals="17" methods="3" coveredmethods="3"/>
        <line num="20" count="1" type="stmt"/>
        <line num="31" count="90" type="stmt"/>
        <line num="80" count="2" type="stmt"/>
        <line num="106" count="2" type="stmt"/>
      </file>
      <file name="Skills.tsx" path="D:\WORK\python_proj\skills_tracking\src\pages\Skills\Skills.tsx">
        <metrics statements="92" coveredstatements="81" conditionals="60" coveredconditionals="41" methods="34" coveredmethods="28"/>
        <line num="38" count="113" type="cond" truecount="1" falsecount="1"/>
        <line num="39" count="113" type="stmt"/>
        <line num="40" count="113" type="stmt"/>
        <line num="41" count="113" type="stmt"/>
        <line num="42" count="113" type="stmt"/>
        <line num="43" count="113" type="stmt"/>
        <line num="44" count="113" type="stmt"/>
        <line num="52" count="113" type="stmt"/>
        <line num="60" count="113" type="stmt"/>
        <line num="70" count="113" type="stmt"/>
        <line num="71" count="12" type="cond" truecount="3" falsecount="1"/>
        <line num="82" count="113" type="stmt"/>
        <line num="83" count="12" type="cond" truecount="4" falsecount="0"/>
        <line num="86" count="113" type="stmt"/>
        <line num="87" count="18" type="stmt"/>
        <line num="91" count="113" type="stmt"/>
        <line num="92" count="26" type="cond" truecount="1" falsecount="1"/>
        <line num="93" count="26" type="stmt"/>
        <line num="94" count="26" type="cond" truecount="2" falsecount="0"/>
        <line num="95" count="8" type="stmt"/>
        <line num="96" count="16" type="cond" truecount="2" falsecount="0"/>
        <line num="101" count="113" type="stmt"/>
        <line num="103" count="113" type="stmt"/>
        <line num="104" count="2" type="stmt"/>
        <line num="105" count="2" type="cond" truecount="1" falsecount="1"/>
        <line num="106" count="0" type="stmt"/>
        <line num="107" count="0" type="cond" truecount="0" falsecount="2"/>
        <line num="109" count="2" type="stmt"/>
        <line num="110" count="2" type="stmt"/>
        <line num="114" count="113" type="stmt"/>
        <line num="115" count="4" type="stmt"/>
        <line num="116" count="4" type="stmt"/>
        <line num="117" count="4" type="cond" truecount="1" falsecount="1"/>
        <line num="120" count="113" type="stmt"/>
        <line num="121" count="1" type="cond" truecount="1" falsecount="1"/>
        <line num="122" count="1" type="stmt"/>
        <line num="123" count="1" type="cond" truecount="1" falsecount="1"/>
        <line num="124" count="0" type="stmt"/>
        <line num="125" count="1" type="cond" truecount="1" falsecount="1"/>
        <line num="126" count="1" type="stmt"/>
        <line num="128" count="1" type="stmt"/>
        <line num="129" count="1" type="stmt"/>
        <line num="130" count="1" type="stmt"/>
        <line num="133" count="113" type="stmt"/>
        <line num="134" count="1" type="cond" truecount="3" falsecount="1"/>
        <line num="135" count="1" type="stmt"/>
        <line num="137" count="1" type="stmt"/>
        <line num="138" count="1" type="stmt"/>
        <line num="141" count="113" type="stmt"/>
        <line num="142" count="22" type="cond" truecount="2" falsecount="0"/>
        <line num="146" count="113" type="stmt"/>
        <line num="152" count="1" type="stmt"/>
        <line num="154" count="2" type="stmt"/>
        <line num="155" count="2" type="cond" truecount="1" falsecount="1"/>
        <line num="156" count="2" type="stmt"/>
        <line num="159" count="1" type="stmt"/>
        <line num="160" count="1" type="stmt"/>
        <line num="161" count="1" type="stmt"/>
        <line num="164" count="2" type="cond" truecount="1" falsecount="1"/>
        <line num="166" count="1" type="stmt"/>
        <line num="176" count="2" type="stmt"/>
        <line num="183" count="3" type="stmt"/>
        <line num="185" count="3" type="stmt"/>
        <line num="186" count="3" type="stmt"/>
        <line num="189" count="0" type="stmt"/>
        <line num="199" count="0" type="stmt"/>
        <line num="200" count="0" type="stmt"/>
        <line num="201" count="0" type="stmt"/>
        <line num="214" count="0" type="stmt"/>
        <line num="215" count="0" type="stmt"/>
        <line num="216" count="0" type="stmt"/>
        <line num="219" count="1" type="cond" truecount="3" falsecount="1"/>
        <line num="220" count="1" type="stmt"/>
        <line num="221" count="1" type="stmt"/>
        <line num="222" count="1" type="stmt"/>
        <line num="226" count="1" type="cond" truecount="1" falsecount="1"/>
        <line num="227" count="1" type="cond" truecount="1" falsecount="1"/>
        <line num="228" count="1" type="stmt"/>
        <line num="229" count="1" type="stmt"/>
        <line num="230" count="1" type="stmt"/>
        <line num="231" count="1" type="stmt"/>
        <line num="240" count="0" type="stmt"/>
        <line num="242" count="2" type="stmt"/>
        <line num="243" count="2" type="cond" truecount="1" falsecount="1"/>
        <line num="244" count="2" type="cond" truecount="2" falsecount="0"/>
        <line num="245" count="1" type="stmt"/>
        <line num="247" count="1" type="stmt"/>
        <line num="249" count="2" type="stmt"/>
        <line num="252" count="1" type="cond" truecount="1" falsecount="1"/>
        <line num="253" count="1" type="cond" truecount="1" falsecount="1"/>
        <line num="254" count="1" type="stmt"/>
        <line num="255" count="1" type="stmt"/>
      </file>
      <file name="SkillsHeader.tsx" path="D:\WORK\python_proj\skills_tracking\src\pages\Skills\SkillsHeader.tsx">
        <metrics statements="3" coveredstatements="3" conditionals="2" coveredconditionals="1" methods="2" coveredmethods="2"/>
        <line num="11" count="1" type="stmt"/>
        <line num="18" count="90" type="stmt"/>
        <line num="28" count="9" type="stmt"/>
      </file>
    </package>
    <package name="src.utils">
      <metrics statements="45" coveredstatements="44" conditionals="56" coveredconditionals="50" methods="22" coveredmethods="22"/>
      <file name="storageAdapters.ts" path="D:\WORK\python_proj\skills_tracking\src\utils\storageAdapters.ts">
        <metrics statements="45" coveredstatements="44" conditionals="56" coveredconditionals="50" methods="22" coveredmethods="22"/>
        <line num="10" count="4" type="stmt"/>
        <line num="11" count="25" type="cond" truecount="2" falsecount="0"/>
        <line num="13" count="4" type="stmt"/>
        <line num="14" count="9" type="cond" truecount="1" falsecount="1"/>
        <line num="15" count="0" type="stmt"/>
        <line num="20" count="5" type="cond" truecount="2" falsecount="0"/>
        <line num="21" count="4" type="cond" truecount="2" falsecount="0"/>
        <line num="25" count="2" type="cond" truecount="2" falsecount="0"/>
        <line num="29" count="4" type="cond" truecount="1" falsecount="1"/>
        <line num="30" count="4" type="stmt"/>
        <line num="38" count="5" type="cond" truecount="2" falsecount="0"/>
        <line num="42" count="2" type="cond" truecount="2" falsecount="0"/>
        <line num="43" count="1" type="stmt"/>
        <line num="50" count="2" type="cond" truecount="1" falsecount="1"/>
        <line num="51" count="2" type="stmt"/>
        <line num="52" count="2" type="cond" truecount="1" falsecount="1"/>
        <line num="53" count="3" type="cond" truecount="2" falsecount="0"/>
        <line num="58" count="3" type="cond" truecount="2" falsecount="0"/>
        <line num="59" count="2" type="stmt"/>
        <line num="60" count="2" type="cond" truecount="1" falsecount="1"/>
        <line num="61" count="2" type="stmt"/>
        <line num="62" count="3" type="cond" truecount="4" falsecount="0"/>
        <line num="68" count="3" type="cond" truecount="2" falsecount="0"/>
        <line num="69" count="2" type="stmt"/>
        <line num="70" count="2" type="cond" truecount="1" falsecount="1"/>
        <line num="71" count="3" type="stmt"/>
        <line num="76" count="2" type="cond" truecount="2" falsecount="0"/>
        <line num="77" count="1" type="stmt"/>
        <line num="78" count="1" type="stmt"/>
        <line num="82" count="3" type="cond" truecount="2" falsecount="0"/>
        <line num="83" count="2" type="stmt"/>
        <line num="84" count="2" type="stmt"/>
        <line num="88" count="2" type="cond" truecount="2" falsecount="0"/>
        <line num="89" count="1" type="stmt"/>
        <line num="90" count="1" type="stmt"/>
        <line num="94" count="2" type="cond" truecount="2" falsecount="0"/>
        <line num="95" count="1" type="stmt"/>
        <line num="96" count="1" type="stmt"/>
        <line num="100" count="3" type="cond" truecount="2" falsecount="0"/>
        <line num="101" count="2" type="stmt"/>
        <line num="102" count="2" type="stmt"/>
        <line num="106" count="3" type="cond" truecount="2" falsecount="0"/>
        <line num="107" count="2" type="stmt"/>
        <line num="108" count="2" type="stmt"/>
        <line num="111" count="4" type="stmt"/>
      </file>
    </package>
    <package name="src.utils.skills">
      <metrics statements="37" coveredstatements="37" conditionals="22" coveredconditionals="19" methods="17" coveredmethods="17"/>
      <file name="progress.ts" path="D:\WORK\python_proj\skills_tracking\src\utils\skills\progress.ts">
        <metrics statements="13" coveredstatements="13" conditionals="6" coveredconditionals="5" methods="8" coveredmethods="8"/>
        <line num="10" count="4" type="stmt"/>
        <line num="11" count="3" type="stmt"/>
        <line num="12" count="6" type="stmt"/>
        <line num="15" count="3" type="cond" truecount="2" falsecount="0"/>
        <line num="16" count="3" type="stmt"/>
        <line num="22" count="3" type="stmt"/>
        <line num="23" count="2" type="cond" truecount="2" falsecount="0"/>
        <line num="24" count="1" type="stmt"/>
        <line num="26" count="1" type="stmt"/>
        <line num="27" count="1" type="stmt"/>
        <line num="28" count="1" type="stmt"/>
        <line num="29" count="1" type="cond" truecount="1" falsecount="1"/>
        <line num="30" count="2" type="stmt"/>
      </file>
      <file name="stats.ts" path="D:\WORK\python_proj\skills_tracking\src\utils\skills\stats.ts">
        <metrics statements="24" coveredstatements="24" conditionals="16" coveredconditionals="14" methods="9" coveredmethods="9"/>
        <line num="5" count="12" type="stmt"/>
        <line num="9" count="18" type="stmt"/>
        <line num="11" count="18" type="stmt"/>
        <line num="12" count="7" type="cond" truecount="1" falsecount="1"/>
        <line num="13" count="7" type="stmt"/>
        <line num="14" count="8" type="cond" truecount="2" falsecount="0"/>
        <line num="15" count="8" type="cond" truecount="2" falsecount="0"/>
        <line num="16" count="8" type="cond" truecount="2" falsecount="0"/>
        <line num="17" count="7" type="stmt"/>
        <line num="18" count="7" type="stmt"/>
        <line num="19" count="7" type="stmt"/>
        <line num="24" count="18" type="stmt"/>
        <line num="34" count="12" type="stmt"/>
        <line num="39" count="6" type="stmt"/>
        <line num="40" count="6" type="stmt"/>
        <line num="44" count="6" type="stmt"/>
        <line num="45" count="5" type="stmt"/>
        <line num="47" count="6" type="stmt"/>
        <line num="48" count="6" type="cond" truecount="2" falsecount="0"/>
        <line num="50" count="6" type="stmt"/>
        <line num="51" count="5" type="cond" truecount="2" falsecount="0"/>
        <line num="52" count="5" type="cond" truecount="2" falsecount="0"/>
        <line num="53" count="5" type="stmt"/>
        <line num="56" count="6" type="stmt"/>
      </file>
    </package>
    <package name="src.utils.tasks">
      <metrics statements="45" coveredstatements="45" conditionals="54" coveredconditionals="49" methods="12" coveredmethods="12"/>
      <file name="similarity.ts" path="D:\WORK\python_proj\skills_tracking\src\utils\tasks\similarity.ts">
        <metrics statements="27" coveredstatements="27" conditionals="37" coveredconditionals="33" methods="7" coveredmethods="7"/>
        <line num="5" count="45" type="cond" truecount="2" falsecount="0"/>
        <line num="6" count="94" type="stmt"/>
        <line num="7" count="45" type="stmt"/>
        <line num="11" count="15" type="cond" truecount="4" falsecount="0"/>
        <line num="13" count="14" type="stmt"/>
        <line num="14" count="14" type="stmt"/>
        <line num="15" count="34" type="cond" truecount="2" falsecount="0"/>
        <line num="18" count="14" type="stmt"/>
        <line num="19" count="14" type="cond" truecount="1" falsecount="1"/>
        <line num="32" count="31" type="cond" truecount="2" falsecount="0"/>
        <line num="33" count="31" type="stmt"/>
        <line num="34" count="31" type="stmt"/>
        <line num="36" count="31" type="stmt"/>
        <line num="37" count="31" type="stmt"/>
        <line num="38" count="18" type="cond" truecount="4" falsecount="0"/>
        <line num="39" count="16" type="cond" truecount="1" falsecount="2"/>
        <line num="40" count="18" type="cond" truecount="2" falsecount="0"/>
        <line num="41" count="13" type="cond" truecount="2" falsecount="0"/>
        <line num="43" count="12" type="stmt"/>
        <line num="44" count="12" type="cond" truecount="2" falsecount="0"/>
        <line num="46" count="12" type="cond" truecount="2" falsecount="0"/>
        <line num="48" count="11" type="cond" truecount="1" falsecount="1"/>
        <line num="49" count="18" type="cond" truecount="2" falsecount="0"/>
        <line num="52" count="31" type="stmt"/>
        <line num="68" count="29" type="stmt"/>
        <line num="69" count="29" type="stmt"/>
        <line num="75" count="29" type="stmt"/>
      </file>
      <file name="xp.ts" path="D:\WORK\python_proj\skills_tracking\src\utils\tasks\xp.ts">
        <metrics statements="18" coveredstatements="18" conditionals="17" coveredconditionals="16" methods="5" coveredmethods="5"/>
        <line num="1" count="11" type="stmt"/>
        <line num="16" count="173" type="cond" truecount="1" falsecount="1"/>
        <line num="20" count="242" type="stmt"/>
        <line num="21" count="242" type="stmt"/>
        <line num="22" count="2662" type="cond" truecount="2" falsecount="0"/>
        <line num="23" count="274" type="stmt"/>
        <line num="26" count="242" type="stmt"/>
        <line num="29" count="11" type="stmt"/>
        <line num="38" count="22" type="stmt"/>
        <line num="47" count="48" type="cond" truecount="2" falsecount="0"/>
        <line num="48" count="3" type="stmt"/>
        <line num="49" count="3" type="stmt"/>
        <line num="59" count="19" type="cond" truecount="4" falsecount="0"/>
        <line num="60" count="19" type="stmt"/>
        <line num="61" count="19" type="cond" truecount="2" falsecount="0"/>
        <line num="62" count="19" type="stmt"/>
        <line num="63" count="19" type="stmt"/>
        <line num="64" count="19" type="stmt"/>
      </file>
    </package>
  </project>
</coverage>
