{"D:\\WORK\\python_proj\\skills_tracking\\src\\seed.ts": {"path":"D:\\WORK\\python_proj\\skills_tracking\\src\\seed.ts","statementMap":{"0":{"start":{"line":3,"column":31},"end":{"line":142,"column":null}},"1":{"start":{"line":16,"column":28},"end":{"line":21,"column":8}},"2":{"start":{"line":20,"column":38},"end":{"line":20,"column":97}},"3":{"start":{"line":32,"column":28},"end":{"line":37,"column":8}},"4":{"start":{"line":36,"column":38},"end":{"line":36,"column":97}},"5":{"start":{"line":45,"column":28},"end":{"line":50,"column":8}},"6":{"start":{"line":49,"column":38},"end":{"line":49,"column":97}},"7":{"start":{"line":62,"column":28},"end":{"line":67,"column":8}},"8":{"start":{"line":66,"column":38},"end":{"line":66,"column":97}},"9":{"start":{"line":83,"column":28},"end":{"line":88,"column":8}},"10":{"start":{"line":87,"column":38},"end":{"line":87,"column":97}},"11":{"start":{"line":103,"column":28},"end":{"line":108,"column":8}},"12":{"start":{"line":107,"column":38},"end":{"line":107,"column":97}},"13":{"start":{"line":120,"column":28},"end":{"line":125,"column":8}},"14":{"start":{"line":124,"column":38},"end":{"line":124,"column":97}},"15":{"start":{"line":134,"column":28},"end":{"line":139,"column":8}},"16":{"start":{"line":138,"column":38},"end":{"line":138,"column":97}}},"fnMap":{"0":{"name":"(anonymous_0)","decl":{"start":{"line":16,"column":12},"end":{"line":16,"column":13}},"loc":{"start":{"line":16,"column":28},"end":{"line":21,"column":8}},"line":16},"1":{"name":"(anonymous_1)","decl":{"start":{"line":20,"column":32},"end":{"line":20,"column":38}},"loc":{"start":{"line":20,"column":38},"end":{"line":20,"column":97}},"line":20},"2":{"name":"(anonymous_2)","decl":{"start":{"line":32,"column":12},"end":{"line":32,"column":13}},"loc":{"start":{"line":32,"column":28},"end":{"line":37,"column":8}},"line":32},"3":{"name":"(anonymous_3)","decl":{"start":{"line":36,"column":32},"end":{"line":36,"column":38}},"loc":{"start":{"line":36,"column":38},"end":{"line":36,"column":97}},"line":36},"4":{"name":"(anonymous_4)","decl":{"start":{"line":45,"column":12},"end":{"line":45,"column":13}},"loc":{"start":{"line":45,"column":28},"end":{"line":50,"column":8}},"line":45},"5":{"name":"(anonymous_5)","decl":{"start":{"line":49,"column":32},"end":{"line":49,"column":38}},"loc":{"start":{"line":49,"column":38},"end":{"line":49,"column":97}},"line":49},"6":{"name":"(anonymous_6)","decl":{"start":{"line":62,"column":12},"end":{"line":62,"column":13}},"loc":{"start":{"line":62,"column":28},"end":{"line":67,"column":8}},"line":62},"7":{"name":"(anonymous_7)","decl":{"start":{"line":66,"column":32},"end":{"line":66,"column":38}},"loc":{"start":{"line":66,"column":38},"end":{"line":66,"column":97}},"line":66},"8":{"name":"(anonymous_8)","decl":{"start":{"line":83,"column":12},"end":{"line":83,"column":13}},"loc":{"start":{"line":83,"column":28},"end":{"line":88,"column":8}},"line":83},"9":{"name":"(anonymous_9)","decl":{"start":{"line":87,"column":32},"end":{"line":87,"column":38}},"loc":{"start":{"line":87,"column":38},"end":{"line":87,"column":97}},"line":87},"10":{"name":"(anonymous_10)","decl":{"start":{"line":103,"column":12},"end":{"line":103,"column":13}},"loc":{"start":{"line":103,"column":28},"end":{"line":108,"column":8}},"line":103},"11":{"name":"(anonymous_11)","decl":{"start":{"line":107,"column":32},"end":{"line":107,"column":38}},"loc":{"start":{"line":107,"column":38},"end":{"line":107,"column":97}},"line":107},"12":{"name":"(anonymous_12)","decl":{"start":{"line":120,"column":12},"end":{"line":120,"column":13}},"loc":{"start":{"line":120,"column":28},"end":{"line":125,"column":8}},"line":120},"13":{"name":"(anonymous_13)","decl":{"start":{"line":124,"column":32},"end":{"line":124,"column":38}},"loc":{"start":{"line":124,"column":38},"end":{"line":124,"column":97}},"line":124},"14":{"name":"(anonymous_14)","decl":{"start":{"line":134,"column":12},"end":{"line":134,"column":13}},"loc":{"start":{"line":134,"column":28},"end":{"line":139,"column":8}},"line":134},"15":{"name":"(anonymous_15)","decl":{"start":{"line":138,"column":32},"end":{"line":138,"column":38}},"loc":{"start":{"line":138,"column":38},"end":{"line":138,"column":97}},"line":138}},"branchMap":{},"s":{"0":1,"1":6,"2":30,"3":5,"4":25,"5":2,"6":10,"7":6,"8":30,"9":10,"10":50,"11":9,"12":45,"13":6,"14":30,"15":3,"16":15},"f":{"0":6,"1":30,"2":5,"3":25,"4":2,"5":10,"6":6,"7":30,"8":10,"9":50,"10":9,"11":45,"12":6,"13":30,"14":3,"15":15},"b":{},"meta":{"lastBranch":0,"lastFunction":16,"lastStatement":17,"seen":{"s:3:31:142:Infinity":0,"f:16:12:16:13":0,"s:16:28:21:8":1,"f:20:32:20:38":1,"s:20:38:20:97":2,"f:32:12:32:13":2,"s:32:28:37:8":3,"f:36:32:36:38":3,"s:36:38:36:97":4,"f:45:12:45:13":4,"s:45:28:50:8":5,"f:49:32:49:38":5,"s:49:38:49:97":6,"f:62:12:62:13":6,"s:62:28:67:8":7,"f:66:32:66:38":7,"s:66:38:66:97":8,"f:83:12:83:13":8,"s:83:28:88:8":9,"f:87:32:87:38":9,"s:87:38:87:97":10,"f:103:12:103:13":10,"s:103:28:108:8":11,"f:107:32:107:38":11,"s:107:38:107:97":12,"f:120:12:120:13":12,"s:120:28:125:8":13,"f:124:32:124:38":13,"s:124:38:124:97":14,"f:134:12:134:13":14,"s:134:28:139:8":15,"f:138:32:138:38":15,"s:138:38:138:97":16}}}
,"D:\\WORK\\python_proj\\skills_tracking\\src\\state.ts": {"path":"D:\\WORK\\python_proj\\skills_tracking\\src\\state.ts","statementMap":{"0":{"start":{"line":9,"column":20},"end":{"line":9,"column":null}},"1":{"start":{"line":9,"column":39},"end":{"line":9,"column":56}},"2":{"start":{"line":10,"column":22},"end":{"line":10,"column":null}},"3":{"start":{"line":33,"column":2},"end":{"line":33,"column":null}},"4":{"start":{"line":35,"column":8},"end":{"line":35,"column":null}},"5":{"start":{"line":50,"column":2},"end":{"line":56,"column":null}},"6":{"start":{"line":54,"column":6},"end":{"line":54,"column":null}},"7":{"start":{"line":68,"column":2},"end":{"line":68,"column":null}},"8":{"start":{"line":70,"column":2},"end":{"line":81,"column":null}},"9":{"start":{"line":71,"column":4},"end":{"line":76,"column":null}},"10":{"start":{"line":72,"column":6},"end":{"line":75,"column":null}},"11":{"start":{"line":72,"column":25},"end":{"line":75,"column":9}},"12":{"start":{"line":72,"column":43},"end":{"line":75,"column":8}},"13":{"start":{"line":74,"column":53},"end":{"line":74,"column":85}},"14":{"start":{"line":78,"column":4},"end":{"line":80,"column":null}},"15":{"start":{"line":79,"column":6},"end":{"line":79,"column":null}},"16":{"start":{"line":84,"column":19},"end":{"line":84,"column":null}},"17":{"start":{"line":85,"column":4},"end":{"line":85,"column":null}},"18":{"start":{"line":85,"column":17},"end":{"line":85,"column":null}},"19":{"start":{"line":87,"column":4},"end":{"line":122,"column":null}},"20":{"start":{"line":89,"column":48},"end":{"line":89,"column":null}},"21":{"start":{"line":90,"column":8},"end":{"line":90,"column":null}},"22":{"start":{"line":90,"column":28},"end":{"line":90,"column":46}},"23":{"start":{"line":91,"column":8},"end":{"line":91,"column":null}},"24":{"start":{"line":91,"column":39},"end":{"line":91,"column":73}},"25":{"start":{"line":92,"column":8},"end":{"line":92,"column":null}},"26":{"start":{"line":92,"column":29},"end":{"line":92,"column":59}},"27":{"start":{"line":93,"column":8},"end":{"line":95,"column":null}},"28":{"start":{"line":94,"column":10},"end":{"line":94,"column":null}},"29":{"start":{"line":94,"column":36},"end":{"line":94,"column":70}},"30":{"start":{"line":96,"column":8},"end":{"line":96,"column":null}},"31":{"start":{"line":99,"column":25},"end":{"line":99,"column":null}},"32":{"start":{"line":100,"column":8},"end":{"line":100,"column":null}},"33":{"start":{"line":100,"column":27},"end":{"line":100,"column":42}},"34":{"start":{"line":101,"column":8},"end":{"line":101,"column":null}},"35":{"start":{"line":104,"column":38},"end":{"line":104,"column":null}},"36":{"start":{"line":105,"column":8},"end":{"line":105,"column":null}},"37":{"start":{"line":106,"column":8},"end":{"line":114,"column":null}},"38":{"start":{"line":107,"column":23},"end":{"line":107,"column":null}},"39":{"start":{"line":108,"column":10},"end":{"line":112,"column":null}},"40":{"start":{"line":109,"column":12},"end":{"line":111,"column":null}},"41":{"start":{"line":110,"column":14},"end":{"line":110,"column":null}},"42":{"start":{"line":113,"column":10},"end":{"line":113,"column":null}},"43":{"start":{"line":115,"column":8},"end":{"line":115,"column":null}},"44":{"start":{"line":118,"column":29},"end":{"line":118,"column":null}},"45":{"start":{"line":119,"column":8},"end":{"line":119,"column":null}},"46":{"start":{"line":120,"column":8},"end":{"line":120,"column":null}},"47":{"start":{"line":124,"column":4},"end":{"line":124,"column":null}},"48":{"start":{"line":127,"column":2},"end":{"line":171,"column":null}}},"fnMap":{"0":{"name":"useSkillRpgState","decl":{"start":{"line":8,"column":16},"end":{"line":8,"column":35}},"loc":{"start":{"line":8,"column":35},"end":{"line":172,"column":null}},"line":8},"1":{"name":"(anonymous_1)","decl":{"start":{"line":9,"column":33},"end":{"line":9,"column":39}},"loc":{"start":{"line":9,"column":39},"end":{"line":9,"column":56}},"line":9},"2":{"name":"(anonymous_2)","decl":{"start":{"line":53,"column":32},"end":{"line":53,"column":45}},"loc":{"start":{"line":53,"column":45},"end":{"line":55,"column":null}},"line":53},"3":{"name":"(anonymous_3)","decl":{"start":{"line":70,"column":12},"end":{"line":70,"column":18}},"loc":{"start":{"line":70,"column":18},"end":{"line":81,"column":5}},"line":70},"4":{"name":"(anonymous_4)","decl":{"start":{"line":71,"column":35},"end":{"line":71,"column":48}},"loc":{"start":{"line":71,"column":48},"end":{"line":76,"column":null}},"line":71},"5":{"name":"(anonymous_5)","decl":{"start":{"line":72,"column":17},"end":{"line":72,"column":25}},"loc":{"start":{"line":72,"column":25},"end":{"line":75,"column":9}},"line":72},"6":{"name":"(anonymous_6)","decl":{"start":{"line":72,"column":34},"end":{"line":72,"column":43}},"loc":{"start":{"line":72,"column":43},"end":{"line":75,"column":8}},"line":72},"7":{"name":"(anonymous_7)","decl":{"start":{"line":74,"column":41},"end":{"line":74,"column":53}},"loc":{"start":{"line":74,"column":53},"end":{"line":74,"column":85}},"line":74},"8":{"name":"(anonymous_8)","decl":{"start":{"line":78,"column":11},"end":{"line":78,"column":17}},"loc":{"start":{"line":78,"column":17},"end":{"line":80,"column":null}},"line":78},"9":{"name":"performUndo","decl":{"start":{"line":83,"column":11},"end":{"line":83,"column":40}},"loc":{"start":{"line":83,"column":40},"end":{"line":125,"column":null}},"line":83},"10":{"name":"(anonymous_10)","decl":{"start":{"line":90,"column":20},"end":{"line":90,"column":28}},"loc":{"start":{"line":90,"column":28},"end":{"line":90,"column":46}},"line":90},"11":{"name":"(anonymous_11)","decl":{"start":{"line":91,"column":30},"end":{"line":91,"column":39}},"loc":{"start":{"line":91,"column":39},"end":{"line":91,"column":73}},"line":91},"12":{"name":"(anonymous_12)","decl":{"start":{"line":92,"column":20},"end":{"line":92,"column":29}},"loc":{"start":{"line":92,"column":29},"end":{"line":92,"column":59}},"line":92},"13":{"name":"(anonymous_13)","decl":{"start":{"line":94,"column":27},"end":{"line":94,"column":36}},"loc":{"start":{"line":94,"column":36},"end":{"line":94,"column":70}},"line":94},"14":{"name":"(anonymous_14)","decl":{"start":{"line":100,"column":19},"end":{"line":100,"column":27}},"loc":{"start":{"line":100,"column":27},"end":{"line":100,"column":42}},"line":100},"15":{"name":"(anonymous_15)","decl":{"start":{"line":106,"column":25},"end":{"line":106,"column":33}},"loc":{"start":{"line":106,"column":33},"end":{"line":114,"column":9}},"line":106}},"branchMap":{"0":{"loc":{"start":{"line":85,"column":4},"end":{"line":85,"column":null}},"type":"if","locations":[{"start":{"line":85,"column":4},"end":{"line":85,"column":null}},{"start":{},"end":{}}],"line":85},"1":{"loc":{"start":{"line":87,"column":4},"end":{"line":122,"column":null}},"type":"switch","locations":[{"start":{"line":88,"column":6},"end":{"line":97,"column":null}},{"start":{"line":98,"column":6},"end":{"line":102,"column":null}},{"start":{"line":103,"column":6},"end":{"line":116,"column":null}},{"start":{"line":117,"column":6},"end":{"line":121,"column":null}}],"line":87},"2":{"loc":{"start":{"line":93,"column":8},"end":{"line":95,"column":null}},"type":"if","locations":[{"start":{"line":93,"column":8},"end":{"line":95,"column":null}},{"start":{},"end":{}}],"line":93},"3":{"loc":{"start":{"line":109,"column":12},"end":{"line":111,"column":null}},"type":"if","locations":[{"start":{"line":109,"column":12},"end":{"line":111,"column":null}},{"start":{},"end":{}}],"line":109},"4":{"loc":{"start":{"line":109,"column":16},"end":{"line":109,"column":46}},"type":"binary-expr","locations":[{"start":{"line":109,"column":16},"end":{"line":109,"column":26}},{"start":{"line":109,"column":26},"end":{"line":109,"column":46}}],"line":109}},"s":{"0":39,"1":4,"2":39,"3":39,"4":39,"5":39,"6":1,"7":39,"8":39,"9":4,"10":1,"11":1,"12":0,"13":0,"14":4,"15":0,"16":4,"17":4,"18":0,"19":4,"20":1,"21":1,"22":1,"23":1,"24":1,"25":1,"26":1,"27":1,"28":0,"29":0,"30":1,"31":1,"32":1,"33":1,"34":1,"35":1,"36":1,"37":1,"38":1,"39":1,"40":0,"41":0,"42":1,"43":1,"44":1,"45":1,"46":1,"47":4,"48":39},"f":{"0":39,"1":4,"2":1,"3":4,"4":1,"5":1,"6":0,"7":0,"8":0,"9":4,"10":1,"11":1,"12":1,"13":0,"14":1,"15":1},"b":{"0":[0,4],"1":[1,1,1,1],"2":[0,1],"3":[0,0],"4":[0,0]},"meta":{"lastBranch":5,"lastFunction":16,"lastStatement":49,"seen":{"f:8:16:8:35":0,"s:9:20:9:Infinity":0,"f:9:33:9:39":1,"s:9:39:9:56":1,"s:10:22:10:Infinity":2,"s:33:2:33:Infinity":3,"s:35:8:35:Infinity":4,"s:50:2:56:Infinity":5,"f:53:32:53:45":2,"s:54:6:54:Infinity":6,"s:68:2:68:Infinity":7,"s:70:2:81:Infinity":8,"f:70:12:70:18":3,"s:71:4:76:Infinity":9,"f:71:35:71:48":4,"s:72:6:75:Infinity":10,"f:72:17:72:25":5,"s:72:25:75:9":11,"f:72:34:72:43":6,"s:72:43:75:8":12,"f:74:41:74:53":7,"s:74:53:74:85":13,"s:78:4:80:Infinity":14,"f:78:11:78:17":8,"s:79:6:79:Infinity":15,"f:83:11:83:40":9,"s:84:19:84:Infinity":16,"b:85:4:85:Infinity:undefined:undefined:undefined:undefined":0,"s:85:4:85:Infinity":17,"s:85:17:85:Infinity":18,"b:88:6:97:Infinity:98:6:102:Infinity:103:6:116:Infinity:117:6:121:Infinity":1,"s:87:4:122:Infinity":19,"s:89:48:89:Infinity":20,"s:90:8:90:Infinity":21,"f:90:20:90:28":10,"s:90:28:90:46":22,"s:91:8:91:Infinity":23,"f:91:30:91:39":11,"s:91:39:91:73":24,"s:92:8:92:Infinity":25,"f:92:20:92:29":12,"s:92:29:92:59":26,"b:93:8:95:Infinity:undefined:undefined:undefined:undefined":2,"s:93:8:95:Infinity":27,"s:94:10:94:Infinity":28,"f:94:27:94:36":13,"s:94:36:94:70":29,"s:96:8:96:Infinity":30,"s:99:25:99:Infinity":31,"s:100:8:100:Infinity":32,"f:100:19:100:27":14,"s:100:27:100:42":33,"s:101:8:101:Infinity":34,"s:104:38:104:Infinity":35,"s:105:8:105:Infinity":36,"s:106:8:114:Infinity":37,"f:106:25:106:33":15,"s:107:23:107:Infinity":38,"s:108:10:112:Infinity":39,"b:109:12:111:Infinity:undefined:undefined:undefined:undefined":3,"s:109:12:111:Infinity":40,"b:109:16:109:26:109:26:109:46":4,"s:110:14:110:Infinity":41,"s:113:10:113:Infinity":42,"s:115:8:115:Infinity":43,"s:118:29:118:Infinity":44,"s:119:8:119:Infinity":45,"s:120:8:120:Infinity":46,"s:124:4:124:Infinity":47,"s:127:2:171:Infinity":48}}}
,"D:\\WORK\\python_proj\\skills_tracking\\src\\storage.ts": {"path":"D:\\WORK\\python_proj\\skills_tracking\\src\\storage.ts","statementMap":{"0":{"start":{"line":4,"column":25},"end":{"line":4,"column":null}},"1":{"start":{"line":5,"column":27},"end":{"line":5,"column":null}},"2":{"start":{"line":8,"column":12},"end":{"line":8,"column":null}},"3":{"start":{"line":9,"column":2},"end":{"line":9,"column":null}},"4":{"start":{"line":13,"column":2},"end":{"line":13,"column":null}},"5":{"start":{"line":17,"column":2},"end":{"line":23,"column":null}},"6":{"start":{"line":18,"column":16},"end":{"line":18,"column":null}},"7":{"start":{"line":19,"column":16},"end":{"line":19,"column":null}},"8":{"start":{"line":20,"column":4},"end":{"line":20,"column":null}},"9":{"start":{"line":22,"column":4},"end":{"line":22,"column":null}},"10":{"start":{"line":27,"column":15},"end":{"line":27,"column":null}},"11":{"start":{"line":28,"column":2},"end":{"line":31,"column":null}},"12":{"start":{"line":29,"column":4},"end":{"line":29,"column":null}},"13":{"start":{"line":30,"column":4},"end":{"line":30,"column":null}},"14":{"start":{"line":35,"column":2},"end":{"line":35,"column":null}},"15":{"start":{"line":39,"column":2},"end":{"line":39,"column":null}},"16":{"start":{"line":40,"column":2},"end":{"line":48,"column":null}},"17":{"start":{"line":41,"column":16},"end":{"line":41,"column":null}},"18":{"start":{"line":42,"column":4},"end":{"line":42,"column":null}},"19":{"start":{"line":42,"column":14},"end":{"line":42,"column":null}},"20":{"start":{"line":43,"column":19},"end":{"line":43,"column":null}},"21":{"start":{"line":45,"column":4},"end":{"line":45,"column":null}},"22":{"start":{"line":47,"column":4},"end":{"line":47,"column":null}},"23":{"start":{"line":52,"column":2},"end":{"line":52,"column":null}},"24":{"start":{"line":53,"column":2},"end":{"line":53,"column":null}},"25":{"start":{"line":57,"column":17},"end":{"line":57,"column":null}},"26":{"start":{"line":58,"column":2},"end":{"line":58,"column":null}},"27":{"start":{"line":59,"column":2},"end":{"line":59,"column":null}}},"fnMap":{"0":{"name":"getActiveProfile","decl":{"start":{"line":7,"column":16},"end":{"line":7,"column":43}},"loc":{"start":{"line":7,"column":43},"end":{"line":10,"column":null}},"line":7},"1":{"name":"setActiveProfile","decl":{"start":{"line":12,"column":16},"end":{"line":12,"column":33}},"loc":{"start":{"line":12,"column":50},"end":{"line":14,"column":null}},"line":12},"2":{"name":"listProfiles","decl":{"start":{"line":16,"column":16},"end":{"line":16,"column":41}},"loc":{"start":{"line":16,"column":41},"end":{"line":24,"column":null}},"line":16},"3":{"name":"ensureProfileExists","decl":{"start":{"line":26,"column":16},"end":{"line":26,"column":36}},"loc":{"start":{"line":26,"column":53},"end":{"line":32,"column":null}},"line":26},"4":{"name":"keyFor","decl":{"start":{"line":34,"column":9},"end":{"line":34,"column":16}},"loc":{"start":{"line":34,"column":33},"end":{"line":36,"column":null}},"line":34},"5":{"name":"loadSkillTree","decl":{"start":{"line":38,"column":16},"end":{"line":38,"column":30}},"loc":{"start":{"line":38,"column":71},"end":{"line":49,"column":null}},"line":38},"6":{"name":"saveSkillTree","decl":{"start":{"line":51,"column":16},"end":{"line":51,"column":30}},"loc":{"start":{"line":51,"column":83},"end":{"line":54,"column":null}},"line":51},"7":{"name":"resetToSeed","decl":{"start":{"line":56,"column":16},"end":{"line":56,"column":28}},"loc":{"start":{"line":56,"column":69},"end":{"line":60,"column":null}},"line":56}},"branchMap":{"0":{"loc":{"start":{"line":9,"column":9},"end":{"line":9,"column":null}},"type":"binary-expr","locations":[{"start":{"line":9,"column":9},"end":{"line":9,"column":14}},{"start":{"line":9,"column":14},"end":{"line":9,"column":null}}],"line":9},"1":{"loc":{"start":{"line":19,"column":16},"end":{"line":19,"column":null}},"type":"cond-expr","locations":[{"start":{"line":19,"column":23},"end":{"line":19,"column":54}},{"start":{"line":19,"column":54},"end":{"line":19,"column":null}}],"line":19},"2":{"loc":{"start":{"line":20,"column":11},"end":{"line":20,"column":null}},"type":"cond-expr","locations":[{"start":{"line":20,"column":24},"end":{"line":20,"column":30}},{"start":{"line":20,"column":30},"end":{"line":20,"column":null}}],"line":20},"3":{"loc":{"start":{"line":28,"column":2},"end":{"line":31,"column":null}},"type":"if","locations":[{"start":{"line":28,"column":2},"end":{"line":31,"column":null}},{"start":{},"end":{}}],"line":28},"4":{"loc":{"start":{"line":35,"column":9},"end":{"line":35,"column":null}},"type":"cond-expr","locations":[{"start":{"line":35,"column":33},"end":{"line":35,"column":47}},{"start":{"line":35,"column":47},"end":{"line":35,"column":null}}],"line":35},"5":{"loc":{"start":{"line":38,"column":30},"end":{"line":38,"column":71}},"type":"default-arg","locations":[{"start":{"line":38,"column":40},"end":{"line":38,"column":71}}],"line":38},"6":{"loc":{"start":{"line":42,"column":4},"end":{"line":42,"column":null}},"type":"if","locations":[{"start":{"line":42,"column":4},"end":{"line":42,"column":null}},{"start":{},"end":{}}],"line":42},"7":{"loc":{"start":{"line":45,"column":11},"end":{"line":45,"column":null}},"type":"binary-expr","locations":[{"start":{"line":45,"column":11},"end":{"line":45,"column":21}},{"start":{"line":45,"column":21},"end":{"line":45,"column":null}}],"line":45},"8":{"loc":{"start":{"line":51,"column":47},"end":{"line":51,"column":83}},"type":"default-arg","locations":[{"start":{"line":51,"column":57},"end":{"line":51,"column":83}}],"line":51},"9":{"loc":{"start":{"line":56,"column":28},"end":{"line":56,"column":69}},"type":"default-arg","locations":[{"start":{"line":56,"column":38},"end":{"line":56,"column":69}}],"line":56}},"s":{"0":1,"1":1,"2":8,"3":8,"4":1,"5":24,"6":24,"7":24,"8":24,"9":0,"10":19,"11":19,"12":1,"13":1,"14":19,"15":5,"16":5,"17":5,"18":5,"19":5,"20":0,"21":0,"22":0,"23":13,"24":13,"25":1,"26":1,"27":1},"f":{"0":8,"1":1,"2":24,"3":19,"4":19,"5":5,"6":13,"7":1},"b":{"0":[8,8],"1":[5,19],"2":[5,19],"3":[1,18],"4":[14,5],"5":[5],"6":[5,0],"7":[0,0],"8":[13],"9":[1]},"meta":{"lastBranch":10,"lastFunction":8,"lastStatement":28,"seen":{"s:4:25:4:Infinity":0,"s:5:27:5:Infinity":1,"f:7:16:7:43":0,"s:8:12:8:Infinity":2,"s:9:2:9:Infinity":3,"b:9:9:9:14:9:14:9:Infinity":0,"f:12:16:12:33":1,"s:13:2:13:Infinity":4,"f:16:16:16:41":2,"s:17:2:23:Infinity":5,"s:18:16:18:Infinity":6,"s:19:16:19:Infinity":7,"b:19:23:19:54:19:54:19:Infinity":1,"s:20:4:20:Infinity":8,"b:20:24:20:30:20:30:20:Infinity":2,"s:22:4:22:Infinity":9,"f:26:16:26:36":3,"s:27:15:27:Infinity":10,"b:28:2:31:Infinity:undefined:undefined:undefined:undefined":3,"s:28:2:31:Infinity":11,"s:29:4:29:Infinity":12,"s:30:4:30:Infinity":13,"f:34:9:34:16":4,"s:35:2:35:Infinity":14,"b:35:33:35:47:35:47:35:Infinity":4,"f:38:16:38:30":5,"b:38:40:38:71":5,"s:39:2:39:Infinity":15,"s:40:2:48:Infinity":16,"s:41:16:41:Infinity":17,"b:42:4:42:Infinity:undefined:undefined:undefined:undefined":6,"s:42:4:42:Infinity":18,"s:42:14:42:Infinity":19,"s:43:19:43:Infinity":20,"s:45:4:45:Infinity":21,"b:45:11:45:21:45:21:45:Infinity":7,"s:47:4:47:Infinity":22,"f:51:16:51:30":6,"b:51:57:51:83":8,"s:52:2:52:Infinity":23,"s:53:2:53:Infinity":24,"f:56:16:56:28":7,"b:56:38:56:69":9,"s:57:17:57:Infinity":25,"s:58:2:58:Infinity":26,"s:59:2:59:Infinity":27}}}
,"D:\\WORK\\python_proj\\skills_tracking\\src\\types.ts": {"path":"D:\\WORK\\python_proj\\skills_tracking\\src\\types.ts","statementMap":{"0":{"start":{"line":38,"column":27},"end":{"line":38,"column":null}}},"fnMap":{},"branchMap":{},"s":{"0":1},"f":{},"b":{},"meta":{"lastBranch":0,"lastFunction":0,"lastStatement":1,"seen":{"s:38:27:38:Infinity":0}}}
,"D:\\WORK\\python_proj\\skills_tracking\\src\\components\\EmptyState.tsx": {"path":"D:\\WORK\\python_proj\\skills_tracking\\src\\components\\EmptyState.tsx","statementMap":{"0":{"start":{"line":12,"column":2},"end":{"line":34,"column":null}}},"fnMap":{"0":{"name":"EmptyState","decl":{"start":{"line":11,"column":16},"end":{"line":11,"column":27}},"loc":{"start":{"line":11,"column":79},"end":{"line":36,"column":null}},"line":11}},"branchMap":{"0":{"loc":{"start":{"line":11,"column":29},"end":{"line":11,"column":42}},"type":"default-arg","locations":[{"start":{"line":11,"column":36},"end":{"line":11,"column":42}}],"line":11},"1":{"loc":{"start":{"line":26,"column":7},"end":{"line":27,"column":null}},"type":"binary-expr","locations":[{"start":{"line":26,"column":7},"end":{"line":26,"column":null}},{"start":{"line":27,"column":8},"end":{"line":27,"column":null}}],"line":26},"2":{"loc":{"start":{"line":29,"column":7},"end":{"line":32,"column":null}},"type":"binary-expr","locations":[{"start":{"line":29,"column":7},"end":{"line":29,"column":null}},{"start":{"line":30,"column":8},"end":{"line":32,"column":null}}],"line":29}},"s":{"0":99},"f":{"0":99},"b":{"0":[99],"1":[99,99],"2":[99,98]},"meta":{"lastBranch":3,"lastFunction":1,"lastStatement":1,"seen":{"f:11:16:11:27":0,"b:11:36:11:42":0,"s:12:2:34:Infinity":0,"b:26:7:26:Infinity:27:8:27:Infinity":1,"b:29:7:29:Infinity:30:8:32:Infinity":2}}}
,"D:\\WORK\\python_proj\\skills_tracking\\src\\components\\Modal.tsx": {"path":"D:\\WORK\\python_proj\\skills_tracking\\src\\components\\Modal.tsx","statementMap":{"0":{"start":{"line":13,"column":2},"end":{"line":19,"column":null}},"1":{"start":{"line":15,"column":6},"end":{"line":15,"column":null}},"2":{"start":{"line":15,"column":30},"end":{"line":15,"column":null}},"3":{"start":{"line":17,"column":4},"end":{"line":17,"column":null}},"4":{"start":{"line":17,"column":14},"end":{"line":17,"column":null}},"5":{"start":{"line":18,"column":4},"end":{"line":18,"column":null}},"6":{"start":{"line":18,"column":17},"end":{"line":18,"column":null}},"7":{"start":{"line":21,"column":2},"end":{"line":21,"column":null}},"8":{"start":{"line":21,"column":13},"end":{"line":21,"column":null}},"9":{"start":{"line":23,"column":49},"end":{"line":23,"column":null}},"10":{"start":{"line":25,"column":2},"end":{"line":41,"column":null}},"11":{"start":{"line":27,"column":70},"end":{"line":27,"column":null}}},"fnMap":{"0":{"name":"Modal","decl":{"start":{"line":12,"column":16},"end":{"line":12,"column":22}},"loc":{"start":{"line":12,"column":86},"end":{"line":43,"column":null}},"line":12},"1":{"name":"(anonymous_1)","decl":{"start":{"line":13,"column":12},"end":{"line":13,"column":18}},"loc":{"start":{"line":13,"column":18},"end":{"line":19,"column":5}},"line":13},"2":{"name":"onKey","decl":{"start":{"line":14,"column":13},"end":{"line":14,"column":19}},"loc":{"start":{"line":14,"column":37},"end":{"line":16,"column":null}},"line":14},"3":{"name":"(anonymous_3)","decl":{"start":{"line":18,"column":11},"end":{"line":18,"column":17}},"loc":{"start":{"line":18,"column":17},"end":{"line":18,"column":null}},"line":18},"4":{"name":"(anonymous_4)","decl":{"start":{"line":27,"column":65},"end":{"line":27,"column":70}},"loc":{"start":{"line":27,"column":70},"end":{"line":27,"column":null}},"line":27}},"branchMap":{"0":{"loc":{"start":{"line":12,"column":56},"end":{"line":12,"column":69}},"type":"default-arg","locations":[{"start":{"line":12,"column":64},"end":{"line":12,"column":69}}],"line":12},"1":{"loc":{"start":{"line":15,"column":6},"end":{"line":15,"column":null}},"type":"if","locations":[{"start":{"line":15,"column":6},"end":{"line":15,"column":null}},{"start":{},"end":{}}],"line":15},"2":{"loc":{"start":{"line":17,"column":4},"end":{"line":17,"column":null}},"type":"if","locations":[{"start":{"line":17,"column":4},"end":{"line":17,"column":null}},{"start":{},"end":{}}],"line":17},"3":{"loc":{"start":{"line":21,"column":2},"end":{"line":21,"column":null}},"type":"if","locations":[{"start":{"line":21,"column":2},"end":{"line":21,"column":null}},{"start":{},"end":{}}],"line":21},"4":{"loc":{"start":{"line":23,"column":49},"end":{"line":23,"column":null}},"type":"cond-expr","locations":[{"start":{"line":23,"column":58},"end":{"line":23,"column":112}},{"start":{"line":23,"column":112},"end":{"line":23,"column":null}}],"line":23},"5":{"loc":{"start":{"line":35,"column":9},"end":{"line":38,"column":null}},"type":"binary-expr","locations":[{"start":{"line":35,"column":9},"end":{"line":35,"column":null}},{"start":{"line":36,"column":10},"end":{"line":38,"column":null}}],"line":35}},"s":{"0":736,"1":352,"2":0,"3":579,"4":327,"5":579,"6":579,"7":736,"8":252,"9":484,"10":736,"11":89},"f":{"0":736,"1":579,"2":352,"3":579,"4":89},"b":{"0":[736],"1":[0,352],"2":[327,252],"3":[252,484],"4":[484,0],"5":[736,478]},"meta":{"lastBranch":6,"lastFunction":5,"lastStatement":12,"seen":{"f:12:16:12:22":0,"b:12:64:12:69":0,"s:13:2:19:Infinity":0,"f:13:12:13:18":1,"f:14:13:14:19":2,"b:15:6:15:Infinity:undefined:undefined:undefined:undefined":1,"s:15:6:15:Infinity":1,"s:15:30:15:Infinity":2,"b:17:4:17:Infinity:undefined:undefined:undefined:undefined":2,"s:17:4:17:Infinity":3,"s:17:14:17:Infinity":4,"s:18:4:18:Infinity":5,"f:18:11:18:17":3,"s:18:17:18:Infinity":6,"b:21:2:21:Infinity:undefined:undefined:undefined:undefined":3,"s:21:2:21:Infinity":7,"s:21:13:21:Infinity":8,"s:23:49:23:Infinity":9,"b:23:58:23:112:23:112:23:Infinity":4,"s:25:2:41:Infinity":10,"f:27:65:27:70":4,"s:27:70:27:Infinity":11,"b:35:9:35:Infinity:36:10:38:Infinity":5}}}
,"D:\\WORK\\python_proj\\skills_tracking\\src\\components\\ModalActions.tsx": {"path":"D:\\WORK\\python_proj\\skills_tracking\\src\\components\\ModalActions.tsx","statementMap":{"0":{"start":{"line":4,"column":34},"end":{"line":12,"column":null}},"1":{"start":{"line":32,"column":57},"end":{"line":57,"column":null}},"2":{"start":{"line":33,"column":24},"end":{"line":33,"column":null}},"3":{"start":{"line":34,"column":8},"end":{"line":36,"column":null}},"4":{"start":{"line":38,"column":2},"end":{"line":55,"column":null}},"5":{"start":{"line":43,"column":10},"end":{"line":52,"column":null}}},"fnMap":{"0":{"name":"(anonymous_0)","decl":{"start":{"line":32,"column":57},"end":{"line":32,"column":58}},"loc":{"start":{"line":32,"column":88},"end":{"line":57,"column":null}},"line":32},"1":{"name":"(anonymous_1)","decl":{"start":{"line":42,"column":21},"end":{"line":42,"column":22}},"loc":{"start":{"line":43,"column":10},"end":{"line":52,"column":null}},"line":43}},"branchMap":{"0":{"loc":{"start":{"line":33,"column":24},"end":{"line":33,"column":null}},"type":"binary-expr","locations":[{"start":{"line":33,"column":24},"end":{"line":33,"column":34}},{"start":{"line":33,"column":34},"end":{"line":33,"column":null}}],"line":33},"1":{"loc":{"start":{"line":33,"column":34},"end":{"line":33,"column":null}},"type":"cond-expr","locations":[{"start":{"line":33,"column":42},"end":{"line":33,"column":54}},{"start":{"line":33,"column":54},"end":{"line":33,"column":null}}],"line":33},"2":{"loc":{"start":{"line":40,"column":7},"end":{"line":40,"column":null}},"type":"cond-expr","locations":[{"start":{"line":40,"column":15},"end":{"line":40,"column":76}},{"start":{"line":40,"column":76},"end":{"line":40,"column":null}}],"line":40},"3":{"loc":{"start":{"line":42,"column":40},"end":{"line":42,"column":61}},"type":"default-arg","locations":[{"start":{"line":42,"column":50},"end":{"line":42,"column":61}}],"line":42},"4":{"loc":{"start":{"line":45,"column":18},"end":{"line":45,"column":null}},"type":"binary-expr","locations":[{"start":{"line":45,"column":18},"end":{"line":45,"column":26}},{"start":{"line":45,"column":26},"end":{"line":45,"column":null}}],"line":45},"5":{"loc":{"start":{"line":48,"column":28},"end":{"line":48,"column":75}},"type":"binary-expr","locations":[{"start":{"line":48,"column":28},"end":{"line":48,"column":66}},{"start":{"line":48,"column":66},"end":{"line":48,"column":75}}],"line":48}},"s":{"0":6,"1":6,"2":478,"3":478,"4":478,"5":732},"f":{"0":478,"1":732},"b":{"0":[478,478],"1":[238,240],"2":[238,240],"3":[732],"4":[732,732],"5":[732,0]},"meta":{"lastBranch":6,"lastFunction":2,"lastStatement":6,"seen":{"s:4:34:12:Infinity":0,"s:32:57:57:Infinity":1,"f:32:57:32:58":0,"s:33:24:33:Infinity":2,"b:33:24:33:34:33:34:33:Infinity":0,"b:33:42:33:54:33:54:33:Infinity":1,"s:34:8:36:Infinity":3,"s:38:2:55:Infinity":4,"b:40:15:40:76:40:76:40:Infinity":2,"f:42:21:42:22":1,"s:43:10:52:Infinity":5,"b:42:50:42:61":3,"b:45:18:45:26:45:26:45:Infinity":4,"b:48:28:48:66:48:66:48:75":5}}}
,"D:\\WORK\\python_proj\\skills_tracking\\src\\components\\SegmentedLevelInput.tsx": {"path":"D:\\WORK\\python_proj\\skills_tracking\\src\\components\\SegmentedLevelInput.tsx","statementMap":{"0":{"start":{"line":18,"column":22},"end":{"line":18,"column":null}},"1":{"start":{"line":28,"column":19},"end":{"line":28,"column":null}},"2":{"start":{"line":28,"column":39},"end":{"line":28,"column":100}},"3":{"start":{"line":28,"column":87},"end":{"line":28,"column":97}},"4":{"start":{"line":30,"column":29},"end":{"line":34,"column":null}},"5":{"start":{"line":31,"column":4},"end":{"line":31,"column":null}},"6":{"start":{"line":31,"column":18},"end":{"line":31,"column":null}},"7":{"start":{"line":32,"column":17},"end":{"line":32,"column":null}},"8":{"start":{"line":33,"column":4},"end":{"line":33,"column":null}},"9":{"start":{"line":36,"column":2},"end":{"line":57,"column":null}},"10":{"start":{"line":43,"column":29},"end":{"line":43,"column":null}},"11":{"start":{"line":44,"column":25},"end":{"line":44,"column":null}},"12":{"start":{"line":45,"column":8},"end":{"line":54,"column":null}},"13":{"start":{"line":50,"column":27},"end":{"line":50,"column":null}}},"fnMap":{"0":{"name":"SegmentedLevelInput","decl":{"start":{"line":20,"column":16},"end":{"line":20,"column":36}},"loc":{"start":{"line":27,"column":10},"end":{"line":59,"column":null}},"line":27},"1":{"name":"(anonymous_1)","decl":{"start":{"line":28,"column":33},"end":{"line":28,"column":39}},"loc":{"start":{"line":28,"column":39},"end":{"line":28,"column":100}},"line":28},"2":{"name":"(anonymous_2)","decl":{"start":{"line":28,"column":77},"end":{"line":28,"column":78}},"loc":{"start":{"line":28,"column":87},"end":{"line":28,"column":97}},"line":28},"3":{"name":"(anonymous_3)","decl":{"start":{"line":30,"column":29},"end":{"line":30,"column":30}},"loc":{"start":{"line":30,"column":53},"end":{"line":34,"column":null}},"line":30},"4":{"name":"(anonymous_4)","decl":{"start":{"line":42,"column":20},"end":{"line":42,"column":21}},"loc":{"start":{"line":42,"column":31},"end":{"line":56,"column":7}},"line":42},"5":{"name":"(anonymous_5)","decl":{"start":{"line":50,"column":21},"end":{"line":50,"column":27}},"loc":{"start":{"line":50,"column":27},"end":{"line":50,"column":null}},"line":50}},"branchMap":{"0":{"loc":{"start":{"line":23,"column":2},"end":{"line":23,"column":null}},"type":"default-arg","locations":[{"start":{"line":23,"column":13},"end":{"line":23,"column":null}}],"line":23},"1":{"loc":{"start":{"line":24,"column":2},"end":{"line":24,"column":null}},"type":"default-arg","locations":[{"start":{"line":24,"column":11},"end":{"line":24,"column":null}}],"line":24},"2":{"loc":{"start":{"line":25,"column":2},"end":{"line":25,"column":null}},"type":"default-arg","locations":[{"start":{"line":25,"column":9},"end":{"line":25,"column":null}}],"line":25},"3":{"loc":{"start":{"line":26,"column":2},"end":{"line":26,"column":null}},"type":"default-arg","locations":[{"start":{"line":26,"column":13},"end":{"line":26,"column":null}}],"line":26},"4":{"loc":{"start":{"line":31,"column":4},"end":{"line":31,"column":null}},"type":"if","locations":[{"start":{"line":31,"column":4},"end":{"line":31,"column":null}},{"start":{},"end":{}}],"line":31},"5":{"loc":{"start":{"line":32,"column":17},"end":{"line":32,"column":null}},"type":"cond-expr","locations":[{"start":{"line":32,"column":42},"end":{"line":32,"column":56}},{"start":{"line":32,"column":56},"end":{"line":32,"column":null}}],"line":32},"6":{"loc":{"start":{"line":44,"column":25},"end":{"line":44,"column":null}},"type":"binary-expr","locations":[{"start":{"line":44,"column":25},"end":{"line":44,"column":49}},{"start":{"line":44,"column":49},"end":{"line":44,"column":null}}],"line":44},"7":{"loc":{"start":{"line":53,"column":22},"end":{"line":53,"column":null}},"type":"binary-expr","locations":[{"start":{"line":53,"column":22},"end":{"line":53,"column":34}},{"start":{"line":53,"column":34},"end":{"line":53,"column":null}}],"line":53}},"s":{"0":2,"1":163,"2":11,"3":110,"4":163,"5":3,"6":0,"7":3,"8":3,"9":163,"10":1630,"11":1630,"12":1630,"13":3},"f":{"0":163,"1":11,"2":110,"3":3,"4":1630,"5":3},"b":{"0":[163],"1":[163],"2":[163],"3":[163],"4":[0,3],"5":[1,2],"6":[1630,10],"7":[1630,1620]},"meta":{"lastBranch":8,"lastFunction":6,"lastStatement":14,"seen":{"s:18:22:18:Infinity":0,"f:20:16:20:36":0,"b:23:13:23:Infinity":0,"b:24:11:24:Infinity":1,"b:25:9:25:Infinity":2,"b:26:13:26:Infinity":3,"s:28:19:28:Infinity":1,"f:28:33:28:39":1,"s:28:39:28:100":2,"f:28:77:28:78":2,"s:28:87:28:97":3,"s:30:29:34:Infinity":4,"f:30:29:30:30":3,"b:31:4:31:Infinity:undefined:undefined:undefined:undefined":4,"s:31:4:31:Infinity":5,"s:31:18:31:Infinity":6,"s:32:17:32:Infinity":7,"b:32:42:32:56:32:56:32:Infinity":5,"s:33:4:33:Infinity":8,"s:36:2:57:Infinity":9,"f:42:20:42:21":4,"s:43:29:43:Infinity":10,"s:44:25:44:Infinity":11,"b:44:25:44:49:44:49:44:Infinity":6,"s:45:8:54:Infinity":12,"f:50:21:50:27":5,"s:50:27:50:Infinity":13,"b:53:22:53:34:53:34:53:Infinity":7}}}
,"D:\\WORK\\python_proj\\skills_tracking\\src\\components\\SkillProgress.tsx": {"path":"D:\\WORK\\python_proj\\skills_tracking\\src\\components\\SkillProgress.tsx","statementMap":{"0":{"start":{"line":14,"column":23},"end":{"line":27,"column":null}},"1":{"start":{"line":30,"column":18},"end":{"line":30,"column":null}},"2":{"start":{"line":31,"column":22},"end":{"line":31,"column":null}},"3":{"start":{"line":32,"column":8},"end":{"line":32,"column":null}},"4":{"start":{"line":33,"column":20},"end":{"line":33,"column":null}},"5":{"start":{"line":34,"column":8},"end":{"line":34,"column":null}},"6":{"start":{"line":36,"column":16},"end":{"line":36,"column":null}},"7":{"start":{"line":37,"column":22},"end":{"line":37,"column":null}},"8":{"start":{"line":38,"column":26},"end":{"line":38,"column":null}},"9":{"start":{"line":39,"column":18},"end":{"line":39,"column":null}},"10":{"start":{"line":40,"column":19},"end":{"line":40,"column":null}},"11":{"start":{"line":41,"column":19},"end":{"line":41,"column":null}},"12":{"start":{"line":42,"column":23},"end":{"line":42,"column":null}},"13":{"start":{"line":43,"column":19},"end":{"line":43,"column":null}},"14":{"start":{"line":43,"column":56},"end":{"line":43,"column":57}},"15":{"start":{"line":44,"column":22},"end":{"line":50,"column":null}},"16":{"start":{"line":45,"column":4},"end":{"line":45,"column":null}},"17":{"start":{"line":45,"column":23},"end":{"line":45,"column":null}},"18":{"start":{"line":46,"column":4},"end":{"line":46,"column":null}},"19":{"start":{"line":46,"column":36},"end":{"line":46,"column":null}},"20":{"start":{"line":47,"column":4},"end":{"line":47,"column":null}},"21":{"start":{"line":47,"column":36},"end":{"line":47,"column":null}},"22":{"start":{"line":48,"column":4},"end":{"line":48,"column":null}},"23":{"start":{"line":48,"column":18},"end":{"line":48,"column":null}},"24":{"start":{"line":49,"column":4},"end":{"line":49,"column":null}},"25":{"start":{"line":52,"column":2},"end":{"line":119,"column":null}},"26":{"start":{"line":82,"column":23},"end":{"line":82,"column":null}},"27":{"start":{"line":83,"column":10},"end":{"line":103,"column":null}}},"fnMap":{"0":{"name":"SkillProgress","decl":{"start":{"line":29,"column":16},"end":{"line":29,"column":30}},"loc":{"start":{"line":29,"column":122},"end":{"line":121,"column":null}},"line":29},"1":{"name":"(anonymous_1)","decl":{"start":{"line":43,"column":46},"end":{"line":43,"column":47}},"loc":{"start":{"line":43,"column":56},"end":{"line":43,"column":57}},"line":43},"2":{"name":"(anonymous_2)","decl":{"start":{"line":44,"column":22},"end":{"line":44,"column":23}},"loc":{"start":{"line":44,"column":48},"end":{"line":50,"column":null}},"line":44},"3":{"name":"(anonymous_3)","decl":{"start":{"line":81,"column":22},"end":{"line":81,"column":31}},"loc":{"start":{"line":81,"column":31},"end":{"line":105,"column":9}},"line":81}},"branchMap":{"0":{"loc":{"start":{"line":29,"column":49},"end":{"line":29,"column":64}},"type":"default-arg","locations":[{"start":{"line":29,"column":60},"end":{"line":29,"column":64}}],"line":29},"1":{"loc":{"start":{"line":29,"column":64},"end":{"line":29,"column":81}},"type":"default-arg","locations":[{"start":{"line":29,"column":73},"end":{"line":29,"column":81}}],"line":29},"2":{"loc":{"start":{"line":30,"column":18},"end":{"line":30,"column":null}},"type":"binary-expr","locations":[{"start":{"line":30,"column":18},"end":{"line":30,"column":44}},{"start":{"line":30,"column":44},"end":{"line":30,"column":null}}],"line":30},"3":{"loc":{"start":{"line":33,"column":20},"end":{"line":33,"column":null}},"type":"cond-expr","locations":[{"start":{"line":33,"column":46},"end":{"line":33,"column":58}},{"start":{"line":33,"column":58},"end":{"line":33,"column":null}}],"line":33},"4":{"loc":{"start":{"line":38,"column":26},"end":{"line":38,"column":null}},"type":"cond-expr","locations":[{"start":{"line":38,"column":52},"end":{"line":38,"column":56}},{"start":{"line":38,"column":56},"end":{"line":38,"column":null}}],"line":38},"5":{"loc":{"start":{"line":40,"column":19},"end":{"line":40,"column":null}},"type":"cond-expr","locations":[{"start":{"line":40,"column":45},"end":{"line":40,"column":49}},{"start":{"line":40,"column":49},"end":{"line":40,"column":null}}],"line":40},"6":{"loc":{"start":{"line":45,"column":4},"end":{"line":45,"column":null}},"type":"if","locations":[{"start":{"line":45,"column":4},"end":{"line":45,"column":null}},{"start":{},"end":{}}],"line":45},"7":{"loc":{"start":{"line":46,"column":4},"end":{"line":46,"column":null}},"type":"if","locations":[{"start":{"line":46,"column":4},"end":{"line":46,"column":null}},{"start":{},"end":{}}],"line":46},"8":{"loc":{"start":{"line":47,"column":4},"end":{"line":47,"column":null}},"type":"if","locations":[{"start":{"line":47,"column":4},"end":{"line":47,"column":null}},{"start":{},"end":{}}],"line":47},"9":{"loc":{"start":{"line":48,"column":4},"end":{"line":48,"column":null}},"type":"if","locations":[{"start":{"line":48,"column":4},"end":{"line":48,"column":null}},{"start":{},"end":{}}],"line":48},"10":{"loc":{"start":{"line":56,"column":13},"end":{"line":56,"column":null}},"type":"cond-expr","locations":[{"start":{"line":56,"column":23},"end":{"line":56,"column":27}},{"start":{"line":56,"column":27},"end":{"line":56,"column":null}}],"line":56},"11":{"loc":{"start":{"line":57,"column":17},"end":{"line":57,"column":null}},"type":"cond-expr","locations":[{"start":{"line":57,"column":27},"end":{"line":57,"column":37}},{"start":{"line":57,"column":37},"end":{"line":57,"column":null}}],"line":57},"12":{"loc":{"start":{"line":61,"column":19},"end":{"line":61,"column":null}},"type":"cond-expr","locations":[{"start":{"line":61,"column":57},"end":{"line":61,"column":72}},{"start":{"line":61,"column":72},"end":{"line":61,"column":null}}],"line":61},"13":{"loc":{"start":{"line":61,"column":19},"end":{"line":61,"column":57}},"type":"binary-expr","locations":[{"start":{"line":61,"column":19},"end":{"line":61,"column":35}},{"start":{"line":61,"column":35},"end":{"line":61,"column":57}}],"line":61},"14":{"loc":{"start":{"line":62,"column":17},"end":{"line":62,"column":null}},"type":"cond-expr","locations":[{"start":{"line":62,"column":28},"end":{"line":62,"column":35}},{"start":{"line":62,"column":35},"end":{"line":62,"column":null}}],"line":62},"15":{"loc":{"start":{"line":80,"column":82},"end":{"line":80,"column":99}},"type":"cond-expr","locations":[{"start":{"line":80,"column":92},"end":{"line":80,"column":96}},{"start":{"line":80,"column":96},"end":{"line":80,"column":99}}],"line":80},"16":{"loc":{"start":{"line":80,"column":110},"end":{"line":80,"column":126}},"type":"cond-expr","locations":[{"start":{"line":80,"column":120},"end":{"line":80,"column":124}},{"start":{"line":80,"column":124},"end":{"line":80,"column":126}}],"line":80},"17":{"loc":{"start":{"line":87,"column":24},"end":{"line":87,"column":null}},"type":"cond-expr","locations":[{"start":{"line":87,"column":34},"end":{"line":87,"column":39}},{"start":{"line":87,"column":39},"end":{"line":87,"column":null}}],"line":87},"18":{"loc":{"start":{"line":92,"column":27},"end":{"line":92,"column":null}},"type":"cond-expr","locations":[{"start":{"line":92,"column":38},"end":{"line":92,"column":53}},{"start":{"line":92,"column":53},"end":{"line":92,"column":null}}],"line":92},"19":{"loc":{"start":{"line":107,"column":7},"end":{"line":117,"column":null}},"type":"cond-expr","locations":[{"start":{"line":108,"column":8},"end":{"line":108,"column":null}},{"start":{"line":110,"column":8},"end":{"line":117,"column":null}}],"line":107},"20":{"loc":{"start":{"line":112,"column":11},"end":{"line":115,"column":null}},"type":"cond-expr","locations":[{"start":{"line":113,"column":12},"end":{"line":113,"column":null}},{"start":{"line":115,"column":12},"end":{"line":115,"column":null}}],"line":112}},"s":{"0":3,"1":14,"2":14,"3":14,"4":14,"5":14,"6":14,"7":14,"8":14,"9":14,"10":14,"11":14,"12":14,"13":14,"14":140,"15":14,"16":140,"17":80,"18":60,"19":17,"20":43,"21":37,"22":6,"23":1,"24":5,"25":14,"26":140,"27":140},"f":{"0":14,"1":140,"2":140,"3":140},"b":{"0":[14],"1":[14],"2":[14,0],"3":[1,13],"4":[1,13],"5":[1,13],"6":[80,60],"7":[17,43],"8":[37,6],"9":[1,5],"10":[1,13],"11":[1,13],"12":[3,11],"13":[14,6],"14":[8,6],"15":[1,13],"16":[1,13],"17":[10,130],"18":[20,120],"19":[8,6],"20":[1,5]},"meta":{"lastBranch":21,"lastFunction":4,"lastStatement":28,"seen":{"s:14:23:27:Infinity":0,"f:29:16:29:30":0,"b:29:60:29:64":0,"b:29:73:29:81":1,"s:30:18:30:Infinity":1,"b:30:18:30:44:30:44:30:Infinity":2,"s:31:22:31:Infinity":2,"s:32:8:32:Infinity":3,"s:33:20:33:Infinity":4,"b:33:46:33:58:33:58:33:Infinity":3,"s:34:8:34:Infinity":5,"s:36:16:36:Infinity":6,"s:37:22:37:Infinity":7,"s:38:26:38:Infinity":8,"b:38:52:38:56:38:56:38:Infinity":4,"s:39:18:39:Infinity":9,"s:40:19:40:Infinity":10,"b:40:45:40:49:40:49:40:Infinity":5,"s:41:19:41:Infinity":11,"s:42:23:42:Infinity":12,"s:43:19:43:Infinity":13,"f:43:46:43:47":1,"s:43:56:43:57":14,"s:44:22:50:Infinity":15,"f:44:22:44:23":2,"b:45:4:45:Infinity:undefined:undefined:undefined:undefined":6,"s:45:4:45:Infinity":16,"s:45:23:45:Infinity":17,"b:46:4:46:Infinity:undefined:undefined:undefined:undefined":7,"s:46:4:46:Infinity":18,"s:46:36:46:Infinity":19,"b:47:4:47:Infinity:undefined:undefined:undefined:undefined":8,"s:47:4:47:Infinity":20,"s:47:36:47:Infinity":21,"b:48:4:48:Infinity:undefined:undefined:undefined:undefined":9,"s:48:4:48:Infinity":22,"s:48:18:48:Infinity":23,"s:49:4:49:Infinity":24,"s:52:2:119:Infinity":25,"b:56:23:56:27:56:27:56:Infinity":10,"b:57:27:57:37:57:37:57:Infinity":11,"b:61:57:61:72:61:72:61:Infinity":12,"b:61:19:61:35:61:35:61:57":13,"b:62:28:62:35:62:35:62:Infinity":14,"b:80:92:80:96:80:96:80:99":15,"b:80:120:80:124:80:124:80:126":16,"f:81:22:81:31":3,"s:82:23:82:Infinity":26,"s:83:10:103:Infinity":27,"b:87:34:87:39:87:39:87:Infinity":17,"b:92:38:92:53:92:53:92:Infinity":18,"b:108:8:108:Infinity:110:8:117:Infinity":19,"b:113:12:113:Infinity:115:12:115:Infinity":20}}}
,"D:\\WORK\\python_proj\\skills_tracking\\src\\components\\Toast.tsx": {"path":"D:\\WORK\\python_proj\\skills_tracking\\src\\components\\Toast.tsx","statementMap":{"0":{"start":{"line":22,"column":2},"end":{"line":36,"column":null}},"1":{"start":{"line":34,"column":8},"end":{"line":34,"column":null}},"2":{"start":{"line":41,"column":32},"end":{"line":41,"column":null}},"3":{"start":{"line":43,"column":2},"end":{"line":55,"column":null}},"4":{"start":{"line":44,"column":21},"end":{"line":44,"column":null}},"5":{"start":{"line":45,"column":4},"end":{"line":53,"column":null}},"6":{"start":{"line":46,"column":20},"end":{"line":49,"column":null}},"7":{"start":{"line":47,"column":8},"end":{"line":47,"column":null}},"8":{"start":{"line":48,"column":8},"end":{"line":48,"column":null}},"9":{"start":{"line":48,"column":25},"end":{"line":48,"column":46}},"10":{"start":{"line":50,"column":6},"end":{"line":52,"column":null}},"11":{"start":{"line":51,"column":8},"end":{"line":51,"column":null}},"12":{"start":{"line":54,"column":4},"end":{"line":54,"column":null}},"13":{"start":{"line":57,"column":19},"end":{"line":62,"column":null}},"14":{"start":{"line":64,"column":23},"end":{"line":69,"column":null}},"15":{"start":{"line":71,"column":2},"end":{"line":130,"column":null}},"16":{"start":{"line":92,"column":12},"end":{"line":92,"column":null}},"17":{"start":{"line":93,"column":12},"end":{"line":93,"column":null}},"18":{"start":{"line":111,"column":10},"end":{"line":111,"column":null}},"19":{"start":{"line":112,"column":10},"end":{"line":112,"column":null}},"20":{"start":{"line":112,"column":27},"end":{"line":112,"column":48}},"21":{"start":{"line":136,"column":26},"end":{"line":136,"column":null}},"22":{"start":{"line":138,"column":20},"end":{"line":144,"column":null}},"23":{"start":{"line":142,"column":15},"end":{"line":142,"column":null}},"24":{"start":{"line":143,"column":4},"end":{"line":143,"column":null}},"25":{"start":{"line":143,"column":22},"end":{"line":143,"column":66}},"26":{"start":{"line":146,"column":23},"end":{"line":148,"column":null}},"27":{"start":{"line":147,"column":4},"end":{"line":147,"column":null}},"28":{"start":{"line":147,"column":22},"end":{"line":147,"column":51}},"29":{"start":{"line":147,"column":39},"end":{"line":147,"column":50}},"30":{"start":{"line":150,"column":2},"end":{"line":158,"column":null}},"31":{"start":{"line":154,"column":42},"end":{"line":154,"column":null}},"32":{"start":{"line":155,"column":40},"end":{"line":155,"column":null}},"33":{"start":{"line":156,"column":39},"end":{"line":156,"column":null}},"34":{"start":{"line":157,"column":42},"end":{"line":157,"column":null}}},"fnMap":{"0":{"name":"ToastContainer","decl":{"start":{"line":21,"column":16},"end":{"line":21,"column":31}},"loc":{"start":{"line":21,"column":61},"end":{"line":38,"column":null}},"line":21},"1":{"name":"(anonymous_1)","decl":{"start":{"line":33,"column":18},"end":{"line":33,"column":null}},"loc":{"start":{"line":34,"column":8},"end":{"line":34,"column":null}},"line":34},"2":{"name":"Toast","decl":{"start":{"line":40,"column":9},"end":{"line":40,"column":15}},"loc":{"start":{"line":40,"column":95},"end":{"line":132,"column":null}},"line":40},"3":{"name":"(anonymous_3)","decl":{"start":{"line":43,"column":12},"end":{"line":43,"column":18}},"loc":{"start":{"line":43,"column":18},"end":{"line":55,"column":5}},"line":43},"4":{"name":"(anonymous_4)","decl":{"start":{"line":46,"column":31},"end":{"line":46,"column":37}},"loc":{"start":{"line":46,"column":37},"end":{"line":49,"column":9}},"line":46},"5":{"name":"(anonymous_5)","decl":{"start":{"line":48,"column":19},"end":{"line":48,"column":25}},"loc":{"start":{"line":48,"column":25},"end":{"line":48,"column":46}},"line":48},"6":{"name":"(anonymous_6)","decl":{"start":{"line":50,"column":13},"end":{"line":50,"column":19}},"loc":{"start":{"line":50,"column":19},"end":{"line":52,"column":null}},"line":50},"7":{"name":"(anonymous_7)","decl":{"start":{"line":54,"column":11},"end":{"line":54,"column":17}},"loc":{"start":{"line":54,"column":17},"end":{"line":54,"column":null}},"line":54},"8":{"name":"(anonymous_8)","decl":{"start":{"line":91,"column":19},"end":{"line":91,"column":25}},"loc":{"start":{"line":91,"column":25},"end":{"line":94,"column":null}},"line":91},"9":{"name":"(anonymous_9)","decl":{"start":{"line":110,"column":17},"end":{"line":110,"column":23}},"loc":{"start":{"line":110,"column":23},"end":{"line":113,"column":null}},"line":110},"10":{"name":"(anonymous_10)","decl":{"start":{"line":112,"column":21},"end":{"line":112,"column":27}},"loc":{"start":{"line":112,"column":27},"end":{"line":112,"column":48}},"line":112},"11":{"name":"useToast","decl":{"start":{"line":135,"column":16},"end":{"line":135,"column":27}},"loc":{"start":{"line":135,"column":27},"end":{"line":159,"column":null}},"line":135},"12":{"name":"(anonymous_12)","decl":{"start":{"line":138,"column":20},"end":{"line":138,"column":21}},"loc":{"start":{"line":141,"column":8},"end":{"line":144,"column":null}},"line":141},"13":{"name":"(anonymous_13)","decl":{"start":{"line":143,"column":14},"end":{"line":143,"column":22}},"loc":{"start":{"line":143,"column":22},"end":{"line":143,"column":66}},"line":143},"14":{"name":"(anonymous_14)","decl":{"start":{"line":146,"column":23},"end":{"line":146,"column":24}},"loc":{"start":{"line":146,"column":39},"end":{"line":148,"column":null}},"line":146},"15":{"name":"(anonymous_15)","decl":{"start":{"line":147,"column":14},"end":{"line":147,"column":22}},"loc":{"start":{"line":147,"column":22},"end":{"line":147,"column":51}},"line":147},"16":{"name":"(anonymous_16)","decl":{"start":{"line":147,"column":34},"end":{"line":147,"column":39}},"loc":{"start":{"line":147,"column":39},"end":{"line":147,"column":50}},"line":147},"17":{"name":"(anonymous_17)","decl":{"start":{"line":154,"column":13},"end":{"line":154,"column":14}},"loc":{"start":{"line":154,"column":42},"end":{"line":154,"column":null}},"line":154},"18":{"name":"(anonymous_18)","decl":{"start":{"line":155,"column":11},"end":{"line":155,"column":12}},"loc":{"start":{"line":155,"column":40},"end":{"line":155,"column":null}},"line":155},"19":{"name":"(anonymous_19)","decl":{"start":{"line":156,"column":10},"end":{"line":156,"column":11}},"loc":{"start":{"line":156,"column":39},"end":{"line":156,"column":null}},"line":156},"20":{"name":"(anonymous_20)","decl":{"start":{"line":157,"column":13},"end":{"line":157,"column":14}},"loc":{"start":{"line":157,"column":42},"end":{"line":157,"column":null}},"line":157}},"branchMap":{"0":{"loc":{"start":{"line":44,"column":21},"end":{"line":44,"column":null}},"type":"binary-expr","locations":[{"start":{"line":44,"column":21},"end":{"line":44,"column":39}},{"start":{"line":44,"column":39},"end":{"line":44,"column":null}}],"line":44},"1":{"loc":{"start":{"line":45,"column":4},"end":{"line":53,"column":null}},"type":"if","locations":[{"start":{"line":45,"column":4},"end":{"line":53,"column":null}},{"start":{},"end":{}}],"line":45},"2":{"loc":{"start":{"line":83,"column":17},"end":{"line":83,"column":null}},"type":"cond-expr","locations":[{"start":{"line":83,"column":29},"end":{"line":83,"column":33}},{"start":{"line":83,"column":33},"end":{"line":83,"column":null}}],"line":83},"3":{"loc":{"start":{"line":84,"column":19},"end":{"line":84,"column":null}},"type":"cond-expr","locations":[{"start":{"line":84,"column":31},"end":{"line":84,"column":52}},{"start":{"line":84,"column":52},"end":{"line":84,"column":null}}],"line":84},"4":{"loc":{"start":{"line":89,"column":7},"end":{"line":107,"column":null}},"type":"binary-expr","locations":[{"start":{"line":89,"column":7},"end":{"line":89,"column":null}},{"start":{"line":90,"column":8},"end":{"line":107,"column":null}}],"line":89},"5":{"loc":{"start":{"line":138,"column":38},"end":{"line":138,"column":64}},"type":"default-arg","locations":[{"start":{"line":138,"column":56},"end":{"line":138,"column":64}}],"line":138}},"s":{"0":6,"1":4,"2":8,"3":8,"4":4,"5":4,"6":3,"7":2,"8":2,"9":2,"10":3,"11":3,"12":1,"13":8,"14":8,"15":8,"16":1,"17":1,"18":2,"19":2,"20":2,"21":3,"22":3,"23":1,"24":1,"25":1,"26":3,"27":1,"28":1,"29":1,"30":3,"31":1,"32":0,"33":0,"34":0},"f":{"0":6,"1":4,"2":8,"3":4,"4":2,"5":2,"6":3,"7":1,"8":1,"9":2,"10":2,"11":3,"12":1,"13":1,"14":1,"15":1,"16":1,"17":1,"18":0,"19":0,"20":0},"b":{"0":[4,2],"1":[3,1],"2":[4,4],"3":[4,4],"4":[8,1],"5":[1]},"meta":{"lastBranch":6,"lastFunction":21,"lastStatement":35,"seen":{"f:21:16:21:31":0,"s:22:2:36:Infinity":0,"f:33:18:33:Infinity":1,"s:34:8:34:Infinity":1,"f:40:9:40:15":2,"s:41:32:41:Infinity":2,"s:43:2:55:Infinity":3,"f:43:12:43:18":3,"s:44:21:44:Infinity":4,"b:44:21:44:39:44:39:44:Infinity":0,"b:45:4:53:Infinity:undefined:undefined:undefined:undefined":1,"s:45:4:53:Infinity":5,"s:46:20:49:Infinity":6,"f:46:31:46:37":4,"s:47:8:47:Infinity":7,"s:48:8:48:Infinity":8,"f:48:19:48:25":5,"s:48:25:48:46":9,"s:50:6:52:Infinity":10,"f:50:13:50:19":6,"s:51:8:51:Infinity":11,"s:54:4:54:Infinity":12,"f:54:11:54:17":7,"s:57:19:62:Infinity":13,"s:64:23:69:Infinity":14,"s:71:2:130:Infinity":15,"b:83:29:83:33:83:33:83:Infinity":2,"b:84:31:84:52:84:52:84:Infinity":3,"b:89:7:89:Infinity:90:8:107:Infinity":4,"f:91:19:91:25":8,"s:92:12:92:Infinity":16,"s:93:12:93:Infinity":17,"f:110:17:110:23":9,"s:111:10:111:Infinity":18,"s:112:10:112:Infinity":19,"f:112:21:112:27":10,"s:112:27:112:48":20,"f:135:16:135:27":11,"s:136:26:136:Infinity":21,"s:138:20:144:Infinity":22,"f:138:20:138:21":12,"b:138:56:138:64":5,"s:142:15:142:Infinity":23,"s:143:4:143:Infinity":24,"f:143:14:143:22":13,"s:143:22:143:66":25,"s:146:23:148:Infinity":26,"f:146:23:146:24":14,"s:147:4:147:Infinity":27,"f:147:14:147:22":15,"s:147:22:147:51":28,"f:147:34:147:39":16,"s:147:39:147:50":29,"s:150:2:158:Infinity":30,"f:154:13:154:14":17,"s:154:42:154:Infinity":31,"f:155:11:155:12":18,"s:155:40:155:Infinity":32,"f:156:10:156:11":19,"s:156:39:156:Infinity":33,"f:157:13:157:14":20,"s:157:42:157:Infinity":34}}}
,"D:\\WORK\\python_proj\\skills_tracking\\src\\components\\LevelEditor\\LevelEditor.tsx": {"path":"D:\\WORK\\python_proj\\skills_tracking\\src\\components\\LevelEditor\\LevelEditor.tsx","statementMap":{"0":{"start":{"line":13,"column":55},"end":{"line":97,"column":null}},"1":{"start":{"line":14,"column":42},"end":{"line":14,"column":null}},"2":{"start":{"line":15,"column":36},"end":{"line":15,"column":null}},"3":{"start":{"line":17,"column":21},"end":{"line":23,"column":null}},"4":{"start":{"line":18,"column":27},"end":{"line":21,"column":null}},"5":{"start":{"line":20,"column":38},"end":{"line":20,"column":96}},"6":{"start":{"line":22,"column":4},"end":{"line":22,"column":null}},"7":{"start":{"line":25,"column":22},"end":{"line":29,"column":null}},"8":{"start":{"line":26,"column":18},"end":{"line":26,"column":null}},"9":{"start":{"line":27,"column":4},"end":{"line":27,"column":null}},"10":{"start":{"line":27,"column":23},"end":{"line":27,"column":null}},"11":{"start":{"line":28,"column":4},"end":{"line":28,"column":null}},"12":{"start":{"line":31,"column":25},"end":{"line":42,"column":null}},"13":{"start":{"line":32,"column":18},"end":{"line":32,"column":null}},"14":{"start":{"line":32,"column":48},"end":{"line":32,"column":66}},"15":{"start":{"line":33,"column":4},"end":{"line":33,"column":null}},"16":{"start":{"line":33,"column":19},"end":{"line":33,"column":null}},"17":{"start":{"line":34,"column":18},"end":{"line":34,"column":null}},"18":{"start":{"line":35,"column":24},"end":{"line":35,"column":null}},"19":{"start":{"line":36,"column":4},"end":{"line":36,"column":null}},"20":{"start":{"line":36,"column":62},"end":{"line":36,"column":null}},"21":{"start":{"line":38,"column":18},"end":{"line":38,"column":null}},"22":{"start":{"line":39,"column":19},"end":{"line":39,"column":null}},"23":{"start":{"line":40,"column":4},"end":{"line":40,"column":null}},"24":{"start":{"line":41,"column":4},"end":{"line":41,"column":null}},"25":{"start":{"line":44,"column":27},"end":{"line":46,"column":null}},"26":{"start":{"line":45,"column":4},"end":{"line":45,"column":null}},"27":{"start":{"line":45,"column":59},"end":{"line":45,"column":77}},"28":{"start":{"line":48,"column":25},"end":{"line":51,"column":null}},"29":{"start":{"line":49,"column":4},"end":{"line":49,"column":null}},"30":{"start":{"line":50,"column":4},"end":{"line":50,"column":null}},"31":{"start":{"line":53,"column":27},"end":{"line":56,"column":null}},"32":{"start":{"line":54,"column":4},"end":{"line":54,"column":null}},"33":{"start":{"line":55,"column":4},"end":{"line":55,"column":null}},"34":{"start":{"line":58,"column":25},"end":{"line":67,"column":null}},"35":{"start":{"line":59,"column":4},"end":{"line":66,"column":null}},"36":{"start":{"line":60,"column":6},"end":{"line":63,"column":null}},"37":{"start":{"line":62,"column":44},"end":{"line":62,"column":86}},"38":{"start":{"line":65,"column":6},"end":{"line":65,"column":null}},"39":{"start":{"line":69,"column":2},"end":{"line":95,"column":null}},"40":{"start":{"line":88,"column":23},"end":{"line":88,"column":null}},"41":{"start":{"line":91,"column":10},"end":{"line":91,"column":null}},"42":{"start":{"line":92,"column":10},"end":{"line":92,"column":null}}},"fnMap":{"0":{"name":"(anonymous_0)","decl":{"start":{"line":13,"column":55},"end":{"line":13,"column":56}},"loc":{"start":{"line":13,"column":86},"end":{"line":97,"column":null}},"line":13},"1":{"name":"(anonymous_1)","decl":{"start":{"line":17,"column":21},"end":{"line":17,"column":22}},"loc":{"start":{"line":17,"column":41},"end":{"line":23,"column":null}},"line":17},"2":{"name":"(anonymous_2)","decl":{"start":{"line":20,"column":29},"end":{"line":20,"column":38}},"loc":{"start":{"line":20,"column":38},"end":{"line":20,"column":96}},"line":20},"3":{"name":"(anonymous_3)","decl":{"start":{"line":25,"column":22},"end":{"line":25,"column":28}},"loc":{"start":{"line":25,"column":28},"end":{"line":29,"column":null}},"line":25},"4":{"name":"(anonymous_4)","decl":{"start":{"line":31,"column":25},"end":{"line":31,"column":26}},"loc":{"start":{"line":31,"column":71},"end":{"line":42,"column":null}},"line":31},"5":{"name":"(anonymous_5)","decl":{"start":{"line":32,"column":40},"end":{"line":32,"column":48}},"loc":{"start":{"line":32,"column":48},"end":{"line":32,"column":66}},"line":32},"6":{"name":"(anonymous_6)","decl":{"start":{"line":44,"column":27},"end":{"line":44,"column":28}},"loc":{"start":{"line":44,"column":47},"end":{"line":46,"column":null}},"line":44},"7":{"name":"(anonymous_7)","decl":{"start":{"line":45,"column":51},"end":{"line":45,"column":59}},"loc":{"start":{"line":45,"column":59},"end":{"line":45,"column":77}},"line":45},"8":{"name":"(anonymous_8)","decl":{"start":{"line":48,"column":25},"end":{"line":48,"column":26}},"loc":{"start":{"line":48,"column":41},"end":{"line":51,"column":null}},"line":48},"9":{"name":"(anonymous_9)","decl":{"start":{"line":53,"column":27},"end":{"line":53,"column":33}},"loc":{"start":{"line":53,"column":33},"end":{"line":56,"column":null}},"line":53},"10":{"name":"(anonymous_10)","decl":{"start":{"line":58,"column":25},"end":{"line":58,"column":26}},"loc":{"start":{"line":58,"column":41},"end":{"line":67,"column":null}},"line":58},"11":{"name":"(anonymous_11)","decl":{"start":{"line":62,"column":31},"end":{"line":62,"column":44}},"loc":{"start":{"line":62,"column":44},"end":{"line":62,"column":86}},"line":62},"12":{"name":"(anonymous_12)","decl":{"start":{"line":88,"column":17},"end":{"line":88,"column":23}},"loc":{"start":{"line":88,"column":23},"end":{"line":88,"column":null}},"line":88},"13":{"name":"(anonymous_13)","decl":{"start":{"line":90,"column":16},"end":{"line":90,"column":24}},"loc":{"start":{"line":90,"column":24},"end":{"line":93,"column":null}},"line":90}},"branchMap":{"0":{"loc":{"start":{"line":20,"column":38},"end":{"line":20,"column":96}},"type":"cond-expr","locations":[{"start":{"line":20,"column":59},"end":{"line":20,"column":91}},{"start":{"line":20,"column":91},"end":{"line":20,"column":96}}],"line":20},"1":{"loc":{"start":{"line":27,"column":4},"end":{"line":27,"column":null}},"type":"if","locations":[{"start":{"line":27,"column":4},"end":{"line":27,"column":null}},{"start":{},"end":{}}],"line":27},"2":{"loc":{"start":{"line":33,"column":4},"end":{"line":33,"column":null}},"type":"if","locations":[{"start":{"line":33,"column":4},"end":{"line":33,"column":null}},{"start":{},"end":{}}],"line":33},"3":{"loc":{"start":{"line":34,"column":18},"end":{"line":34,"column":null}},"type":"cond-expr","locations":[{"start":{"line":34,"column":39},"end":{"line":34,"column":44}},{"start":{"line":34,"column":44},"end":{"line":34,"column":null}}],"line":34},"4":{"loc":{"start":{"line":36,"column":4},"end":{"line":36,"column":null}},"type":"if","locations":[{"start":{"line":36,"column":4},"end":{"line":36,"column":null}},{"start":{},"end":{}}],"line":36},"5":{"loc":{"start":{"line":36,"column":8},"end":{"line":36,"column":62}},"type":"binary-expr","locations":[{"start":{"line":36,"column":8},"end":{"line":36,"column":27}},{"start":{"line":36,"column":27},"end":{"line":36,"column":62}}],"line":36},"6":{"loc":{"start":{"line":59,"column":4},"end":{"line":66,"column":null}},"type":"if","locations":[{"start":{"line":59,"column":4},"end":{"line":66,"column":null}},{"start":{"line":64,"column":11},"end":{"line":66,"column":null}}],"line":59},"7":{"loc":{"start":{"line":62,"column":44},"end":{"line":62,"column":86}},"type":"cond-expr","locations":[{"start":{"line":62,"column":70},"end":{"line":62,"column":77}},{"start":{"line":62,"column":77},"end":{"line":62,"column":86}}],"line":62},"8":{"loc":{"start":{"line":82,"column":7},"end":{"line":83,"column":null}},"type":"binary-expr","locations":[{"start":{"line":82,"column":7},"end":{"line":82,"column":null}},{"start":{"line":83,"column":8},"end":{"line":83,"column":null}}],"line":82}},"s":{"0":1,"1":11,"2":11,"3":11,"4":2,"5":3,"6":2,"7":11,"8":1,"9":1,"10":0,"11":1,"12":11,"13":1,"14":1,"15":1,"16":0,"17":1,"18":1,"19":1,"20":0,"21":1,"22":1,"23":1,"24":1,"25":11,"26":1,"27":2,"28":11,"29":1,"30":1,"31":11,"32":1,"33":1,"34":11,"35":2,"36":1,"37":1,"38":1,"39":11,"40":2,"41":2,"42":2},"f":{"0":11,"1":2,"2":3,"3":1,"4":1,"5":1,"6":1,"7":2,"8":1,"9":1,"10":2,"11":1,"12":2,"13":2},"b":{"0":[2,1],"1":[0,1],"2":[0,1],"3":[0,1],"4":[0,1],"5":[1,1],"6":[1,1],"7":[1,0],"8":[11,10]},"meta":{"lastBranch":9,"lastFunction":14,"lastStatement":43,"seen":{"s:13:55:97:Infinity":0,"f:13:55:13:56":0,"s:14:42:14:Infinity":1,"s:15:36:15:Infinity":2,"s:17:21:23:Infinity":3,"f:17:21:17:22":1,"s:18:27:21:Infinity":4,"f:20:29:20:38":2,"s:20:38:20:96":5,"b:20:59:20:91:20:91:20:96":0,"s:22:4:22:Infinity":6,"s:25:22:29:Infinity":7,"f:25:22:25:28":3,"s:26:18:26:Infinity":8,"b:27:4:27:Infinity:undefined:undefined:undefined:undefined":1,"s:27:4:27:Infinity":9,"s:27:23:27:Infinity":10,"s:28:4:28:Infinity":11,"s:31:25:42:Infinity":12,"f:31:25:31:26":4,"s:32:18:32:Infinity":13,"f:32:40:32:48":5,"s:32:48:32:66":14,"b:33:4:33:Infinity:undefined:undefined:undefined:undefined":2,"s:33:4:33:Infinity":15,"s:33:19:33:Infinity":16,"s:34:18:34:Infinity":17,"b:34:39:34:44:34:44:34:Infinity":3,"s:35:24:35:Infinity":18,"b:36:4:36:Infinity:undefined:undefined:undefined:undefined":4,"s:36:4:36:Infinity":19,"b:36:8:36:27:36:27:36:62":5,"s:36:62:36:Infinity":20,"s:38:18:38:Infinity":21,"s:39:19:39:Infinity":22,"s:40:4:40:Infinity":23,"s:41:4:41:Infinity":24,"s:44:27:46:Infinity":25,"f:44:27:44:28":6,"s:45:4:45:Infinity":26,"f:45:51:45:59":7,"s:45:59:45:77":27,"s:48:25:51:Infinity":28,"f:48:25:48:26":8,"s:49:4:49:Infinity":29,"s:50:4:50:Infinity":30,"s:53:27:56:Infinity":31,"f:53:27:53:33":9,"s:54:4:54:Infinity":32,"s:55:4:55:Infinity":33,"s:58:25:67:Infinity":34,"f:58:25:58:26":10,"b:59:4:66:Infinity:64:11:66:Infinity":6,"s:59:4:66:Infinity":35,"s:60:6:63:Infinity":36,"f:62:31:62:44":11,"s:62:44:62:86":37,"b:62:70:62:77:62:77:62:86":7,"s:65:6:65:Infinity":38,"s:69:2:95:Infinity":39,"b:82:7:82:Infinity:83:8:83:Infinity":8,"f:88:17:88:23":12,"s:88:23:88:Infinity":40,"f:90:16:90:24":13,"s:91:10:91:Infinity":41,"s:92:10:92:Infinity":42}}}
,"D:\\WORK\\python_proj\\skills_tracking\\src\\components\\LevelEditor\\LevelHeader.tsx": {"path":"D:\\WORK\\python_proj\\skills_tracking\\src\\components\\LevelEditor\\LevelHeader.tsx","statementMap":{"0":{"start":{"line":10,"column":55},"end":{"line":20,"column":null}},"1":{"start":{"line":11,"column":2},"end":{"line":20,"column":null}}},"fnMap":{"0":{"name":"(anonymous_0)","decl":{"start":{"line":10,"column":55},"end":{"line":10,"column":56}},"loc":{"start":{"line":11,"column":2},"end":{"line":20,"column":null}},"line":11}},"branchMap":{"0":{"loc":{"start":{"line":15,"column":5},"end":{"line":18,"column":null}},"type":"binary-expr","locations":[{"start":{"line":15,"column":5},"end":{"line":15,"column":null}},{"start":{"line":16,"column":6},"end":{"line":18,"column":null}}],"line":15}},"s":{"0":1,"1":11},"f":{"0":11},"b":{"0":[11,10]},"meta":{"lastBranch":1,"lastFunction":1,"lastStatement":2,"seen":{"s:10:55:20:Infinity":0,"f:10:55:10:56":0,"s:11:2:20:Infinity":1,"b:15:5:15:Infinity:16:6:18:Infinity":0}}}
,"D:\\WORK\\python_proj\\skills_tracking\\src\\components\\LevelEditor\\TaskList.tsx": {"path":"D:\\WORK\\python_proj\\skills_tracking\\src\\components\\LevelEditor\\TaskList.tsx","statementMap":{"0":{"start":{"line":14,"column":49},"end":{"line":31,"column":null}},"1":{"start":{"line":15,"column":2},"end":{"line":31,"column":null}},"2":{"start":{"line":17,"column":6},"end":{"line":29,"column":null}},"3":{"start":{"line":23,"column":26},"end":{"line":23,"column":null}},"4":{"start":{"line":24,"column":24},"end":{"line":24,"column":null}},"5":{"start":{"line":25,"column":26},"end":{"line":25,"column":null}},"6":{"start":{"line":26,"column":26},"end":{"line":26,"column":null}},"7":{"start":{"line":27,"column":28},"end":{"line":27,"column":null}}},"fnMap":{"0":{"name":"(anonymous_0)","decl":{"start":{"line":14,"column":49},"end":{"line":14,"column":50}},"loc":{"start":{"line":15,"column":2},"end":{"line":31,"column":null}},"line":15},"1":{"name":"(anonymous_1)","decl":{"start":{"line":16,"column":15},"end":{"line":16,"column":16}},"loc":{"start":{"line":17,"column":6},"end":{"line":29,"column":null}},"line":17},"2":{"name":"(anonymous_2)","decl":{"start":{"line":23,"column":20},"end":{"line":23,"column":26}},"loc":{"start":{"line":23,"column":26},"end":{"line":23,"column":null}},"line":23},"3":{"name":"(anonymous_3)","decl":{"start":{"line":24,"column":18},"end":{"line":24,"column":24}},"loc":{"start":{"line":24,"column":24},"end":{"line":24,"column":null}},"line":24},"4":{"name":"(anonymous_4)","decl":{"start":{"line":25,"column":20},"end":{"line":25,"column":26}},"loc":{"start":{"line":25,"column":26},"end":{"line":25,"column":null}},"line":25},"5":{"name":"(anonymous_5)","decl":{"start":{"line":26,"column":20},"end":{"line":26,"column":26}},"loc":{"start":{"line":26,"column":26},"end":{"line":26,"column":null}},"line":26},"6":{"name":"(anonymous_6)","decl":{"start":{"line":27,"column":22},"end":{"line":27,"column":28}},"loc":{"start":{"line":27,"column":28},"end":{"line":27,"column":null}},"line":27}},"branchMap":{},"s":{"0":1,"1":11,"2":14,"3":2,"4":1,"5":1,"6":0,"7":1},"f":{"0":11,"1":14,"2":2,"3":1,"4":1,"5":0,"6":1},"b":{},"meta":{"lastBranch":0,"lastFunction":7,"lastStatement":8,"seen":{"s:14:49:31:Infinity":0,"f:14:49:14:50":0,"s:15:2:31:Infinity":1,"f:16:15:16:16":1,"s:17:6:29:Infinity":2,"f:23:20:23:26":2,"s:23:26:23:Infinity":3,"f:24:18:24:24":3,"s:24:24:24:Infinity":4,"f:25:20:25:26":4,"s:25:26:25:Infinity":5,"f:26:20:26:26":5,"s:26:26:26:Infinity":6,"f:27:22:27:28":6,"s:27:28:27:Infinity":7}}}
,"D:\\WORK\\python_proj\\skills_tracking\\src\\components\\LevelEditor\\TaskListItem.tsx": {"path":"D:\\WORK\\python_proj\\skills_tracking\\src\\components\\LevelEditor\\TaskListItem.tsx","statementMap":{"0":{"start":{"line":16,"column":57},"end":{"line":56,"column":null}},"1":{"start":{"line":27,"column":2},"end":{"line":56,"column":null}},"2":{"start":{"line":31,"column":8},"end":{"line":31,"column":null}},"3":{"start":{"line":31,"column":29},"end":{"line":31,"column":null}}},"fnMap":{"0":{"name":"(anonymous_0)","decl":{"start":{"line":16,"column":57},"end":{"line":16,"column":58}},"loc":{"start":{"line":27,"column":2},"end":{"line":56,"column":null}},"line":27},"1":{"name":"(anonymous_1)","decl":{"start":{"line":30,"column":15},"end":{"line":30,"column":21}},"loc":{"start":{"line":30,"column":21},"end":{"line":32,"column":null}},"line":30}},"branchMap":{"0":{"loc":{"start":{"line":31,"column":8},"end":{"line":31,"column":null}},"type":"if","locations":[{"start":{"line":31,"column":8},"end":{"line":31,"column":null}},{"start":{},"end":{}}],"line":31},"1":{"loc":{"start":{"line":33,"column":31},"end":{"line":33,"column":68}},"type":"cond-expr","locations":[{"start":{"line":33,"column":43},"end":{"line":33,"column":60}},{"start":{"line":33,"column":60},"end":{"line":33,"column":68}}],"line":33},"2":{"loc":{"start":{"line":33,"column":76},"end":{"line":33,"column":116}},"type":"cond-expr","locations":[{"start":{"line":33,"column":94},"end":{"line":33,"column":106}},{"start":{"line":33,"column":106},"end":{"line":33,"column":116}}],"line":33},"3":{"loc":{"start":{"line":34,"column":13},"end":{"line":34,"column":null}},"type":"binary-expr","locations":[{"start":{"line":34,"column":13},"end":{"line":34,"column":33}},{"start":{"line":34,"column":33},"end":{"line":34,"column":null}}],"line":34},"4":{"loc":{"start":{"line":37,"column":7},"end":{"line":37,"column":null}},"type":"cond-expr","locations":[{"start":{"line":37,"column":25},"end":{"line":37,"column":53}},{"start":{"line":37,"column":53},"end":{"line":37,"column":null}}],"line":37},"5":{"loc":{"start":{"line":40,"column":5},"end":{"line":54,"column":null}},"type":"binary-expr","locations":[{"start":{"line":40,"column":5},"end":{"line":40,"column":null}},{"start":{"line":41,"column":6},"end":{"line":54,"column":null}}],"line":40}},"s":{"0":2,"1":21,"2":2,"3":1},"f":{"0":21,"1":2},"b":{"0":[1,1],"1":[2,19],"2":[18,3],"3":[21,14],"4":[7,14],"5":[21,18]},"meta":{"lastBranch":6,"lastFunction":2,"lastStatement":4,"seen":{"s:16:57:56:Infinity":0,"f:16:57:16:58":0,"s:27:2:56:Infinity":1,"f:30:15:30:21":1,"b:31:8:31:Infinity:undefined:undefined:undefined:undefined":0,"s:31:8:31:Infinity":2,"s:31:29:31:Infinity":3,"b:33:43:33:60:33:60:33:68":1,"b:33:94:33:106:33:106:33:116":2,"b:34:13:34:33:34:33:34:Infinity":3,"b:37:25:37:53:37:53:37:Infinity":4,"b:40:5:40:Infinity:41:6:54:Infinity":5}}}
,"D:\\WORK\\python_proj\\skills_tracking\\src\\components\\MultiAssignTaskModal\\AssigneeSelector.tsx": {"path":"D:\\WORK\\python_proj\\skills_tracking\\src\\components\\MultiAssignTaskModal\\AssigneeSelector.tsx","statementMap":{"0":{"start":{"line":13,"column":65},"end":{"line":52,"column":null}},"1":{"start":{"line":20,"column":2},"end":{"line":52,"column":null}},"2":{"start":{"line":26,"column":27},"end":{"line":26,"column":null}},"3":{"start":{"line":36,"column":10},"end":{"line":48,"column":null}},"4":{"start":{"line":45,"column":33},"end":{"line":45,"column":null}}},"fnMap":{"0":{"name":"(anonymous_0)","decl":{"start":{"line":13,"column":65},"end":{"line":13,"column":66}},"loc":{"start":{"line":20,"column":2},"end":{"line":52,"column":null}},"line":20},"1":{"name":"(anonymous_1)","decl":{"start":{"line":26,"column":18},"end":{"line":26,"column":27}},"loc":{"start":{"line":26,"column":27},"end":{"line":26,"column":null}},"line":26},"2":{"name":"(anonymous_2)","decl":{"start":{"line":35,"column":29},"end":{"line":35,"column":null}},"loc":{"start":{"line":36,"column":10},"end":{"line":48,"column":null}},"line":36},"3":{"name":"(anonymous_3)","decl":{"start":{"line":45,"column":24},"end":{"line":45,"column":33}},"loc":{"start":{"line":45,"column":33},"end":{"line":45,"column":null}},"line":45}},"branchMap":{"0":{"loc":{"start":{"line":32,"column":7},"end":{"line":49,"column":null}},"type":"cond-expr","locations":[{"start":{"line":33,"column":8},"end":{"line":33,"column":null}},{"start":{"line":35,"column":8},"end":{"line":49,"column":null}}],"line":32},"1":{"loc":{"start":{"line":47,"column":51},"end":{"line":47,"column":104}},"type":"binary-expr","locations":[{"start":{"line":47,"column":51},"end":{"line":47,"column":71}},{"start":{"line":47,"column":71},"end":{"line":47,"column":91}},{"start":{"line":47,"column":91},"end":{"line":47,"column":104}}],"line":47}},"s":{"0":4,"1":56,"2":6,"3":57,"4":4},"f":{"0":56,"1":6,"2":57,"3":4},"b":{"0":[9,47],"1":[57,10,2]},"meta":{"lastBranch":2,"lastFunction":4,"lastStatement":5,"seen":{"s:13:65:52:Infinity":0,"f:13:65:13:66":0,"s:20:2:52:Infinity":1,"f:26:18:26:27":1,"s:26:27:26:Infinity":2,"b:33:8:33:Infinity:35:8:49:Infinity":0,"f:35:29:35:Infinity":2,"s:36:10:48:Infinity":3,"f:45:24:45:33":3,"s:45:33:45:Infinity":4,"b:47:51:47:71:47:71:47:91:47:91:47:104":1}}}
,"D:\\WORK\\python_proj\\skills_tracking\\src\\components\\MultiAssignTaskModal\\FormControls.tsx": {"path":"D:\\WORK\\python_proj\\skills_tracking\\src\\components\\MultiAssignTaskModal\\FormControls.tsx","statementMap":{"0":{"start":{"line":3,"column":42},"end":{"line":3,"column":null}},"1":{"start":{"line":17,"column":57},"end":{"line":73,"column":null}},"2":{"start":{"line":28,"column":2},"end":{"line":73,"column":null}},"3":{"start":{"line":35,"column":29},"end":{"line":35,"column":null}},"4":{"start":{"line":45,"column":29},"end":{"line":45,"column":null}},"5":{"start":{"line":49,"column":12},"end":{"line":49,"column":null}},"6":{"start":{"line":56,"column":69},"end":{"line":56,"column":109}},"7":{"start":{"line":65,"column":27},"end":{"line":65,"column":null}}},"fnMap":{"0":{"name":"(anonymous_0)","decl":{"start":{"line":17,"column":57},"end":{"line":17,"column":58}},"loc":{"start":{"line":28,"column":2},"end":{"line":73,"column":null}},"line":28},"1":{"name":"(anonymous_1)","decl":{"start":{"line":35,"column":20},"end":{"line":35,"column":29}},"loc":{"start":{"line":35,"column":29},"end":{"line":35,"column":null}},"line":35},"2":{"name":"(anonymous_2)","decl":{"start":{"line":45,"column":20},"end":{"line":45,"column":29}},"loc":{"start":{"line":45,"column":29},"end":{"line":45,"column":null}},"line":45},"3":{"name":"(anonymous_3)","decl":{"start":{"line":48,"column":34},"end":{"line":48,"column":null}},"loc":{"start":{"line":49,"column":12},"end":{"line":49,"column":null}},"line":49},"4":{"name":"(anonymous_4)","decl":{"start":{"line":56,"column":60},"end":{"line":56,"column":69}},"loc":{"start":{"line":56,"column":69},"end":{"line":56,"column":109}},"line":56},"5":{"name":"(anonymous_5)","decl":{"start":{"line":65,"column":18},"end":{"line":65,"column":27}},"loc":{"start":{"line":65,"column":27},"end":{"line":65,"column":null}},"line":65}},"branchMap":{"0":{"loc":{"start":{"line":72,"column":5},"end":{"line":72,"column":null}},"type":"binary-expr","locations":[{"start":{"line":72,"column":5},"end":{"line":72,"column":14}},{"start":{"line":72,"column":14},"end":{"line":72,"column":null}}],"line":72}},"s":{"0":4,"1":4,"2":50,"3":34,"4":2,"5":250,"6":3,"7":2},"f":{"0":50,"1":34,"2":2,"3":250,"4":3,"5":2},"b":{"0":[50,5]},"meta":{"lastBranch":1,"lastFunction":6,"lastStatement":8,"seen":{"s:3:42:3:Infinity":0,"s:17:57:73:Infinity":1,"f:17:57:17:58":0,"s:28:2:73:Infinity":2,"f:35:20:35:29":1,"s:35:29:35:Infinity":3,"f:45:20:45:29":2,"s:45:29:45:Infinity":4,"f:48:34:48:Infinity":3,"s:49:12:49:Infinity":5,"f:56:60:56:69":4,"s:56:69:56:109":6,"f:65:18:65:27":5,"s:65:27:65:Infinity":7,"b:72:5:72:14:72:14:72:Infinity":0}}}
[...]
n":6},"end":{"line":15,"column":null}},{"start":{},"end":{}}],"line":15},"3":{"loc":{"start":{"line":16,"column":6},"end":{"line":20,"column":null}},"type":"if","locations":[{"start":{"line":16,"column":6},"end":{"line":20,"column":null}},{"start":{},"end":{}}],"line":16},"4":{"loc":{"start":{"line":42,"column":20},"end":{"line":42,"column":66}},"type":"binary-expr","locations":[{"start":{"line":42,"column":20},"end":{"line":42,"column":65}},{"start":{"line":42,"column":65},"end":{"line":42,"column":66}}],"line":42},"5":{"loc":{"start":{"line":48,"column":18},"end":{"line":48,"column":null}},"type":"cond-expr","locations":[{"start":{"line":48,"column":36},"end":{"line":48,"column":99}},{"start":{"line":48,"column":99},"end":{"line":48,"column":null}}],"line":48},"6":{"loc":{"start":{"line":51,"column":18},"end":{"line":51,"column":58}},"type":"binary-expr","locations":[{"start":{"line":51,"column":18},"end":{"line":51,"column":40}},{"start":{"line":51,"column":40},"end":{"line":51,"column":58}}],"line":51},"7":{"loc":{"start":{"line":52,"column":17},"end":{"line":52,"column":35}},"type":"binary-expr","locations":[{"start":{"line":52,"column":17},"end":{"line":52,"column":30}},{"start":{"line":52,"column":30},"end":{"line":52,"column":35}}],"line":52}},"s":{"0":12,"1":18,"2":18,"3":7,"4":7,"5":8,"6":8,"7":5,"8":8,"9":7,"10":7,"11":7,"12":18,"13":12,"14":6,"15":6,"16":6,"17":5,"18":6,"19":5,"20":6,"21":6,"22":5,"23":5,"24":5,"25":6},"f":{"0":18,"1":7,"2":8,"3":6,"4":6,"5":6,"6":5,"7":5,"8":5},"b":{"0":[7,0],"1":[8,1],"2":[5,3],"3":[7,1],"4":[6,0],"5":[2,4],"6":[5,1],"7":[5,4]},"meta":{"lastBranch":8,"lastFunction":9,"lastStatement":26,"seen":{"s:5:31:25:Infinity":0,"f:5:31:5:Infinity":0,"s:9:16:9:Infinity":1,"s:11:2:22:Infinity":2,"f:11:19:11:30":1,"s:12:19:12:Infinity":3,"b:12:19:12:53:12:53:12:Infinity":0,"s:13:4:21:Infinity":4,"f:13:35:13:36":2,"s:14:18:14:Infinity":5,"b:14:18:14:35:14:35:14:Infinity":1,"b:15:6:15:Infinity:undefined:undefined:undefined:undefined":2,"s:15:6:15:Infinity":6,"s:15:31:15:Infinity":7,"b:16:6:20:Infinity:undefined:undefined:undefined:undefined":3,"s:16:6:20:Infinity":8,"s:17:22:17:Infinity":9,"s:18:8:18:Infinity":10,"s:19:8:19:Infinity":11,"s:24:2:24:Infinity":12,"s:34:35:62:Infinity":13,"f:34:35:34:Infinity":3,"s:39:28:45:Infinity":14,"f:40:9:40:21":4,"s:40:21:43:6":15,"b:42:20:42:65:42:65:42:66":4,"f:44:12:44:21":5,"s:44:21:44:36":16,"f:45:10:45:11":6,"s:45:20:45:37":17,"s:47:22:47:Infinity":18,"f:47:47:47:48":7,"s:47:63:47:82":19,"s:48:18:48:Infinity":20,"b:48:36:48:99:48:99:48:Infinity":5,"s:50:17:54:Infinity":21,"f:50:66:50:67":8,"s:51:10:51:Infinity":22,"b:51:18:51:40:51:40:51:58":6,"s:52:4:52:Infinity":23,"b:52:17:52:30:52:30:52:35":7,"s:53:4:53:Infinity":24,"s:56:2:61:Infinity":25}}}
,"D:\\WORK\\python_proj\\skills_tracking\\src\\utils\\tasks\\similarity.ts": {"path":"D:\\WORK\\python_proj\\skills_tracking\\src\\utils\\tasks\\similarity.ts","statementMap":{"0":{"start":{"line":5,"column":8},"end":{"line":5,"column":null}},"1":{"start":{"line":6,"column":17},"end":{"line":6,"column":null}},"2":{"start":{"line":6,"column":54},"end":{"line":6,"column":71}},"3":{"start":{"line":7,"column":2},"end":{"line":7,"column":null}},"4":{"start":{"line":11,"column":2},"end":{"line":11,"column":null}},"5":{"start":{"line":11,"column":26},"end":{"line":11,"column":null}},"6":{"start":{"line":13,"column":21},"end":{"line":13,"column":null}},"7":{"start":{"line":14,"column":2},"end":{"line":16,"column":null}},"8":{"start":{"line":15,"column":4},"end":{"line":15,"column":null}},"9":{"start":{"line":15,"column":22},"end":{"line":15,"column":null}},"10":{"start":{"line":18,"column":16},"end":{"line":18,"column":null}},"11":{"start":{"line":19,"column":2},"end":{"line":19,"column":null}},"12":{"start":{"line":32,"column":73},"end":{"line":32,"column":null}},"13":{"start":{"line":33,"column":14},"end":{"line":33,"column":null}},"14":{"start":{"line":34,"column":22},"end":{"line":34,"column":null}},"15":{"start":{"line":36,"column":14},"end":{"line":36,"column":null}},"16":{"start":{"line":37,"column":2},"end":{"line":50,"column":null}},"17":{"start":{"line":38,"column":4},"end":{"line":38,"column":null}},"18":{"start":{"line":38,"column":64},"end":{"line":38,"column":null}},"19":{"start":{"line":39,"column":22},"end":{"line":39,"column":null}},"20":{"start":{"line":40,"column":4},"end":{"line":40,"column":null}},"21":{"start":{"line":40,"column":51},"end":{"line":40,"column":null}},"22":{"start":{"line":41,"column":4},"end":{"line":41,"column":null}},"23":{"start":{"line":41,"column":52},"end":{"line":41,"column":null}},"24":{"start":{"line":43,"column":20},"end":{"line":45,"column":null}},"25":{"start":{"line":44,"column":6},"end":{"line":44,"column":null}},"26":{"start":{"line":44,"column":72},"end":{"line":44,"column":97}},"27":{"start":{"line":46,"column":4},"end":{"line":46,"column":null}},"28":{"start":{"line":46,"column":18},"end":{"line":46,"column":null}},"29":{"start":{"line":48,"column":23},"end":{"line":48,"column":null}},"30":{"start":{"line":49,"column":4},"end":{"line":49,"column":null}},"31":{"start":{"line":49,"column":27},"end":{"line":49,"column":null}},"32":{"start":{"line":52,"column":2},"end":{"line":52,"column":null}},"33":{"start":{"line":68,"column":16},"end":{"line":68,"column":null}},"34":{"start":{"line":69,"column":8},"end":{"line":74,"column":null}},"35":{"start":{"line":75,"column":2},"end":{"line":75,"column":null}}},"fnMap":{"0":{"name":"tokenize","decl":{"start":{"line":4,"column":16},"end":{"line":4,"column":25}},"loc":{"start":{"line":4,"column":52},"end":{"line":8,"column":null}},"line":4},"1":{"name":"(anonymous_1)","decl":{"start":{"line":6,"column":45},"end":{"line":6,"column":54}},"loc":{"start":{"line":6,"column":54},"end":{"line":6,"column":71}},"line":6},"2":{"name":"jaccard","decl":{"start":{"line":10,"column":16},"end":{"line":10,"column":24}},"loc":{"start":{"line":10,"column":64},"end":{"line":20,"column":null}},"line":10},"3":{"name":"countSimilarForTaskLine","decl":{"start":{"line":22,"column":16},"end":{"line":22,"column":null}},"loc":{"start":{"line":31,"column":10},"end":{"line":53,"column":null}},"line":31},"4":{"name":"(anonymous_4)","decl":{"start":{"line":43,"column":40},"end":{"line":43,"column":null}},"loc":{"start":{"line":44,"column":6},"end":{"line":44,"column":null}},"line":44},"5":{"name":"(anonymous_5)","decl":{"start":{"line":44,"column":63},"end":{"line":44,"column":72}},"loc":{"start":{"line":44,"column":72},"end":{"line":44,"column":97}},"line":44},"6":{"name":"repetitionFactorFromTasks","decl":{"start":{"line":55,"column":16},"end":{"line":55,"column":null}},"loc":{"start":{"line":67,"column":37},"end":{"line":76,"column":null}},"line":67}},"branchMap":{"0":{"loc":{"start":{"line":5,"column":19},"end":{"line":5,"column":31}},"type":"binary-expr","locations":[{"start":{"line":5,"column":19},"end":{"line":5,"column":27}},{"start":{"line":5,"column":27},"end":{"line":5,"column":31}}],"line":5},"1":{"loc":{"start":{"line":11,"column":2},"end":{"line":11,"column":null}},"type":"if","locations":[{"start":{"line":11,"column":2},"end":{"line":11,"column":null}},{"start":{},"end":{}}],"line":11},"2":{"loc":{"start":{"line":11,"column":6},"end":{"line":11,"column":26}},"type":"binary-expr","locations":[{"start":{"line":11,"column":6},"end":{"line":11,"column":17}},{"start":{"line":11,"column":17},"end":{"line":11,"column":26}}],"line":11},"3":{"loc":{"start":{"line":15,"column":4},"end":{"line":15,"column":null}},"type":"if","locations":[{"start":{"line":15,"column":4},"end":{"line":15,"column":null}},{"start":{},"end":{}}],"line":15},"4":{"loc":{"start":{"line":19,"column":9},"end":{"line":19,"column":null}},"type":"cond-expr","locations":[{"start":{"line":19,"column":23},"end":{"line":19,"column":27}},{"start":{"line":19,"column":27},"end":{"line":19,"column":null}}],"line":19},"5":{"loc":{"start":{"line":32,"column":42},"end":{"line":32,"column":54}},"type":"default-arg","locations":[{"start":{"line":32,"column":50},"end":{"line":32,"column":54}}],"line":32},"6":{"loc":{"start":{"line":32,"column":54},"end":{"line":32,"column":69}},"type":"default-arg","locations":[{"start":{"line":32,"column":67},"end":{"line":32,"column":69}}],"line":32},"7":{"loc":{"start":{"line":38,"column":4},"end":{"line":38,"column":null}},"type":"if","locations":[{"start":{"line":38,"column":4},"end":{"line":38,"column":null}},{"start":{},"end":{}}],"line":38},"8":{"loc":{"start":{"line":38,"column":8},"end":{"line":38,"column":64}},"type":"binary-expr","locations":[{"start":{"line":38,"column":8},"end":{"line":38,"column":34}},{"start":{"line":38,"column":34},"end":{"line":38,"column":64}}],"line":38},"9":{"loc":{"start":{"line":39,"column":22},"end":{"line":39,"column":null}},"type":"binary-expr","locations":[{"start":{"line":39,"column":22},"end":{"line":39,"column":41}},{"start":{"line":39,"column":41},"end":{"line":39,"column":61}},{"start":{"line":39,"column":61},"end":{"line":39,"column":null}}],"line":39},"10":{"loc":{"start":{"line":40,"column":4},"end":{"line":40,"column":null}},"type":"if","locations":[{"start":{"line":40,"column":4},"end":{"line":40,"column":null}},{"start":{},"end":{}}],"line":40},"11":{"loc":{"start":{"line":41,"column":4},"end":{"line":41,"column":null}},"type":"if","locations":[{"start":{"line":41,"column":4},"end":{"line":41,"column":null}},{"start":{},"end":{}}],"line":41},"12":{"loc":{"start":{"line":44,"column":6},"end":{"line":44,"column":null}},"type":"binary-expr","locations":[{"start":{"line":44,"column":6},"end":{"line":44,"column":42}},{"start":{"line":44,"column":42},"end":{"line":44,"column":null}}],"line":44},"13":{"loc":{"start":{"line":46,"column":4},"end":{"line":46,"column":null}},"type":"if","locations":[{"start":{"line":46,"column":4},"end":{"line":46,"column":null}},{"start":{},"end":{}}],"line":46},"14":{"loc":{"start":{"line":48,"column":53},"end":{"line":48,"column":69}},"type":"binary-expr","locations":[{"start":{"line":48,"column":53},"end":{"line":48,"column":67}},{"start":{"line":48,"column":67},"end":{"line":48,"column":69}}],"line":48},"15":{"loc":{"start":{"line":49,"column":4},"end":{"line":49,"column":null}},"type":"if","locations":[{"start":{"line":49,"column":4},"end":{"line":49,"column":null}},{"start":{},"end":{}}],"line":49},"16":{"loc":{"start":{"line":71,"column":4},"end":{"line":71,"column":null}},"type":"binary-expr","locations":[{"start":{"line":71,"column":4},"end":{"line":71,"column":24}},{"start":{"line":71,"column":24},"end":{"line":71,"column":null}}],"line":71},"17":{"loc":{"start":{"line":72,"column":4},"end":{"line":72,"column":null}},"type":"binary-expr","locations":[{"start":{"line":72,"column":4},"end":{"line":72,"column":19}},{"start":{"line":72,"column":19},"end":{"line":72,"column":null}}],"line":72},"18":{"loc":{"start":{"line":73,"column":4},"end":{"line":73,"column":null}},"type":"binary-expr","locations":[{"start":{"line":73,"column":4},"end":{"line":73,"column":24}},{"start":{"line":73,"column":24},"end":{"line":73,"column":null}}],"line":73}},"s":{"0":45,"1":45,"2":94,"3":45,"4":15,"5":1,"6":14,"7":14,"8":34,"9":30,"10":14,"11":14,"12":31,"13":31,"14":31,"15":31,"16":31,"17":18,"18":2,"19":16,"20":18,"21":3,"22":13,"23":1,"24":12,"25":12,"26":11,"27":12,"28":1,"29":11,"30":18,"31":11,"32":31,"33":29,"34":29,"35":29},"f":{"0":45,"1":94,"2":15,"3":31,"4":12,"5":11,"6":29},"b":{"0":[45,12],"1":[1,14],"2":[15,1],"3":[30,4],"4":[0,14],"5":[31],"6":[31],"7":[2,16],"8":[18,2],"9":[16,0,0],"10":[3,15],"11":[1,12],"12":[12,11],"13":[1,11],"14":[11,0],"15":[11,7],"16":[29,27],"17":[29,27],"18":[29,28]},"meta":{"lastBranch":19,"lastFunction":7,"lastStatement":36,"seen":{"f:4:16:4:25":0,"s:5:8:5:Infinity":0,"b:5:19:5:27:5:27:5:31":0,"s:6:17:6:Infinity":1,"f:6:45:6:54":1,"s:6:54:6:71":2,"s:7:2:7:Infinity":3,"f:10:16:10:24":2,"b:11:2:11:Infinity:undefined:undefined:undefined:undefined":1,"s:11:2:11:Infinity":4,"b:11:6:11:17:11:17:11:26":2,"s:11:26:11:Infinity":5,"s:13:21:13:Infinity":6,"s:14:2:16:Infinity":7,"b:15:4:15:Infinity:undefined:undefined:undefined:undefined":3,"s:15:4:15:Infinity":8,"s:15:22:15:Infinity":9,"s:18:16:18:Infinity":10,"s:19:2:19:Infinity":11,"b:19:23:19:27:19:27:19:Infinity":4,"f:22:16:22:Infinity":3,"s:32:73:32:Infinity":12,"b:32:50:32:54":5,"b:32:67:32:69":6,"s:33:14:33:Infinity":13,"s:34:22:34:Infinity":14,"s:36:14:36:Infinity":15,"s:37:2:50:Infinity":16,"b:38:4:38:Infinity:undefined:undefined:undefined:undefined":7,"s:38:4:38:Infinity":17,"b:38:8:38:34:38:34:38:64":8,"s:38:64:38:Infinity":18,"s:39:22:39:Infinity":19,"b:39:22:39:41:39:41:39:61:39:61:39:Infinity":9,"b:40:4:40:Infinity:undefined:undefined:undefined:undefined":10,"s:40:4:40:Infinity":20,"s:40:51:40:Infinity":21,"b:41:4:41:Infinity:undefined:undefined:undefined:undefined":11,"s:41:4:41:Infinity":22,"s:41:52:41:Infinity":23,"s:43:20:45:Infinity":24,"f:43:40:43:Infinity":4,"s:44:6:44:Infinity":25,"b:44:6:44:42:44:42:44:Infinity":12,"f:44:63:44:72":5,"s:44:72:44:97":26,"b:46:4:46:Infinity:undefined:undefined:undefined:undefined":13,"s:46:4:46:Infinity":27,"s:46:18:46:Infinity":28,"s:48:23:48:Infinity":29,"b:48:53:48:67:48:67:48:69":14,"b:49:4:49:Infinity:undefined:undefined:undefined:undefined":15,"s:49:4:49:Infinity":30,"s:49:27:49:Infinity":31,"s:52:2:52:Infinity":32,"f:55:16:55:Infinity":6,"s:68:16:68:Infinity":33,"s:69:8:74:Infinity":34,"b:71:4:71:24:71:24:71:Infinity":16,"b:72:4:72:19:72:19:72:Infinity":17,"b:73:4:73:24:73:24:73:Infinity":18,"s:75:2:75:Infinity":35}}}
,"D:\\WORK\\python_proj\\skills_tracking\\src\\utils\\tasks\\xp.ts": {"path":"D:\\WORK\\python_proj\\skills_tracking\\src\\utils\\tasks\\xp.ts","statementMap":{"0":{"start":{"line":1,"column":39},"end":{"line":13,"column":null}},"1":{"start":{"line":16,"column":2},"end":{"line":16,"column":null}},"2":{"start":{"line":20,"column":56},"end":{"line":20,"column":null}},"3":{"start":{"line":21,"column":2},"end":{"line":25,"column":null}},"4":{"start":{"line":21,"column":15},"end":{"line":21,"column":64}},"5":{"start":{"line":22,"column":4},"end":{"line":24,"column":null}},"6":{"start":{"line":23,"column":6},"end":{"line":23,"column":null}},"7":{"start":{"line":26,"column":2},"end":{"line":26,"column":null}},"8":{"start":{"line":29,"column":72},"end":{"line":35,"column":null}},"9":{"start":{"line":38,"column":2},"end":{"line":38,"column":null}},"10":{"start":{"line":47,"column":2},"end":{"line":47,"column":null}},"11":{"start":{"line":47,"column":38},"end":{"line":47,"column":null}},"12":{"start":{"line":48,"column":8},"end":{"line":48,"column":null}},"13":{"start":{"line":49,"column":2},"end":{"line":49,"column":null}},"14":{"start":{"line":59,"column":95},"end":{"line":59,"column":null}},"15":{"start":{"line":60,"column":15},"end":{"line":60,"column":null}},"16":{"start":{"line":61,"column":22},"end":{"line":61,"column":null}},"17":{"start":{"line":62,"column":14},"end":{"line":62,"column":null}},"18":{"start":{"line":63,"column":22},"end":{"line":63,"column":null}},"19":{"start":{"line":64,"column":2},"end":{"line":64,"column":null}}},"fnMap":{"0":{"name":"xpThresholdForLevel","decl":{"start":{"line":15,"column":16},"end":{"line":15,"column":36}},"loc":{"start":{"line":15,"column":95},"end":{"line":17,"column":null}},"line":15},"1":{"name":"levelFromXp","decl":{"start":{"line":19,"column":16},"end":{"line":19,"column":28}},"loc":{"start":{"line":19,"column":84},"end":{"line":27,"column":null}},"line":19},"2":{"name":"clampModifier","decl":{"start":{"line":37,"column":16},"end":{"line":37,"column":30}},"loc":{"start":{"line":37,"column":73},"end":{"line":39,"column":null}},"line":37},"3":{"name":"diminishingReturns","decl":{"start":{"line":41,"column":16},"end":{"line":41,"column":null}},"loc":{"start":{"line":46,"column":10},"end":{"line":50,"column":null}},"line":46},"4":{"name":"computeSuggestedXp","decl":{"start":{"line":52,"column":16},"end":{"line":52,"column":35}},"loc":{"start":{"line":58,"column":11},"end":{"line":65,"column":null}},"line":58}},"branchMap":{"0":{"loc":{"start":{"line":16,"column":9},"end":{"line":16,"column":null}},"type":"binary-expr","locations":[{"start":{"line":16,"column":9},"end":{"line":16,"column":33}},{"start":{"line":16,"column":33},"end":{"line":16,"column":null}}],"line":16},"1":{"loc":{"start":{"line":22,"column":4},"end":{"line":24,"column":null}},"type":"if","locations":[{"start":{"line":22,"column":4},"end":{"line":24,"column":null}},{"start":{},"end":{}}],"line":22},"2":{"loc":{"start":{"line":37,"column":43},"end":{"line":37,"column":54}},"type":"default-arg","locations":[{"start":{"line":37,"column":49},"end":{"line":37,"column":54}}],"line":37},"3":{"loc":{"start":{"line":37,"column":54},"end":{"line":37,"column":73}},"type":"default-arg","locations":[{"start":{"line":37,"column":60},"end":{"line":37,"column":73}}],"line":37},"4":{"loc":{"start":{"line":43,"column":2},"end":{"line":43,"column":null}},"type":"default-arg","locations":[{"start":{"line":43,"column":14},"end":{"line":43,"column":null}}],"line":43},"5":{"loc":{"start":{"line":44,"column":2},"end":{"line":44,"column":null}},"type":"default-arg","locations":[{"start":{"line":44,"column":9},"end":{"line":44,"column":null}}],"line":44},"6":{"loc":{"start":{"line":45,"column":2},"end":{"line":45,"column":null}},"type":"default-arg","locations":[{"start":{"line":45,"column":14},"end":{"line":45,"column":null}}],"line":45},"7":{"loc":{"start":{"line":47,"column":2},"end":{"line":47,"column":null}},"type":"if","locations":[{"start":{"line":47,"column":2},"end":{"line":47,"column":null}},{"start":{},"end":{}}],"line":47},"8":{"loc":{"start":{"line":59,"column":22},"end":{"line":59,"column":40}},"type":"default-arg","locations":[{"start":{"line":59,"column":33},"end":{"line":59,"column":40}}],"line":59},"9":{"loc":{"start":{"line":59,"column":40},"end":{"line":59,"column":55}},"type":"default-arg","locations":[{"start":{"line":59,"column":52},"end":{"line":59,"column":55}}],"line":59},"10":{"loc":{"start":{"line":59,"column":55},"end":{"line":59,"column":71}},"type":"default-arg","locations":[{"start":{"line":59,"column":68},"end":{"line":59,"column":71}}],"line":59},"11":{"loc":{"start":{"line":59,"column":71},"end":{"line":59,"column":91}},"type":"default-arg","locations":[{"start":{"line":59,"column":89},"end":{"line":59,"column":91}}],"line":59},"12":{"loc":{"start":{"line":61,"column":22},"end":{"line":61,"column":null}},"type":"cond-expr","locations":[{"start":{"line":61,"column":33},"end":{"line":61,"column":39}},{"start":{"line":61,"column":39},"end":{"line":61,"column":null}}],"line":61}},"s":{"0":11,"1":173,"2":242,"3":242,"4":242,"5":2662,"6":274,"7":242,"8":11,"9":22,"10":48,"11":45,"12":3,"13":3,"14":19,"15":19,"16":19,"17":19,"18":19,"19":19},"f":{"0":173,"1":242,"2":22,"3":48,"4":19},"b":{"0":[173,0],"1":[274,2388],"2":[22],"3":[22],"4":[48],"5":[48],"6":[48],"7":[45,3],"8":[19],"9":[19],"10":[19],"11":[19],"12":[18,1]},"meta":{"lastBranch":13,"lastFunction":5,"lastStatement":20,"seen":{"s:1:39:13:Infinity":0,"f:15:16:15:36":0,"s:16:2:16:Infinity":1,"b:16:9:16:33:16:33:16:Infinity":0,"f:19:16:19:28":1,"s:20:56:20:Infinity":2,"s:21:2:25:Infinity":3,"s:21:15:21:64":4,"b:22:4:24:Infinity:undefined:undefined:undefined:undefined":1,"s:22:4:24:Infinity":5,"s:23:6:23:Infinity":6,"s:26:2:26:Infinity":7,"s:29:72:35:Infinity":8,"f:37:16:37:30":2,"b:37:49:37:54":2,"b:37:60:37:73":3,"s:38:2:38:Infinity":9,"f:41:16:41:Infinity":3,"b:43:14:43:Infinity":4,"b:44:9:44:Infinity":5,"b:45:14:45:Infinity":6,"b:47:2:47:Infinity:undefined:undefined:undefined:undefined":7,"s:47:2:47:Infinity":10,"s:47:38:47:Infinity":11,"s:48:8:48:Infinity":12,"s:49:2:49:Infinity":13,"f:52:16:52:35":4,"s:59:95:59:Infinity":14,"b:59:33:59:40":8,"b:59:52:59:55":9,"b:59:68:59:71":10,"b:59:89:59:91":11,"s:60:15:60:Infinity":15,"s:61:22:61:Infinity":16,"b:61:33:61:39:61:39:61:Infinity":12,"s:62:14:62:Infinity":17,"s:63:22:63:Infinity":18,"s:64:2:64:Infinity":19}}}
}
